python /home/drr342/dl/assignments/hw3/examples/word_language_model/main.py --data /home/drr342/dl/assignments/hw3/examples/word_language_model/data/wikitext-2 --save /home/drr342/dl/assignments/hw3/models/GRU'_'200'_'2'_'16.pt --cuda --model GRU --epochs 10 --emsize 200 --nlayers 2 --bptt 16

| epoch   1 |   200/ 6526 batches | lr 20.00 | ms/batch 26.01 | loss  9.01 | ppl  8167.92
| epoch   1 |   400/ 6526 batches | lr 20.00 | ms/batch 25.56 | loss  7.23 | ppl  1381.51
| epoch   1 |   600/ 6526 batches | lr 20.00 | ms/batch 25.58 | loss  6.74 | ppl   842.73
| epoch   1 |   800/ 6526 batches | lr 20.00 | ms/batch 25.14 | loss  6.50 | ppl   667.54
| epoch   1 |  1000/ 6526 batches | lr 20.00 | ms/batch 25.11 | loss  6.33 | ppl   561.01
| epoch   1 |  1200/ 6526 batches | lr 20.00 | ms/batch 25.57 | loss  6.22 | ppl   503.10
| epoch   1 |  1400/ 6526 batches | lr 20.00 | ms/batch 25.11 | loss  6.05 | ppl   422.11
| epoch   1 |  1600/ 6526 batches | lr 20.00 | ms/batch 25.17 | loss  6.04 | ppl   421.26
| epoch   1 |  1800/ 6526 batches | lr 20.00 | ms/batch 25.12 | loss  6.06 | ppl   427.51
| epoch   1 |  2000/ 6526 batches | lr 20.00 | ms/batch 25.15 | loss  6.01 | ppl   408.47
| epoch   1 |  2200/ 6526 batches | lr 20.00 | ms/batch 25.14 | loss  5.99 | ppl   400.13
| epoch   1 |  2400/ 6526 batches | lr 20.00 | ms/batch 25.57 | loss  5.96 | ppl   386.96
| epoch   1 |  2600/ 6526 batches | lr 20.00 | ms/batch 25.63 | loss  5.97 | ppl   389.91
| epoch   1 |  2800/ 6526 batches | lr 20.00 | ms/batch 25.17 | loss  5.97 | ppl   391.74
| epoch   1 |  3000/ 6526 batches | lr 20.00 | ms/batch 25.62 | loss  5.93 | ppl   374.73
| epoch   1 |  3200/ 6526 batches | lr 20.00 | ms/batch 25.17 | loss  5.92 | ppl   371.55
| epoch   1 |  3400/ 6526 batches | lr 20.00 | ms/batch 25.58 | loss  6.01 | ppl   407.22
| epoch   1 |  3600/ 6526 batches | lr 20.00 | ms/batch 25.60 | loss  5.92 | ppl   373.94
| epoch   1 |  3800/ 6526 batches | lr 20.00 | ms/batch 26.00 | loss  5.86 | ppl   350.57
| epoch   1 |  4000/ 6526 batches | lr 20.00 | ms/batch 25.15 | loss  5.90 | ppl   364.95
| epoch   1 |  4200/ 6526 batches | lr 20.00 | ms/batch 25.60 | loss  5.90 | ppl   366.79
| epoch   1 |  4400/ 6526 batches | lr 20.00 | ms/batch 25.09 | loss  5.89 | ppl   359.65
| epoch   1 |  4600/ 6526 batches | lr 20.00 | ms/batch 25.15 | loss  5.90 | ppl   366.52
| epoch   1 |  4800/ 6526 batches | lr 20.00 | ms/batch 25.12 | loss  5.84 | ppl   345.39
| epoch   1 |  5000/ 6526 batches | lr 20.00 | ms/batch 26.08 | loss  5.91 | ppl   369.41
| epoch   1 |  5200/ 6526 batches | lr 20.00 | ms/batch 26.02 | loss  6.07 | ppl   432.80
| epoch   1 |  5400/ 6526 batches | lr 20.00 | ms/batch 25.14 | loss  6.12 | ppl   455.47
| epoch   1 |  5600/ 6526 batches | lr 20.00 | ms/batch 25.63 | loss  6.23 | ppl   506.62
| epoch   1 |  5800/ 6526 batches | lr 20.00 | ms/batch 25.16 | loss  6.29 | ppl   541.42
| epoch   1 |  6000/ 6526 batches | lr 20.00 | ms/batch 25.11 | loss  6.26 | ppl   523.03
| epoch   1 |  6200/ 6526 batches | lr 20.00 | ms/batch 25.57 | loss  6.26 | ppl   523.11
| epoch   1 |  6400/ 6526 batches | lr 20.00 | ms/batch 25.61 | loss  6.26 | ppl   522.57
-----------------------------------------------------------------------------------------
| end of epoch   1 | time: 172.45s | valid loss  6.04 | valid ppl   418.97
-----------------------------------------------------------------------------------------
| epoch   2 |   200/ 6526 batches | lr 20.00 | ms/batch 25.88 | loss  6.31 | ppl   552.58
| epoch   2 |   400/ 6526 batches | lr 20.00 | ms/batch 26.24 | loss  6.26 | ppl   523.95
| epoch   2 |   600/ 6526 batches | lr 20.00 | ms/batch 25.76 | loss  6.20 | ppl   493.88
| epoch   2 |   800/ 6526 batches | lr 20.00 | ms/batch 25.80 | loss  6.25 | ppl   519.23
| epoch   2 |  1000/ 6526 batches | lr 20.00 | ms/batch 25.77 | loss  6.17 | ppl   478.60
| epoch   2 |  1200/ 6526 batches | lr 20.00 | ms/batch 25.73 | loss  6.14 | ppl   461.93
| epoch   2 |  1400/ 6526 batches | lr 20.00 | ms/batch 25.72 | loss  6.03 | ppl   414.38
| epoch   2 |  1600/ 6526 batches | lr 20.00 | ms/batch 25.78 | loss  6.11 | ppl   450.01
| epoch   2 |  1800/ 6526 batches | lr 20.00 | ms/batch 25.77 | loss  6.15 | ppl   467.65
| epoch   2 |  2000/ 6526 batches | lr 20.00 | ms/batch 26.22 | loss  6.13 | ppl   458.57
| epoch   2 |  2200/ 6526 batches | lr 20.00 | ms/batch 26.20 | loss  6.11 | ppl   448.33
| epoch   2 |  2400/ 6526 batches | lr 20.00 | ms/batch 26.62 | loss  6.15 | ppl   468.44
| epoch   2 |  2600/ 6526 batches | lr 20.00 | ms/batch 26.25 | loss  6.13 | ppl   460.44
| epoch   2 |  2800/ 6526 batches | lr 20.00 | ms/batch 26.23 | loss  6.18 | ppl   480.78
| epoch   2 |  3000/ 6526 batches | lr 20.00 | ms/batch 25.79 | loss  6.13 | ppl   461.69
| epoch   2 |  3200/ 6526 batches | lr 20.00 | ms/batch 25.83 | loss  6.12 | ppl   454.08
| epoch   2 |  3400/ 6526 batches | lr 20.00 | ms/batch 26.25 | loss  6.24 | ppl   513.66
| epoch   2 |  3600/ 6526 batches | lr 20.00 | ms/batch 25.79 | loss  6.17 | ppl   480.50
| epoch   2 |  3800/ 6526 batches | lr 20.00 | ms/batch 25.75 | loss  6.10 | ppl   445.28
| epoch   2 |  4000/ 6526 batches | lr 20.00 | ms/batch 26.21 | loss  6.12 | ppl   455.10
| epoch   2 |  4200/ 6526 batches | lr 20.00 | ms/batch 25.79 | loss  6.19 | ppl   488.21
| epoch   2 |  4400/ 6526 batches | lr 20.00 | ms/batch 26.17 | loss  6.12 | ppl   456.50
| epoch   2 |  4600/ 6526 batches | lr 20.00 | ms/batch 25.80 | loss  6.14 | ppl   465.96
| epoch   2 |  4800/ 6526 batches | lr 20.00 | ms/batch 26.20 | loss  6.07 | ppl   431.39
| epoch   2 |  5000/ 6526 batches | lr 20.00 | ms/batch 26.21 | loss  6.08 | ppl   438.05
| epoch   2 |  5200/ 6526 batches | lr 20.00 | ms/batch 26.21 | loss  6.17 | ppl   478.23
| epoch   2 |  5400/ 6526 batches | lr 20.00 | ms/batch 25.81 | loss  6.17 | ppl   479.90
| epoch   2 |  5600/ 6526 batches | lr 20.00 | ms/batch 25.80 | loss  6.19 | ppl   488.32
| epoch   2 |  5800/ 6526 batches | lr 20.00 | ms/batch 25.80 | loss  6.21 | ppl   496.45
| epoch   2 |  6000/ 6526 batches | lr 20.00 | ms/batch 25.80 | loss  6.13 | ppl   460.70
| epoch   2 |  6200/ 6526 batches | lr 20.00 | ms/batch 26.48 | loss  6.14 | ppl   461.78
| epoch   2 |  6400/ 6526 batches | lr 20.00 | ms/batch 26.03 | loss  6.11 | ppl   452.48
-----------------------------------------------------------------------------------------
| end of epoch   2 | time: 176.19s | valid loss  6.06 | valid ppl   427.37
-----------------------------------------------------------------------------------------
| epoch   3 |   200/ 6526 batches | lr 5.00 | ms/batch 26.11 | loss  6.17 | ppl   476.39
| epoch   3 |   400/ 6526 batches | lr 5.00 | ms/batch 26.03 | loss  6.11 | ppl   448.96
| epoch   3 |   600/ 6526 batches | lr 5.00 | ms/batch 26.01 | loss  6.08 | ppl   437.88
| epoch   3 |   800/ 6526 batches | lr 5.00 | ms/batch 25.96 | loss  6.12 | ppl   453.49
| epoch   3 |  1000/ 6526 batches | lr 5.00 | ms/batch 26.00 | loss  6.00 | ppl   404.65
| epoch   3 |  1200/ 6526 batches | lr 5.00 | ms/batch 26.03 | loss  5.98 | ppl   396.73
| epoch   3 |  1400/ 6526 batches | lr 5.00 | ms/batch 25.95 | loss  5.89 | ppl   360.74
| epoch   3 |  1600/ 6526 batches | lr 5.00 | ms/batch 26.02 | loss  5.96 | ppl   387.39
| epoch   3 |  1800/ 6526 batches | lr 5.00 | ms/batch 26.01 | loss  6.00 | ppl   401.71
| epoch   3 |  2000/ 6526 batches | lr 5.00 | ms/batch 25.97 | loss  5.95 | ppl   383.85
| epoch   3 |  2200/ 6526 batches | lr 5.00 | ms/batch 25.96 | loss  5.91 | ppl   368.36
| epoch   3 |  2400/ 6526 batches | lr 5.00 | ms/batch 25.97 | loss  5.90 | ppl   366.77
| epoch   3 |  2600/ 6526 batches | lr 5.00 | ms/batch 25.97 | loss  5.91 | ppl   368.96
| epoch   3 |  2800/ 6526 batches | lr 5.00 | ms/batch 25.99 | loss  5.96 | ppl   385.77
| epoch   3 |  3000/ 6526 batches | lr 5.00 | ms/batch 25.98 | loss  5.88 | ppl   358.03
| epoch   3 |  3200/ 6526 batches | lr 5.00 | ms/batch 25.99 | loss  5.87 | ppl   353.74
| epoch   3 |  3400/ 6526 batches | lr 5.00 | ms/batch 26.40 | loss  5.95 | ppl   383.34
| epoch   3 |  3600/ 6526 batches | lr 5.00 | ms/batch 25.95 | loss  5.90 | ppl   363.61
| epoch   3 |  3800/ 6526 batches | lr 5.00 | ms/batch 25.96 | loss  5.84 | ppl   342.42
| epoch   3 |  4000/ 6526 batches | lr 5.00 | ms/batch 26.00 | loss  5.86 | ppl   351.04
| epoch   3 |  4200/ 6526 batches | lr 5.00 | ms/batch 26.38 | loss  5.90 | ppl   363.97
| epoch   3 |  4400/ 6526 batches | lr 5.00 | ms/batch 26.38 | loss  5.83 | ppl   340.77
| epoch   3 |  4600/ 6526 batches | lr 5.00 | ms/batch 25.97 | loss  5.81 | ppl   333.60
| epoch   3 |  4800/ 6526 batches | lr 5.00 | ms/batch 26.00 | loss  5.73 | ppl   309.06
| epoch   3 |  5000/ 6526 batches | lr 5.00 | ms/batch 26.00 | loss  5.76 | ppl   318.34
| epoch   3 |  5200/ 6526 batches | lr 5.00 | ms/batch 26.20 | loss  5.84 | ppl   342.55
| epoch   3 |  5400/ 6526 batches | lr 5.00 | ms/batch 26.19 | loss  5.85 | ppl   345.84
| epoch   3 |  5600/ 6526 batches | lr 5.00 | ms/batch 25.88 | loss  5.84 | ppl   344.85
| epoch   3 |  5800/ 6526 batches | lr 5.00 | ms/batch 25.85 | loss  5.87 | ppl   354.37
| epoch   3 |  6000/ 6526 batches | lr 5.00 | ms/batch 25.97 | loss  5.76 | ppl   316.83
| epoch   3 |  6200/ 6526 batches | lr 5.00 | ms/batch 26.00 | loss  5.78 | ppl   323.04
| epoch   3 |  6400/ 6526 batches | lr 5.00 | ms/batch 25.97 | loss  5.76 | ppl   317.94
-----------------------------------------------------------------------------------------
| end of epoch   3 | time: 176.39s | valid loss  5.77 | valid ppl   320.74
-----------------------------------------------------------------------------------------
| epoch   4 |   200/ 6526 batches | lr 5.00 | ms/batch 26.17 | loss  5.88 | ppl   357.53
| epoch   4 |   400/ 6526 batches | lr 5.00 | ms/batch 26.01 | loss  5.85 | ppl   346.67
| epoch   4 |   600/ 6526 batches | lr 5.00 | ms/batch 26.02 | loss  5.84 | ppl   343.41
| epoch   4 |   800/ 6526 batches | lr 5.00 | ms/batch 26.05 | loss  5.90 | ppl   363.31
| epoch   4 |  1000/ 6526 batches | lr 5.00 | ms/batch 26.03 | loss  5.78 | ppl   323.56
| epoch   4 |  1200/ 6526 batches | lr 5.00 | ms/batch 26.03 | loss  5.75 | ppl   313.42
| epoch   4 |  1400/ 6526 batches | lr 5.00 | ms/batch 26.00 | loss  5.66 | ppl   287.12
| epoch   4 |  1600/ 6526 batches | lr 5.00 | ms/batch 26.01 | loss  5.72 | ppl   304.71
| epoch   4 |  1800/ 6526 batches | lr 5.00 | ms/batch 26.02 | loss  5.79 | ppl   325.77
| epoch   4 |  2000/ 6526 batches | lr 5.00 | ms/batch 26.03 | loss  5.75 | ppl   314.43
| epoch   4 |  2200/ 6526 batches | lr 5.00 | ms/batch 26.02 | loss  5.71 | ppl   302.35
| epoch   4 |  2400/ 6526 batches | lr 5.00 | ms/batch 26.01 | loss  5.71 | ppl   302.25
| epoch   4 |  2600/ 6526 batches | lr 5.00 | ms/batch 26.05 | loss  5.72 | ppl   305.57
| epoch   4 |  2800/ 6526 batches | lr 5.00 | ms/batch 26.05 | loss  5.77 | ppl   321.60
| epoch   4 |  3000/ 6526 batches | lr 5.00 | ms/batch 26.06 | loss  5.71 | ppl   303.14
| epoch   4 |  3200/ 6526 batches | lr 5.00 | ms/batch 26.47 | loss  5.70 | ppl   298.68
| epoch   4 |  3400/ 6526 batches | lr 5.00 | ms/batch 26.43 | loss  5.79 | ppl   326.06
| epoch   4 |  3600/ 6526 batches | lr 5.00 | ms/batch 26.41 | loss  5.72 | ppl   304.98
| epoch   4 |  3800/ 6526 batches | lr 5.00 | ms/batch 26.03 | loss  5.67 | ppl   291.00
| epoch   4 |  4000/ 6526 batches | lr 5.00 | ms/batch 26.04 | loss  5.71 | ppl   302.10
| epoch   4 |  4200/ 6526 batches | lr 5.00 | ms/batch 26.43 | loss  5.74 | ppl   309.87
| epoch   4 |  4400/ 6526 batches | lr 5.00 | ms/batch 26.06 | loss  5.68 | ppl   292.11
| epoch   4 |  4600/ 6526 batches | lr 5.00 | ms/batch 26.05 | loss  5.65 | ppl   285.65
| epoch   4 |  4800/ 6526 batches | lr 5.00 | ms/batch 26.03 | loss  5.58 | ppl   264.71
| epoch   4 |  5000/ 6526 batches | lr 5.00 | ms/batch 26.03 | loss  5.61 | ppl   274.05
| epoch   4 |  5200/ 6526 batches | lr 5.00 | ms/batch 26.02 | loss  5.71 | ppl   301.81
| epoch   4 |  5400/ 6526 batches | lr 5.00 | ms/batch 26.05 | loss  5.69 | ppl   295.54
| epoch   4 |  5600/ 6526 batches | lr 5.00 | ms/batch 25.99 | loss  5.70 | ppl   300.22
| epoch   4 |  5800/ 6526 batches | lr 5.00 | ms/batch 26.01 | loss  5.74 | ppl   311.81
| epoch   4 |  6000/ 6526 batches | lr 5.00 | ms/batch 26.07 | loss  5.63 | ppl   279.15
| epoch   4 |  6200/ 6526 batches | lr 5.00 | ms/batch 26.04 | loss  5.65 | ppl   283.08
| epoch   4 |  6400/ 6526 batches | lr 5.00 | ms/batch 25.99 | loss  5.64 | ppl   280.07
-----------------------------------------------------------------------------------------
| end of epoch   4 | time: 176.74s | valid loss  5.68 | valid ppl   293.61
-----------------------------------------------------------------------------------------
| epoch   5 |   200/ 6526 batches | lr 5.00 | ms/batch 26.18 | loss  5.73 | ppl   309.10
| epoch   5 |   400/ 6526 batches | lr 5.00 | ms/batch 25.60 | loss  5.71 | ppl   302.78
| epoch   5 |   600/ 6526 batches | lr 5.00 | ms/batch 25.63 | loss  5.69 | ppl   297.21
| epoch   5 |   800/ 6526 batches | lr 5.00 | ms/batch 25.17 | loss  5.75 | ppl   315.65
| epoch   5 |  1000/ 6526 batches | lr 5.00 | ms/batch 25.14 | loss  5.64 | ppl   281.31
| epoch   5 |  1200/ 6526 batches | lr 5.00 | ms/batch 25.60 | loss  5.61 | ppl   271.94
| epoch   5 |  1400/ 6526 batches | lr 5.00 | ms/batch 25.61 | loss  5.51 | ppl   248.24
| epoch   5 |  1600/ 6526 batches | lr 5.00 | ms/batch 25.62 | loss  5.58 | ppl   264.50
| epoch   5 |  1800/ 6526 batches | lr 5.00 | ms/batch 25.56 | loss  5.64 | ppl   281.97
| epoch   5 |  2000/ 6526 batches | lr 5.00 | ms/batch 25.55 | loss  5.62 | ppl   275.05
| epoch   5 |  2200/ 6526 batches | lr 5.00 | ms/batch 25.18 | loss  5.57 | ppl   263.33
| epoch   5 |  2400/ 6526 batches | lr 5.00 | ms/batch 25.19 | loss  5.58 | ppl   265.46
| epoch   5 |  2600/ 6526 batches | lr 5.00 | ms/batch 25.17 | loss  5.59 | ppl   268.33
| epoch   5 |  2800/ 6526 batches | lr 5.00 | ms/batch 25.19 | loss  5.65 | ppl   285.03
| epoch   5 |  3000/ 6526 batches | lr 5.00 | ms/batch 25.16 | loss  5.59 | ppl   266.52
| epoch   5 |  3200/ 6526 batches | lr 5.00 | ms/batch 25.11 | loss  5.58 | ppl   263.87
| epoch   5 |  3400/ 6526 batches | lr 5.00 | ms/batch 25.09 | loss  5.68 | ppl   294.24
| epoch   5 |  3600/ 6526 batches | lr 5.00 | ms/batch 26.01 | loss  5.60 | ppl   270.75
| epoch   5 |  3800/ 6526 batches | lr 5.00 | ms/batch 25.63 | loss  5.57 | ppl   263.32
| epoch   5 |  4000/ 6526 batches | lr 5.00 | ms/batch 25.11 | loss  5.60 | ppl   269.38
| epoch   5 |  4200/ 6526 batches | lr 5.00 | ms/batch 25.11 | loss  5.63 | ppl   278.91
| epoch   5 |  4400/ 6526 batches | lr 5.00 | ms/batch 25.13 | loss  5.56 | ppl   259.58
| epoch   5 |  4600/ 6526 batches | lr 5.00 | ms/batch 25.20 | loss  5.54 | ppl   253.98
| epoch   5 |  4800/ 6526 batches | lr 5.00 | ms/batch 25.60 | loss  5.47 | ppl   237.71
| epoch   5 |  5000/ 6526 batches | lr 5.00 | ms/batch 25.17 | loss  5.50 | ppl   243.89
| epoch   5 |  5200/ 6526 batches | lr 5.00 | ms/batch 25.63 | loss  5.60 | ppl   270.18
| epoch   5 |  5400/ 6526 batches | lr 5.00 | ms/batch 25.62 | loss  5.57 | ppl   262.28
| epoch   5 |  5600/ 6526 batches | lr 5.00 | ms/batch 25.59 | loss  5.60 | ppl   270.98
| epoch   5 |  5800/ 6526 batches | lr 5.00 | ms/batch 25.61 | loss  5.64 | ppl   282.61
| epoch   5 |  6000/ 6526 batches | lr 5.00 | ms/batch 25.65 | loss  5.53 | ppl   252.66
| epoch   5 |  6200/ 6526 batches | lr 5.00 | ms/batch 25.60 | loss  5.54 | ppl   253.66
| epoch   5 |  6400/ 6526 batches | lr 5.00 | ms/batch 25.57 | loss  5.52 | ppl   249.82
-----------------------------------------------------------------------------------------
| end of epoch   5 | time: 172.37s | valid loss  5.65 | valid ppl   284.60
-----------------------------------------------------------------------------------------
| epoch   6 |   200/ 6526 batches | lr 5.00 | ms/batch 26.35 | loss  5.62 | ppl   276.32
| epoch   6 |   400/ 6526 batches | lr 5.00 | ms/batch 25.81 | loss  5.60 | ppl   269.86
| epoch   6 |   600/ 6526 batches | lr 5.00 | ms/batch 25.81 | loss  5.59 | ppl   268.21
| epoch   6 |   800/ 6526 batches | lr 5.00 | ms/batch 25.82 | loss  5.65 | ppl   284.27
| epoch   6 |  1000/ 6526 batches | lr 5.00 | ms/batch 25.80 | loss  5.54 | ppl   253.47
| epoch   6 |  1200/ 6526 batches | lr 5.00 | ms/batch 25.77 | loss  5.50 | ppl   244.03
| epoch   6 |  1400/ 6526 batches | lr 5.00 | ms/batch 26.25 | loss  5.41 | ppl   222.60
| epoch   6 |  1600/ 6526 batches | lr 5.00 | ms/batch 25.82 | loss  5.47 | ppl   238.36
| epoch   6 |  1800/ 6526 batches | lr 5.00 | ms/batch 26.19 | loss  5.53 | ppl   253.18
| epoch   6 |  2000/ 6526 batches | lr 5.00 | ms/batch 26.19 | loss  5.52 | ppl   248.42
| epoch   6 |  2200/ 6526 batches | lr 5.00 | ms/batch 25.81 | loss  5.47 | ppl   237.46
| epoch   6 |  2400/ 6526 batches | lr 5.00 | ms/batch 26.22 | loss  5.50 | ppl   243.78
| epoch   6 |  2600/ 6526 batches | lr 5.00 | ms/batch 26.26 | loss  5.50 | ppl   245.49
| epoch   6 |  2800/ 6526 batches | lr 5.00 | ms/batch 26.24 | loss  5.56 | ppl   261.09
| epoch   6 |  3000/ 6526 batches | lr 5.00 | ms/batch 25.81 | loss  5.49 | ppl   242.54
| epoch   6 |  3200/ 6526 batches | lr 5.00 | ms/batch 26.20 | loss  5.48 | ppl   240.21
| epoch   6 |  3400/ 6526 batches | lr 5.00 | ms/batch 26.21 | loss  5.60 | ppl   270.61
| epoch   6 |  3600/ 6526 batches | lr 5.00 | ms/batch 25.82 | loss  5.52 | ppl   250.08
| epoch   6 |  3800/ 6526 batches | lr 5.00 | ms/batch 26.20 | loss  5.47 | ppl   236.93
| epoch   6 |  4000/ 6526 batches | lr 5.00 | ms/batch 26.24 | loss  5.51 | ppl   246.50
| epoch   6 |  4200/ 6526 batches | lr 5.00 | ms/batch 26.22 | loss  5.54 | ppl   253.88
| epoch   6 |  4400/ 6526 batches | lr 5.00 | ms/batch 25.81 | loss  5.46 | ppl   235.76
| epoch   6 |  4600/ 6526 batches | lr 5.00 | ms/batch 25.81 | loss  5.45 | ppl   232.69
| epoch   6 |  4800/ 6526 batches | lr 5.00 | ms/batch 26.25 | loss  5.37 | ppl   215.33
| epoch   6 |  5000/ 6526 batches | lr 5.00 | ms/batch 25.82 | loss  5.40 | ppl   222.17
| epoch   6 |  5200/ 6526 batches | lr 5.00 | ms/batch 26.27 | loss  5.51 | ppl   246.73
| epoch   6 |  5400/ 6526 batches | lr 5.00 | ms/batch 25.82 | loss  5.48 | ppl   240.67
| epoch   6 |  5600/ 6526 batches | lr 5.00 | ms/batch 25.80 | loss  5.50 | ppl   245.33
| epoch   6 |  5800/ 6526 batches | lr 5.00 | ms/batch 26.20 | loss  5.57 | ppl   262.18
| epoch   6 |  6000/ 6526 batches | lr 5.00 | ms/batch 25.80 | loss  5.43 | ppl   228.21
| epoch   6 |  6200/ 6526 batches | lr 5.00 | ms/batch 25.80 | loss  5.45 | ppl   232.36
| epoch   6 |  6400/ 6526 batches | lr 5.00 | ms/batch 25.81 | loss  5.43 | ppl   227.37
-----------------------------------------------------------------------------------------
| end of epoch   6 | time: 176.22s | valid loss  5.60 | valid ppl   269.64
-----------------------------------------------------------------------------------------
| epoch   7 |   200/ 6526 batches | lr 5.00 | ms/batch 26.55 | loss  5.52 | ppl   248.63
| epoch   7 |   400/ 6526 batches | lr 5.00 | ms/batch 26.02 | loss  5.50 | ppl   244.58
| epoch   7 |   600/ 6526 batches | lr 5.00 | ms/batch 26.01 | loss  5.50 | ppl   243.98
| epoch   7 |   800/ 6526 batches | lr 5.00 | ms/batch 25.96 | loss  5.55 | ppl   257.38
| epoch   7 |  1000/ 6526 batches | lr 5.00 | ms/batch 25.87 | loss  5.46 | ppl   233.94
| epoch   7 |  1200/ 6526 batches | lr 5.00 | ms/batch 25.93 | loss  5.40 | ppl   222.01
| epoch   7 |  1400/ 6526 batches | lr 5.00 | ms/batch 26.43 | loss  5.29 | ppl   198.99
| epoch   7 |  1600/ 6526 batches | lr 5.00 | ms/batch 26.37 | loss  5.38 | ppl   217.92
| epoch   7 |  1800/ 6526 batches | lr 5.00 | ms/batch 25.95 | loss  5.46 | ppl   234.39
| epoch   7 |  2000/ 6526 batches | lr 5.00 | ms/batch 26.41 | loss  5.42 | ppl   226.89
| epoch   7 |  2200/ 6526 batches | lr 5.00 | ms/batch 26.01 | loss  5.38 | ppl   217.89
| epoch   7 |  2400/ 6526 batches | lr 5.00 | ms/batch 26.04 | loss  5.39 | ppl   220.11
| epoch   7 |  2600/ 6526 batches | lr 5.00 | ms/batch 26.02 | loss  5.42 | ppl   224.94
| epoch   7 |  2800/ 6526 batches | lr 5.00 | ms/batch 26.85 | loss  5.49 | ppl   241.94
| epoch   7 |  3000/ 6526 batches | lr 5.00 | ms/batch 26.86 | loss  5.41 | ppl   224.10
| epoch   7 |  3200/ 6526 batches | lr 5.00 | ms/batch 26.00 | loss  5.39 | ppl   219.98
| epoch   7 |  3400/ 6526 batches | lr 5.00 | ms/batch 25.99 | loss  5.51 | ppl   247.39
| epoch   7 |  3600/ 6526 batches | lr 5.00 | ms/batch 26.01 | loss  5.43 | ppl   227.26
| epoch   7 |  3800/ 6526 batches | lr 5.00 | ms/batch 26.38 | loss  5.39 | ppl   218.73
| epoch   7 |  4000/ 6526 batches | lr 5.00 | ms/batch 25.98 | loss  5.42 | ppl   226.55
| epoch   7 |  4200/ 6526 batches | lr 5.00 | ms/batch 26.02 | loss  5.46 | ppl   234.15
| epoch   7 |  4400/ 6526 batches | lr 5.00 | ms/batch 26.41 | loss  5.39 | ppl   218.64
| epoch   7 |  4600/ 6526 batches | lr 5.00 | ms/batch 26.01 | loss  5.37 | ppl   214.94
| epoch   7 |  4800/ 6526 batches | lr 5.00 | ms/batch 26.01 | loss  5.30 | ppl   200.21
| epoch   7 |  5000/ 6526 batches | lr 5.00 | ms/batch 26.02 | loss  5.33 | ppl   205.77
| epoch   7 |  5200/ 6526 batches | lr 5.00 | ms/batch 26.44 | loss  5.43 | ppl   227.92
| epoch   7 |  5400/ 6526 batches | lr 5.00 | ms/batch 26.42 | loss  5.40 | ppl   221.53
| epoch   7 |  5600/ 6526 batches | lr 5.00 | ms/batch 26.01 | loss  5.42 | ppl   225.94
| epoch   7 |  5800/ 6526 batches | lr 5.00 | ms/batch 26.04 | loss  5.49 | ppl   241.38
| epoch   7 |  6000/ 6526 batches | lr 5.00 | ms/batch 26.41 | loss  5.35 | ppl   210.18
| epoch   7 |  6200/ 6526 batches | lr 5.00 | ms/batch 25.91 | loss  5.37 | ppl   213.94
| epoch   7 |  6400/ 6526 batches | lr 5.00 | ms/batch 25.97 | loss  5.34 | ppl   207.81
-----------------------------------------------------------------------------------------
| end of epoch   7 | time: 177.23s | valid loss  5.60 | valid ppl   270.10
-----------------------------------------------------------------------------------------
| epoch   8 |   200/ 6526 batches | lr 1.25 | ms/batch 26.18 | loss  5.46 | ppl   235.47
| epoch   8 |   400/ 6526 batches | lr 1.25 | ms/batch 26.04 | loss  5.45 | ppl   233.45
| epoch   8 |   600/ 6526 batches | lr 1.25 | ms/batch 26.04 | loss  5.45 | ppl   233.39
| epoch   8 |   800/ 6526 batches | lr 1.25 | ms/batch 26.03 | loss  5.49 | ppl   242.48
| epoch   8 |  1000/ 6526 batches | lr 1.25 | ms/batch 26.05 | loss  5.38 | ppl   217.03
| epoch   8 |  1200/ 6526 batches | lr 1.25 | ms/batch 26.04 | loss  5.33 | ppl   206.58
| epoch   8 |  1400/ 6526 batches | lr 1.25 | ms/batch 26.05 | loss  5.25 | ppl   190.21
| epoch   8 |  1600/ 6526 batches | lr 1.25 | ms/batch 26.05 | loss  5.31 | ppl   201.86
| epoch   8 |  1800/ 6526 batches | lr 1.25 | ms/batch 26.08 | loss  5.38 | ppl   216.68
| epoch   8 |  2000/ 6526 batches | lr 1.25 | ms/batch 26.04 | loss  5.34 | ppl   207.58
| epoch   8 |  2200/ 6526 batches | lr 1.25 | ms/batch 26.06 | loss  5.30 | ppl   199.92
| epoch   8 |  2400/ 6526 batches | lr 1.25 | ms/batch 26.04 | loss  5.31 | ppl   202.29
| epoch   8 |  2600/ 6526 batches | lr 1.25 | ms/batch 26.04 | loss  5.33 | ppl   207.29
| epoch   8 |  2800/ 6526 batches | lr 1.25 | ms/batch 26.44 | loss  5.40 | ppl   222.14
| epoch   8 |  3000/ 6526 batches | lr 1.25 | ms/batch 26.02 | loss  5.31 | ppl   202.38
| epoch   8 |  3200/ 6526 batches | lr 1.25 | ms/batch 26.02 | loss  5.29 | ppl   199.07
| epoch   8 |  3400/ 6526 batches | lr 1.25 | ms/batch 26.03 | loss  5.39 | ppl   219.43
| epoch   8 |  3600/ 6526 batches | lr 1.25 | ms/batch 25.98 | loss  5.32 | ppl   203.99
| epoch   8 |  3800/ 6526 batches | lr 1.25 | ms/batch 25.97 | loss  5.28 | ppl   196.10
| epoch   8 |  4000/ 6526 batches | lr 1.25 | ms/batch 26.02 | loss  5.30 | ppl   199.40
| epoch   8 |  4200/ 6526 batches | lr 1.25 | ms/batch 26.05 | loss  5.33 | ppl   206.78
| epoch   8 |  4400/ 6526 batches | lr 1.25 | ms/batch 26.04 | loss  5.25 | ppl   191.44
| epoch   8 |  4600/ 6526 batches | lr 1.25 | ms/batch 26.48 | loss  5.23 | ppl   187.12
| epoch   8 |  4800/ 6526 batches | lr 1.25 | ms/batch 26.05 | loss  5.17 | ppl   176.38
| epoch   8 |  5000/ 6526 batches | lr 1.25 | ms/batch 26.02 | loss  5.17 | ppl   175.14
| epoch   8 |  5200/ 6526 batches | lr 1.25 | ms/batch 26.03 | loss  5.27 | ppl   195.35
| epoch   8 |  5400/ 6526 batches | lr 1.25 | ms/batch 25.87 | loss  5.25 | ppl   191.37
| epoch   8 |  5600/ 6526 batches | lr 1.25 | ms/batch 25.97 | loss  5.27 | ppl   194.59
| epoch   8 |  5800/ 6526 batches | lr 1.25 | ms/batch 26.42 | loss  5.32 | ppl   203.74
| epoch   8 |  6000/ 6526 batches | lr 1.25 | ms/batch 26.00 | loss  5.19 | ppl   178.61
| epoch   8 |  6200/ 6526 batches | lr 1.25 | ms/batch 26.05 | loss  5.19 | ppl   179.32
| epoch   8 |  6400/ 6526 batches | lr 1.25 | ms/batch 26.06 | loss  5.17 | ppl   176.46
-----------------------------------------------------------------------------------------
| end of epoch   8 | time: 176.55s | valid loss  5.43 | valid ppl   227.42
-----------------------------------------------------------------------------------------
| epoch   9 |   200/ 6526 batches | lr 1.25 | ms/batch 26.17 | loss  5.38 | ppl   216.61
| epoch   9 |   400/ 6526 batches | lr 1.25 | ms/batch 25.18 | loss  5.35 | ppl   210.15
| epoch   9 |   600/ 6526 batches | lr 1.25 | ms/batch 25.20 | loss  5.35 | ppl   211.53
| epoch   9 |   800/ 6526 batches | lr 1.25 | ms/batch 25.57 | loss  5.40 | ppl   222.51
| epoch   9 |  1000/ 6526 batches | lr 1.25 | ms/batch 25.13 | loss  5.31 | ppl   201.58
| epoch   9 |  1200/ 6526 batches | lr 1.25 | ms/batch 26.08 | loss  5.25 | ppl   190.50
| epoch   9 |  1400/ 6526 batches | lr 1.25 | ms/batch 25.11 | loss  5.17 | ppl   175.06
| epoch   9 |  1600/ 6526 batches | lr 1.25 | ms/batch 25.57 | loss  5.24 | ppl   187.76
| epoch   9 |  1800/ 6526 batches | lr 1.25 | ms/batch 25.68 | loss  5.31 | ppl   202.31
| epoch   9 |  2000/ 6526 batches | lr 1.25 | ms/batch 25.63 | loss  5.28 | ppl   195.59
| epoch   9 |  2200/ 6526 batches | lr 1.25 | ms/batch 25.63 | loss  5.24 | ppl   187.88
| epoch   9 |  2400/ 6526 batches | lr 1.25 | ms/batch 25.65 | loss  5.25 | ppl   189.77
| epoch   9 |  2600/ 6526 batches | lr 1.25 | ms/batch 25.16 | loss  5.27 | ppl   195.04
| epoch   9 |  2800/ 6526 batches | lr 1.25 | ms/batch 26.09 | loss  5.34 | ppl   209.28
| epoch   9 |  3000/ 6526 batches | lr 1.25 | ms/batch 25.60 | loss  5.25 | ppl   191.50
| epoch   9 |  3200/ 6526 batches | lr 1.25 | ms/batch 25.59 | loss  5.24 | ppl   189.58
| epoch   9 |  3400/ 6526 batches | lr 1.25 | ms/batch 25.61 | loss  5.35 | ppl   211.31
| epoch   9 |  3600/ 6526 batches | lr 1.25 | ms/batch 25.59 | loss  5.28 | ppl   195.91
| epoch   9 |  3800/ 6526 batches | lr 1.25 | ms/batch 25.63 | loss  5.24 | ppl   188.04
| epoch   9 |  4000/ 6526 batches | lr 1.25 | ms/batch 25.24 | loss  5.26 | ppl   192.70
| epoch   9 |  4200/ 6526 batches | lr 1.25 | ms/batch 26.11 | loss  5.29 | ppl   197.76
| epoch   9 |  4400/ 6526 batches | lr 1.25 | ms/batch 26.11 | loss  5.22 | ppl   184.37
| epoch   9 |  4600/ 6526 batches | lr 1.25 | ms/batch 25.62 | loss  5.20 | ppl   181.53
| epoch   9 |  4800/ 6526 batches | lr 1.25 | ms/batch 26.08 | loss  5.13 | ppl   169.15
| epoch   9 |  5000/ 6526 batches | lr 1.25 | ms/batch 25.16 | loss  5.13 | ppl   169.63
| epoch   9 |  5200/ 6526 batches | lr 1.25 | ms/batch 26.08 | loss  5.24 | ppl   189.33
| epoch   9 |  5400/ 6526 batches | lr 1.25 | ms/batch 25.60 | loss  5.22 | ppl   185.13
| epoch   9 |  5600/ 6526 batches | lr 1.25 | ms/batch 26.10 | loss  5.24 | ppl   187.96
| epoch   9 |  5800/ 6526 batches | lr 1.25 | ms/batch 25.61 | loss  5.28 | ppl   197.10
| epoch   9 |  6000/ 6526 batches | lr 1.25 | ms/batch 25.13 | loss  5.16 | ppl   174.79
| epoch   9 |  6200/ 6526 batches | lr 1.25 | ms/batch 25.19 | loss  5.17 | ppl   175.72
| epoch   9 |  6400/ 6526 batches | lr 1.25 | ms/batch 25.18 | loss  5.15 | ppl   173.21
-----------------------------------------------------------------------------------------
| end of epoch   9 | time: 173.49s | valid loss  5.40 | valid ppl   222.42
-----------------------------------------------------------------------------------------
| epoch  10 |   200/ 6526 batches | lr 1.25 | ms/batch 26.44 | loss  5.33 | ppl   205.81
| epoch  10 |   400/ 6526 batches | lr 1.25 | ms/batch 25.84 | loss  5.30 | ppl   200.70
| epoch  10 |   600/ 6526 batches | lr 1.25 | ms/batch 26.28 | loss  5.31 | ppl   203.14
| epoch  10 |   800/ 6526 batches | lr 1.25 | ms/batch 25.79 | loss  5.36 | ppl   212.96
| epoch  10 |  1000/ 6526 batches | lr 1.25 | ms/batch 25.83 | loss  5.26 | ppl   191.53
| epoch  10 |  1200/ 6526 batches | lr 1.25 | ms/batch 26.30 | loss  5.21 | ppl   182.61
| epoch  10 |  1400/ 6526 batches | lr 1.25 | ms/batch 25.82 | loss  5.12 | ppl   167.71
| epoch  10 |  1600/ 6526 batches | lr 1.25 | ms/batch 25.84 | loss  5.20 | ppl   180.93
| epoch  10 |  1800/ 6526 batches | lr 1.25 | ms/batch 25.86 | loss  5.27 | ppl   194.89
| epoch  10 |  2000/ 6526 batches | lr 1.25 | ms/batch 26.26 | loss  5.25 | ppl   189.66
| epoch  10 |  2200/ 6526 batches | lr 1.25 | ms/batch 25.86 | loss  5.20 | ppl   180.97
| epoch  10 |  2400/ 6526 batches | lr 1.25 | ms/batch 25.83 | loss  5.21 | ppl   183.97
| epoch  10 |  2600/ 6526 batches | lr 1.25 | ms/batch 25.84 | loss  5.24 | ppl   188.83
| epoch  10 |  2800/ 6526 batches | lr 1.25 | ms/batch 26.24 | loss  5.32 | ppl   203.73
| epoch  10 |  3000/ 6526 batches | lr 1.25 | ms/batch 25.79 | loss  5.22 | ppl   185.15
| epoch  10 |  3200/ 6526 batches | lr 1.25 | ms/batch 25.72 | loss  5.21 | ppl   183.41
| epoch  10 |  3400/ 6526 batches | lr 1.25 | ms/batch 25.73 | loss  5.32 | ppl   204.10
| epoch  10 |  3600/ 6526 batches | lr 1.25 | ms/batch 26.21 | loss  5.24 | ppl   188.44
| epoch  10 |  3800/ 6526 batches | lr 1.25 | ms/batch 25.79 | loss  5.20 | ppl   181.65
| epoch  10 |  4000/ 6526 batches | lr 1.25 | ms/batch 25.84 | loss  5.22 | ppl   185.17
| epoch  10 |  4200/ 6526 batches | lr 1.25 | ms/batch 25.88 | loss  5.26 | ppl   192.32
| epoch  10 |  4400/ 6526 batches | lr 1.25 | ms/batch 25.86 | loss  5.19 | ppl   179.42
| epoch  10 |  4600/ 6526 batches | lr 1.25 | ms/batch 25.85 | loss  5.17 | ppl   175.69
| epoch  10 |  4800/ 6526 batches | lr 1.25 | ms/batch 26.27 | loss  5.10 | ppl   164.35
| epoch  10 |  5000/ 6526 batches | lr 1.25 | ms/batch 26.24 | loss  5.11 | ppl   165.08
| epoch  10 |  5200/ 6526 batches | lr 1.25 | ms/batch 25.79 | loss  5.21 | ppl   184.00
| epoch  10 |  5400/ 6526 batches | lr 1.25 | ms/batch 25.81 | loss  5.19 | ppl   180.20
| epoch  10 |  5600/ 6526 batches | lr 1.25 | ms/batch 26.23 | loss  5.21 | ppl   182.71
| epoch  10 |  5800/ 6526 batches | lr 1.25 | ms/batch 25.80 | loss  5.26 | ppl   192.83
| epoch  10 |  6000/ 6526 batches | lr 1.25 | ms/batch 26.24 | loss  5.14 | ppl   170.23
| epoch  10 |  6200/ 6526 batches | lr 1.25 | ms/batch 26.29 | loss  5.15 | ppl   171.76
| epoch  10 |  6400/ 6526 batches | lr 1.25 | ms/batch 26.25 | loss  5.13 | ppl   169.07
-----------------------------------------------------------------------------------------
| end of epoch  10 | time: 176.10s | valid loss  5.39 | valid ppl   218.30
-----------------------------------------------------------------------------------------
=========================================================================================
| End of training | test loss  5.29 | test ppl   198.83
=========================================================================================
