python /home/drr342/dl/assignments/hw3/examples/word_language_model/main.py --data /home/drr342/dl/assignments/hw3/examples/word_language_model/data/wikitext-2 --save /home/drr342/dl/assignments/hw3/models/LSTM'_'100'_'2'_'32.pt --cuda --model LSTM --epochs 10 --emsize 100 --nlayers 2 --bptt 32

| epoch   1 |   200/ 3263 batches | lr 20.00 | ms/batch 43.84 | loss  7.66 | ppl  2113.11
| epoch   1 |   400/ 3263 batches | lr 20.00 | ms/batch 42.64 | loss  6.90 | ppl   994.16
| epoch   1 |   600/ 3263 batches | lr 20.00 | ms/batch 43.09 | loss  6.55 | ppl   700.56
| epoch   1 |   800/ 3263 batches | lr 20.00 | ms/batch 42.20 | loss  6.30 | ppl   546.24
| epoch   1 |  1000/ 3263 batches | lr 20.00 | ms/batch 44.39 | loss  6.18 | ppl   481.37
| epoch   1 |  1200/ 3263 batches | lr 20.00 | ms/batch 43.82 | loss  6.07 | ppl   432.48
| epoch   1 |  1400/ 3263 batches | lr 20.00 | ms/batch 44.29 | loss  6.00 | ppl   402.41
| epoch   1 |  1600/ 3263 batches | lr 20.00 | ms/batch 45.22 | loss  5.91 | ppl   367.46
| epoch   1 |  1800/ 3263 batches | lr 20.00 | ms/batch 45.21 | loss  5.91 | ppl   369.08
| epoch   1 |  2000/ 3263 batches | lr 20.00 | ms/batch 45.27 | loss  5.80 | ppl   329.73
| epoch   1 |  2200/ 3263 batches | lr 20.00 | ms/batch 45.53 | loss  5.76 | ppl   317.56
| epoch   1 |  2400/ 3263 batches | lr 20.00 | ms/batch 45.75 | loss  5.67 | ppl   291.06
| epoch   1 |  2600/ 3263 batches | lr 20.00 | ms/batch 45.89 | loss  5.67 | ppl   289.37
| epoch   1 |  2800/ 3263 batches | lr 20.00 | ms/batch 45.76 | loss  5.65 | ppl   283.42
| epoch   1 |  3000/ 3263 batches | lr 20.00 | ms/batch 47.04 | loss  5.57 | ppl   261.39
| epoch   1 |  3200/ 3263 batches | lr 20.00 | ms/batch 45.37 | loss  5.50 | ppl   243.89
-----------------------------------------------------------------------------------------
| end of epoch   1 | time: 151.71s | valid loss  5.52 | valid ppl   249.59
-----------------------------------------------------------------------------------------
| epoch   2 |   200/ 3263 batches | lr 20.00 | ms/batch 45.58 | loss  5.54 | ppl   255.66
| epoch   2 |   400/ 3263 batches | lr 20.00 | ms/batch 46.70 | loss  5.54 | ppl   253.78
| epoch   2 |   600/ 3263 batches | lr 20.00 | ms/batch 44.88 | loss  5.43 | ppl   227.92
| epoch   2 |   800/ 3263 batches | lr 20.00 | ms/batch 45.66 | loss  5.33 | ppl   206.63
| epoch   2 |  1000/ 3263 batches | lr 20.00 | ms/batch 45.66 | loss  5.40 | ppl   220.86
| epoch   2 |  1200/ 3263 batches | lr 20.00 | ms/batch 46.00 | loss  5.34 | ppl   207.78
| epoch   2 |  1400/ 3263 batches | lr 20.00 | ms/batch 45.03 | loss  5.37 | ppl   213.81
| epoch   2 |  1600/ 3263 batches | lr 20.00 | ms/batch 46.24 | loss  5.33 | ppl   205.44
| epoch   2 |  1800/ 3263 batches | lr 20.00 | ms/batch 44.07 | loss  5.37 | ppl   215.55
| epoch   2 |  2000/ 3263 batches | lr 20.00 | ms/batch 46.77 | loss  5.28 | ppl   197.18
| epoch   2 |  2200/ 3263 batches | lr 20.00 | ms/batch 46.32 | loss  5.26 | ppl   193.32
| epoch   2 |  2400/ 3263 batches | lr 20.00 | ms/batch 45.04 | loss  5.19 | ppl   179.88
| epoch   2 |  2600/ 3263 batches | lr 20.00 | ms/batch 45.12 | loss  5.21 | ppl   183.44
| epoch   2 |  2800/ 3263 batches | lr 20.00 | ms/batch 45.52 | loss  5.21 | ppl   183.92
| epoch   2 |  3000/ 3263 batches | lr 20.00 | ms/batch 45.13 | loss  5.18 | ppl   178.40
| epoch   2 |  3200/ 3263 batches | lr 20.00 | ms/batch 45.55 | loss  5.10 | ppl   164.23
-----------------------------------------------------------------------------------------
| end of epoch   2 | time: 154.62s | valid loss  5.28 | valid ppl   197.33
-----------------------------------------------------------------------------------------
| epoch   3 |   200/ 3263 batches | lr 20.00 | ms/batch 46.67 | loss  5.21 | ppl   182.18
| epoch   3 |   400/ 3263 batches | lr 20.00 | ms/batch 46.81 | loss  5.22 | ppl   185.21
| epoch   3 |   600/ 3263 batches | lr 20.00 | ms/batch 46.83 | loss  5.11 | ppl   164.84
| epoch   3 |   800/ 3263 batches | lr 20.00 | ms/batch 46.85 | loss  5.02 | ppl   151.97
| epoch   3 |  1000/ 3263 batches | lr 20.00 | ms/batch 47.79 | loss  5.12 | ppl   166.75
| epoch   3 |  1200/ 3263 batches | lr 20.00 | ms/batch 47.12 | loss  5.06 | ppl   158.37
| epoch   3 |  1400/ 3263 batches | lr 20.00 | ms/batch 45.02 | loss  5.12 | ppl   167.53
| epoch   3 |  1600/ 3263 batches | lr 20.00 | ms/batch 44.23 | loss  5.08 | ppl   161.33
| epoch   3 |  1800/ 3263 batches | lr 20.00 | ms/batch 47.31 | loss  5.14 | ppl   170.89
| epoch   3 |  2000/ 3263 batches | lr 20.00 | ms/batch 45.92 | loss  5.06 | ppl   157.56
| epoch   3 |  2200/ 3263 batches | lr 20.00 | ms/batch 44.96 | loss  5.06 | ppl   156.83
| epoch   3 |  2400/ 3263 batches | lr 20.00 | ms/batch 45.53 | loss  4.98 | ppl   144.82
| epoch   3 |  2600/ 3263 batches | lr 20.00 | ms/batch 45.96 | loss  5.00 | ppl   148.90
| epoch   3 |  2800/ 3263 batches | lr 20.00 | ms/batch 46.75 | loss  5.02 | ppl   150.75
| epoch   3 |  3000/ 3263 batches | lr 20.00 | ms/batch 45.41 | loss  4.99 | ppl   147.36
| epoch   3 |  3200/ 3263 batches | lr 20.00 | ms/batch 44.72 | loss  4.91 | ppl   136.03
-----------------------------------------------------------------------------------------
| end of epoch   3 | time: 156.04s | valid loss  5.15 | valid ppl   172.96
-----------------------------------------------------------------------------------------
| epoch   4 |   200/ 3263 batches | lr 20.00 | ms/batch 45.29 | loss  5.03 | ppl   153.24
| epoch   4 |   400/ 3263 batches | lr 20.00 | ms/batch 46.37 | loss  5.04 | ppl   154.77
| epoch   4 |   600/ 3263 batches | lr 20.00 | ms/batch 46.10 | loss  4.93 | ppl   138.01
| epoch   4 |   800/ 3263 batches | lr 20.00 | ms/batch 45.92 | loss  4.86 | ppl   129.22
| epoch   4 |  1000/ 3263 batches | lr 20.00 | ms/batch 46.43 | loss  4.95 | ppl   141.84
| epoch   4 |  1200/ 3263 batches | lr 20.00 | ms/batch 46.06 | loss  4.90 | ppl   134.20
| epoch   4 |  1400/ 3263 batches | lr 20.00 | ms/batch 46.39 | loss  4.98 | ppl   144.96
| epoch   4 |  1600/ 3263 batches | lr 20.00 | ms/batch 47.62 | loss  4.94 | ppl   139.71
| epoch   4 |  1800/ 3263 batches | lr 20.00 | ms/batch 46.41 | loss  5.00 | ppl   148.55
| epoch   4 |  2000/ 3263 batches | lr 20.00 | ms/batch 46.40 | loss  4.92 | ppl   137.68
| epoch   4 |  2200/ 3263 batches | lr 20.00 | ms/batch 46.94 | loss  4.92 | ppl   137.15
| epoch   4 |  2400/ 3263 batches | lr 20.00 | ms/batch 47.28 | loss  4.83 | ppl   124.93
| epoch   4 |  2600/ 3263 batches | lr 20.00 | ms/batch 45.19 | loss  4.87 | ppl   130.12
| epoch   4 |  2800/ 3263 batches | lr 20.00 | ms/batch 47.31 | loss  4.89 | ppl   132.69
| epoch   4 |  3000/ 3263 batches | lr 20.00 | ms/batch 46.05 | loss  4.87 | ppl   130.72
| epoch   4 |  3200/ 3263 batches | lr 20.00 | ms/batch 46.22 | loss  4.80 | ppl   121.07
-----------------------------------------------------------------------------------------
| end of epoch   4 | time: 157.35s | valid loss  5.14 | valid ppl   170.57
-----------------------------------------------------------------------------------------
| epoch   5 |   200/ 3263 batches | lr 20.00 | ms/batch 44.98 | loss  4.91 | ppl   135.52
| epoch   5 |   400/ 3263 batches | lr 20.00 | ms/batch 46.16 | loss  4.92 | ppl   137.34
| epoch   5 |   600/ 3263 batches | lr 20.00 | ms/batch 45.81 | loss  4.81 | ppl   122.57
| epoch   5 |   800/ 3263 batches | lr 20.00 | ms/batch 47.47 | loss  4.75 | ppl   115.44
| epoch   5 |  1000/ 3263 batches | lr 20.00 | ms/batch 46.57 | loss  4.85 | ppl   127.57
| epoch   5 |  1200/ 3263 batches | lr 20.00 | ms/batch 47.93 | loss  4.80 | ppl   121.00
| epoch   5 |  1400/ 3263 batches | lr 20.00 | ms/batch 44.89 | loss  4.88 | ppl   131.50
| epoch   5 |  1600/ 3263 batches | lr 20.00 | ms/batch 48.51 | loss  4.84 | ppl   126.24
| epoch   5 |  1800/ 3263 batches | lr 20.00 | ms/batch 47.64 | loss  4.91 | ppl   135.21
| epoch   5 |  2000/ 3263 batches | lr 20.00 | ms/batch 46.61 | loss  4.83 | ppl   125.12
| epoch   5 |  2200/ 3263 batches | lr 20.00 | ms/batch 48.73 | loss  4.83 | ppl   125.64
| epoch   5 |  2400/ 3263 batches | lr 20.00 | ms/batch 48.37 | loss  4.74 | ppl   114.34
| epoch   5 |  2600/ 3263 batches | lr 20.00 | ms/batch 47.15 | loss  4.78 | ppl   118.75
| epoch   5 |  2800/ 3263 batches | lr 20.00 | ms/batch 44.36 | loss  4.79 | ppl   120.34
| epoch   5 |  3000/ 3263 batches | lr 20.00 | ms/batch 46.66 | loss  4.79 | ppl   120.46
| epoch   5 |  3200/ 3263 batches | lr 20.00 | ms/batch 47.53 | loss  4.71 | ppl   111.23
-----------------------------------------------------------------------------------------
| end of epoch   5 | time: 158.55s | valid loss  5.08 | valid ppl   160.78
-----------------------------------------------------------------------------------------
| epoch   6 |   200/ 3263 batches | lr 20.00 | ms/batch 47.35 | loss  4.82 | ppl   123.50
| epoch   6 |   400/ 3263 batches | lr 20.00 | ms/batch 47.12 | loss  4.84 | ppl   126.25
| epoch   6 |   600/ 3263 batches | lr 20.00 | ms/batch 46.45 | loss  4.72 | ppl   112.53
| epoch   6 |   800/ 3263 batches | lr 20.00 | ms/batch 46.72 | loss  4.67 | ppl   106.54
| epoch   6 |  1000/ 3263 batches | lr 20.00 | ms/batch 47.39 | loss  4.77 | ppl   118.09
| epoch   6 |  1200/ 3263 batches | lr 20.00 | ms/batch 45.98 | loss  4.72 | ppl   111.92
| epoch   6 |  1400/ 3263 batches | lr 20.00 | ms/batch 46.41 | loss  4.80 | ppl   121.74
| epoch   6 |  1600/ 3263 batches | lr 20.00 | ms/batch 46.22 | loss  4.76 | ppl   117.14
| epoch   6 |  1800/ 3263 batches | lr 20.00 | ms/batch 48.27 | loss  4.83 | ppl   125.30
| epoch   6 |  2000/ 3263 batches | lr 20.00 | ms/batch 46.88 | loss  4.76 | ppl   116.98
| epoch   6 |  2200/ 3263 batches | lr 20.00 | ms/batch 47.69 | loss  4.77 | ppl   118.14
| epoch   6 |  2400/ 3263 batches | lr 20.00 | ms/batch 47.25 | loss  4.66 | ppl   106.15
| epoch   6 |  2600/ 3263 batches | lr 20.00 | ms/batch 47.02 | loss  4.70 | ppl   110.10
| epoch   6 |  2800/ 3263 batches | lr 20.00 | ms/batch 49.07 | loss  4.72 | ppl   112.26
| epoch   6 |  3000/ 3263 batches | lr 20.00 | ms/batch 47.96 | loss  4.72 | ppl   112.24
| epoch   6 |  3200/ 3263 batches | lr 20.00 | ms/batch 44.50 | loss  4.64 | ppl   103.71
-----------------------------------------------------------------------------------------
| end of epoch   6 | time: 159.46s | valid loss  5.07 | valid ppl   159.66
-----------------------------------------------------------------------------------------
| epoch   7 |   200/ 3263 batches | lr 20.00 | ms/batch 48.05 | loss  4.75 | ppl   115.25
| epoch   7 |   400/ 3263 batches | lr 20.00 | ms/batch 46.95 | loss  4.77 | ppl   117.58
| epoch   7 |   600/ 3263 batches | lr 20.00 | ms/batch 46.57 | loss  4.66 | ppl   105.65
| epoch   7 |   800/ 3263 batches | lr 20.00 | ms/batch 46.86 | loss  4.60 | ppl    99.22
| epoch   7 |  1000/ 3263 batches | lr 20.00 | ms/batch 46.91 | loss  4.71 | ppl   110.84
| epoch   7 |  1200/ 3263 batches | lr 20.00 | ms/batch 45.67 | loss  4.66 | ppl   105.23
| epoch   7 |  1400/ 3263 batches | lr 20.00 | ms/batch 47.27 | loss  4.75 | ppl   115.05
| epoch   7 |  1600/ 3263 batches | lr 20.00 | ms/batch 47.79 | loss  4.70 | ppl   109.64
| epoch   7 |  1800/ 3263 batches | lr 20.00 | ms/batch 46.51 | loss  4.77 | ppl   118.08
| epoch   7 |  2000/ 3263 batches | lr 20.00 | ms/batch 47.35 | loss  4.70 | ppl   109.66
| epoch   7 |  2200/ 3263 batches | lr 20.00 | ms/batch 47.43 | loss  4.70 | ppl   109.98
| epoch   7 |  2400/ 3263 batches | lr 20.00 | ms/batch 47.68 | loss  4.61 | ppl   100.52
| epoch   7 |  2600/ 3263 batches | lr 20.00 | ms/batch 46.51 | loss  4.64 | ppl   104.03
| epoch   7 |  2800/ 3263 batches | lr 20.00 | ms/batch 48.61 | loss  4.66 | ppl   105.63
| epoch   7 |  3000/ 3263 batches | lr 20.00 | ms/batch 47.04 | loss  4.67 | ppl   106.76
| epoch   7 |  3200/ 3263 batches | lr 20.00 | ms/batch 47.10 | loss  4.59 | ppl    98.06
-----------------------------------------------------------------------------------------
| end of epoch   7 | time: 159.78s | valid loss  5.04 | valid ppl   155.04
-----------------------------------------------------------------------------------------
| epoch   8 |   200/ 3263 batches | lr 20.00 | ms/batch 43.59 | loss  4.69 | ppl   108.97
| epoch   8 |   400/ 3263 batches | lr 20.00 | ms/batch 47.39 | loss  4.71 | ppl   111.42
| epoch   8 |   600/ 3263 batches | lr 20.00 | ms/batch 47.02 | loss  4.60 | ppl    99.81
| epoch   8 |   800/ 3263 batches | lr 20.00 | ms/batch 48.10 | loss  4.55 | ppl    94.17
| epoch   8 |  1000/ 3263 batches | lr 20.00 | ms/batch 47.75 | loss  4.66 | ppl   105.20
| epoch   8 |  1200/ 3263 batches | lr 20.00 | ms/batch 47.34 | loss  4.61 | ppl   100.57
| epoch   8 |  1400/ 3263 batches | lr 20.00 | ms/batch 48.47 | loss  4.69 | ppl   108.90
| epoch   8 |  1600/ 3263 batches | lr 20.00 | ms/batch 47.06 | loss  4.65 | ppl   104.60
| epoch   8 |  1800/ 3263 batches | lr 20.00 | ms/batch 48.01 | loss  4.73 | ppl   112.86
| epoch   8 |  2000/ 3263 batches | lr 20.00 | ms/batch 48.01 | loss  4.65 | ppl   105.00
| epoch   8 |  2200/ 3263 batches | lr 20.00 | ms/batch 46.38 | loss  4.66 | ppl   106.01
| epoch   8 |  2400/ 3263 batches | lr 20.00 | ms/batch 46.46 | loss  4.56 | ppl    95.49
| epoch   8 |  2600/ 3263 batches | lr 20.00 | ms/batch 47.80 | loss  4.60 | ppl    99.36
| epoch   8 |  2800/ 3263 batches | lr 20.00 | ms/batch 46.82 | loss  4.61 | ppl   100.54
| epoch   8 |  3000/ 3263 batches | lr 20.00 | ms/batch 46.74 | loss  4.62 | ppl   101.59
| epoch   8 |  3200/ 3263 batches | lr 20.00 | ms/batch 47.75 | loss  4.54 | ppl    94.08
-----------------------------------------------------------------------------------------
| end of epoch   8 | time: 159.43s | valid loss  5.03 | valid ppl   153.58
-----------------------------------------------------------------------------------------
| epoch   9 |   200/ 3263 batches | lr 20.00 | ms/batch 47.62 | loss  4.65 | ppl   104.10
| epoch   9 |   400/ 3263 batches | lr 20.00 | ms/batch 44.49 | loss  4.66 | ppl   105.74
| epoch   9 |   600/ 3263 batches | lr 20.00 | ms/batch 45.26 | loss  4.56 | ppl    95.69
| epoch   9 |   800/ 3263 batches | lr 20.00 | ms/batch 48.32 | loss  4.50 | ppl    90.15
| epoch   9 |  1000/ 3263 batches | lr 20.00 | ms/batch 47.26 | loss  4.62 | ppl   101.01
| epoch   9 |  1200/ 3263 batches | lr 20.00 | ms/batch 46.23 | loss  4.57 | ppl    96.53
| epoch   9 |  1400/ 3263 batches | lr 20.00 | ms/batch 48.35 | loss  4.65 | ppl   104.33
| epoch   9 |  1600/ 3263 batches | lr 20.00 | ms/batch 46.86 | loss  4.61 | ppl   100.09
| epoch   9 |  1800/ 3263 batches | lr 20.00 | ms/batch 45.70 | loss  4.68 | ppl   108.11
| epoch   9 |  2000/ 3263 batches | lr 20.00 | ms/batch 48.28 | loss  4.61 | ppl   100.64
| epoch   9 |  2200/ 3263 batches | lr 20.00 | ms/batch 47.27 | loss  4.62 | ppl   101.17
| epoch   9 |  2400/ 3263 batches | lr 20.00 | ms/batch 47.69 | loss  4.52 | ppl    92.29
| epoch   9 |  2600/ 3263 batches | lr 20.00 | ms/batch 46.73 | loss  4.56 | ppl    95.54
| epoch   9 |  2800/ 3263 batches | lr 20.00 | ms/batch 46.89 | loss  4.56 | ppl    96.02
| epoch   9 |  3000/ 3263 batches | lr 20.00 | ms/batch 47.40 | loss  4.59 | ppl    98.04
| epoch   9 |  3200/ 3263 batches | lr 20.00 | ms/batch 46.78 | loss  4.51 | ppl    90.80
-----------------------------------------------------------------------------------------
| end of epoch   9 | time: 158.80s | valid loss  5.03 | valid ppl   152.86
-----------------------------------------------------------------------------------------
| epoch  10 |   200/ 3263 batches | lr 20.00 | ms/batch 46.42 | loss  4.60 | ppl    99.76
| epoch  10 |   400/ 3263 batches | lr 20.00 | ms/batch 46.45 | loss  4.63 | ppl   102.28
| epoch  10 |   600/ 3263 batches | lr 20.00 | ms/batch 46.88 | loss  4.52 | ppl    92.02
| epoch  10 |   800/ 3263 batches | lr 20.00 | ms/batch 43.45 | loss  4.46 | ppl    86.50
| epoch  10 |  1000/ 3263 batches | lr 20.00 | ms/batch 48.46 | loss  4.57 | ppl    96.73
| epoch  10 |  1200/ 3263 batches | lr 20.00 | ms/batch 45.88 | loss  4.53 | ppl    92.54
| epoch  10 |  1400/ 3263 batches | lr 20.00 | ms/batch 46.39 | loss  4.61 | ppl   100.90
| epoch  10 |  1600/ 3263 batches | lr 20.00 | ms/batch 48.16 | loss  4.57 | ppl    96.48
| epoch  10 |  1800/ 3263 batches | lr 20.00 | ms/batch 45.88 | loss  4.64 | ppl   103.98
| epoch  10 |  2000/ 3263 batches | lr 20.00 | ms/batch 44.95 | loss  4.58 | ppl    97.06
| epoch  10 |  2200/ 3263 batches | lr 20.00 | ms/batch 47.39 | loss  4.58 | ppl    97.84
| epoch  10 |  2400/ 3263 batches | lr 20.00 | ms/batch 46.33 | loss  4.49 | ppl    88.85
| epoch  10 |  2600/ 3263 batches | lr 20.00 | ms/batch 47.78 | loss  4.52 | ppl    92.11
| epoch  10 |  2800/ 3263 batches | lr 20.00 | ms/batch 45.19 | loss  4.54 | ppl    93.50
| epoch  10 |  3000/ 3263 batches | lr 20.00 | ms/batch 46.11 | loss  4.55 | ppl    94.95
| epoch  10 |  3200/ 3263 batches | lr 20.00 | ms/batch 45.86 | loss  4.48 | ppl    88.13
-----------------------------------------------------------------------------------------
| end of epoch  10 | time: 157.25s | valid loss  5.04 | valid ppl   154.84
-----------------------------------------------------------------------------------------
=========================================================================================
| End of training | test loss  4.96 | test ppl   142.71
=========================================================================================
