python /home/drr342/dl/assignments/hw3/examples/word_language_model/main.py --data /home/drr342/dl/assignments/hw3/examples/word_language_model/data/wikitext-2 --save /home/drr342/dl/assignments/hw3/models/LSTM'_'400'_'1'_'32.pt --cuda --model LSTM --epochs 10 --emsize 400 --nlayers 1 --bptt 32

/home/drr342/pyenv/py3.6.3/lib/python3.6/site-packages/torch/nn/modules/rnn.py:46: UserWarning: dropout option adds dropout after all but last recurrent layer, so non-zero dropout expects num_layers greater than 1, but got dropout=0.2 and num_layers=1
  "num_layers={}".format(dropout, num_layers))
| epoch   1 |   200/ 3263 batches | lr 20.00 | ms/batch 39.64 | loss  7.48 | ppl  1767.17
| epoch   1 |   400/ 3263 batches | lr 20.00 | ms/batch 39.98 | loss  6.62 | ppl   749.73
| epoch   1 |   600/ 3263 batches | lr 20.00 | ms/batch 39.98 | loss  6.28 | ppl   532.75
| epoch   1 |   800/ 3263 batches | lr 20.00 | ms/batch 40.00 | loss  6.06 | ppl   427.49
| epoch   1 |  1000/ 3263 batches | lr 20.00 | ms/batch 40.54 | loss  5.99 | ppl   398.99
| epoch   1 |  1200/ 3263 batches | lr 20.00 | ms/batch 39.55 | loss  5.91 | ppl   369.79
| epoch   1 |  1400/ 3263 batches | lr 20.00 | ms/batch 41.82 | loss  5.86 | ppl   350.58
| epoch   1 |  1600/ 3263 batches | lr 20.00 | ms/batch 40.47 | loss  5.77 | ppl   321.88
| epoch   1 |  1800/ 3263 batches | lr 20.00 | ms/batch 41.49 | loss  5.78 | ppl   324.89
| epoch   1 |  2000/ 3263 batches | lr 20.00 | ms/batch 39.17 | loss  5.66 | ppl   288.23
| epoch   1 |  2200/ 3263 batches | lr 20.00 | ms/batch 40.19 | loss  5.63 | ppl   277.57
| epoch   1 |  2400/ 3263 batches | lr 20.00 | ms/batch 39.75 | loss  5.55 | ppl   256.65
| epoch   1 |  2600/ 3263 batches | lr 20.00 | ms/batch 41.54 | loss  5.55 | ppl   256.46
| epoch   1 |  2800/ 3263 batches | lr 20.00 | ms/batch 39.36 | loss  5.54 | ppl   255.51
| epoch   1 |  3000/ 3263 batches | lr 20.00 | ms/batch 39.75 | loss  5.48 | ppl   240.30
| epoch   1 |  3200/ 3263 batches | lr 20.00 | ms/batch 40.70 | loss  5.40 | ppl   221.75
-----------------------------------------------------------------------------------------
| end of epoch   1 | time: 136.13s | valid loss  5.43 | valid ppl   228.79
-----------------------------------------------------------------------------------------
| epoch   2 |   200/ 3263 batches | lr 20.00 | ms/batch 39.90 | loss  5.44 | ppl   230.91
| epoch   2 |   400/ 3263 batches | lr 20.00 | ms/batch 40.23 | loss  5.42 | ppl   226.67
| epoch   2 |   600/ 3263 batches | lr 20.00 | ms/batch 40.32 | loss  5.31 | ppl   201.68
| epoch   2 |   800/ 3263 batches | lr 20.00 | ms/batch 38.89 | loss  5.20 | ppl   181.39
| epoch   2 |  1000/ 3263 batches | lr 20.00 | ms/batch 39.84 | loss  5.26 | ppl   193.08
| epoch   2 |  1200/ 3263 batches | lr 20.00 | ms/batch 39.28 | loss  5.21 | ppl   182.89
| epoch   2 |  1400/ 3263 batches | lr 20.00 | ms/batch 41.25 | loss  5.25 | ppl   190.60
| epoch   2 |  1600/ 3263 batches | lr 20.00 | ms/batch 38.61 | loss  5.22 | ppl   184.21
| epoch   2 |  1800/ 3263 batches | lr 20.00 | ms/batch 40.48 | loss  5.26 | ppl   191.85
| epoch   2 |  2000/ 3263 batches | lr 20.00 | ms/batch 41.48 | loss  5.16 | ppl   174.75
| epoch   2 |  2200/ 3263 batches | lr 20.00 | ms/batch 40.67 | loss  5.15 | ppl   172.42
| epoch   2 |  2400/ 3263 batches | lr 20.00 | ms/batch 38.95 | loss  5.07 | ppl   159.73
| epoch   2 |  2600/ 3263 batches | lr 20.00 | ms/batch 40.63 | loss  5.10 | ppl   163.45
| epoch   2 |  2800/ 3263 batches | lr 20.00 | ms/batch 40.71 | loss  5.10 | ppl   164.00
| epoch   2 |  3000/ 3263 batches | lr 20.00 | ms/batch 39.80 | loss  5.07 | ppl   159.82
| epoch   2 |  3200/ 3263 batches | lr 20.00 | ms/batch 42.34 | loss  4.99 | ppl   146.97
-----------------------------------------------------------------------------------------
| end of epoch   2 | time: 136.28s | valid loss  5.21 | valid ppl   182.63
-----------------------------------------------------------------------------------------
| epoch   3 |   200/ 3263 batches | lr 20.00 | ms/batch 41.49 | loss  5.08 | ppl   160.67
| epoch   3 |   400/ 3263 batches | lr 20.00 | ms/batch 41.26 | loss  5.09 | ppl   163.16
| epoch   3 |   600/ 3263 batches | lr 20.00 | ms/batch 41.23 | loss  4.98 | ppl   145.18
| epoch   3 |   800/ 3263 batches | lr 20.00 | ms/batch 42.15 | loss  4.89 | ppl   132.74
| epoch   3 |  1000/ 3263 batches | lr 20.00 | ms/batch 41.54 | loss  4.97 | ppl   144.09
| epoch   3 |  1200/ 3263 batches | lr 20.00 | ms/batch 40.15 | loss  4.92 | ppl   136.68
| epoch   3 |  1400/ 3263 batches | lr 20.00 | ms/batch 42.50 | loss  4.99 | ppl   146.64
| epoch   3 |  1600/ 3263 batches | lr 20.00 | ms/batch 41.58 | loss  4.96 | ppl   142.38
| epoch   3 |  1800/ 3263 batches | lr 20.00 | ms/batch 41.48 | loss  5.01 | ppl   149.26
| epoch   3 |  2000/ 3263 batches | lr 20.00 | ms/batch 39.85 | loss  4.92 | ppl   137.19
| epoch   3 |  2200/ 3263 batches | lr 20.00 | ms/batch 42.90 | loss  4.92 | ppl   136.50
| epoch   3 |  2400/ 3263 batches | lr 20.00 | ms/batch 41.42 | loss  4.83 | ppl   124.73
| epoch   3 |  2600/ 3263 batches | lr 20.00 | ms/batch 41.79 | loss  4.85 | ppl   128.34
| epoch   3 |  2800/ 3263 batches | lr 20.00 | ms/batch 41.42 | loss  4.86 | ppl   129.57
| epoch   3 |  3000/ 3263 batches | lr 20.00 | ms/batch 41.52 | loss  4.86 | ppl   128.78
| epoch   3 |  3200/ 3263 batches | lr 20.00 | ms/batch 41.35 | loss  4.78 | ppl   118.58
-----------------------------------------------------------------------------------------
| end of epoch   3 | time: 140.15s | valid loss  5.12 | valid ppl   166.81
-----------------------------------------------------------------------------------------
| epoch   4 |   200/ 3263 batches | lr 20.00 | ms/batch 42.00 | loss  4.86 | ppl   129.55
| epoch   4 |   400/ 3263 batches | lr 20.00 | ms/batch 41.87 | loss  4.89 | ppl   132.82
| epoch   4 |   600/ 3263 batches | lr 20.00 | ms/batch 42.36 | loss  4.78 | ppl   119.28
| epoch   4 |   800/ 3263 batches | lr 20.00 | ms/batch 40.50 | loss  4.69 | ppl   108.73
| epoch   4 |  1000/ 3263 batches | lr 20.00 | ms/batch 42.32 | loss  4.79 | ppl   119.92
| epoch   4 |  1200/ 3263 batches | lr 20.00 | ms/batch 42.26 | loss  4.73 | ppl   113.20
| epoch   4 |  1400/ 3263 batches | lr 20.00 | ms/batch 42.36 | loss  4.81 | ppl   123.25
| epoch   4 |  1600/ 3263 batches | lr 20.00 | ms/batch 42.70 | loss  4.78 | ppl   119.16
| epoch   4 |  1800/ 3263 batches | lr 20.00 | ms/batch 40.43 | loss  4.84 | ppl   126.59
| epoch   4 |  2000/ 3263 batches | lr 20.00 | ms/batch 41.42 | loss  4.76 | ppl   116.21
| epoch   4 |  2200/ 3263 batches | lr 20.00 | ms/batch 41.34 | loss  4.75 | ppl   116.12
| epoch   4 |  2400/ 3263 batches | lr 20.00 | ms/batch 40.85 | loss  4.67 | ppl   106.18
| epoch   4 |  2600/ 3263 batches | lr 20.00 | ms/batch 40.86 | loss  4.69 | ppl   108.93
| epoch   4 |  2800/ 3263 batches | lr 20.00 | ms/batch 39.92 | loss  4.70 | ppl   110.07
| epoch   4 |  3000/ 3263 batches | lr 20.00 | ms/batch 39.93 | loss  4.70 | ppl   110.21
| epoch   4 |  3200/ 3263 batches | lr 20.00 | ms/batch 39.91 | loss  4.62 | ppl   101.70
-----------------------------------------------------------------------------------------
| end of epoch   4 | time: 139.60s | valid loss  5.06 | valid ppl   158.05
-----------------------------------------------------------------------------------------
| epoch   5 |   200/ 3263 batches | lr 20.00 | ms/batch 42.96 | loss  4.71 | ppl   110.96
| epoch   5 |   400/ 3263 batches | lr 20.00 | ms/batch 42.70 | loss  4.74 | ppl   113.96
| epoch   5 |   600/ 3263 batches | lr 20.00 | ms/batch 39.93 | loss  4.63 | ppl   102.61
| epoch   5 |   800/ 3263 batches | lr 20.00 | ms/batch 42.27 | loss  4.55 | ppl    94.81
| epoch   5 |  1000/ 3263 batches | lr 20.00 | ms/batch 40.90 | loss  4.65 | ppl   104.10
| epoch   5 |  1200/ 3263 batches | lr 20.00 | ms/batch 40.86 | loss  4.60 | ppl    99.47
| epoch   5 |  1400/ 3263 batches | lr 20.00 | ms/batch 40.93 | loss  4.68 | ppl   107.90
| epoch   5 |  1600/ 3263 batches | lr 20.00 | ms/batch 42.33 | loss  4.65 | ppl   104.49
| epoch   5 |  1800/ 3263 batches | lr 20.00 | ms/batch 40.01 | loss  4.71 | ppl   111.37
| epoch   5 |  2000/ 3263 batches | lr 20.00 | ms/batch 41.38 | loss  4.63 | ppl   102.76
| epoch   5 |  2200/ 3263 batches | lr 20.00 | ms/batch 40.45 | loss  4.64 | ppl   103.09
| epoch   5 |  2400/ 3263 batches | lr 20.00 | ms/batch 40.02 | loss  4.54 | ppl    93.50
| epoch   5 |  2600/ 3263 batches | lr 20.00 | ms/batch 40.92 | loss  4.57 | ppl    96.33
| epoch   5 |  2800/ 3263 batches | lr 20.00 | ms/batch 42.01 | loss  4.58 | ppl    97.99
| epoch   5 |  3000/ 3263 batches | lr 20.00 | ms/batch 41.31 | loss  4.58 | ppl    97.71
| epoch   5 |  3200/ 3263 batches | lr 20.00 | ms/batch 41.36 | loss  4.51 | ppl    90.97
-----------------------------------------------------------------------------------------
| end of epoch   5 | time: 139.38s | valid loss  5.04 | valid ppl   154.31
-----------------------------------------------------------------------------------------
| epoch   6 |   200/ 3263 batches | lr 20.00 | ms/batch 40.17 | loss  4.59 | ppl    98.79
| epoch   6 |   400/ 3263 batches | lr 20.00 | ms/batch 40.01 | loss  4.62 | ppl   101.55
| epoch   6 |   600/ 3263 batches | lr 20.00 | ms/batch 41.95 | loss  4.51 | ppl    90.90
| epoch   6 |   800/ 3263 batches | lr 20.00 | ms/batch 41.43 | loss  4.44 | ppl    84.84
| epoch   6 |  1000/ 3263 batches | lr 20.00 | ms/batch 40.56 | loss  4.54 | ppl    94.06
| epoch   6 |  1200/ 3263 batches | lr 20.00 | ms/batch 41.01 | loss  4.49 | ppl    89.43
| epoch   6 |  1400/ 3263 batches | lr 20.00 | ms/batch 42.86 | loss  4.58 | ppl    97.46
| epoch   6 |  1600/ 3263 batches | lr 20.00 | ms/batch 41.88 | loss  4.54 | ppl    94.10
| epoch   6 |  1800/ 3263 batches | lr 20.00 | ms/batch 41.03 | loss  4.61 | ppl   100.76
| epoch   6 |  2000/ 3263 batches | lr 20.00 | ms/batch 41.49 | loss  4.54 | ppl    93.39
| epoch   6 |  2200/ 3263 batches | lr 20.00 | ms/batch 42.16 | loss  4.54 | ppl    93.39
| epoch   6 |  2400/ 3263 batches | lr 20.00 | ms/batch 43.04 | loss  4.44 | ppl    84.73
| epoch   6 |  2600/ 3263 batches | lr 20.00 | ms/batch 40.51 | loss  4.47 | ppl    87.51
| epoch   6 |  2800/ 3263 batches | lr 20.00 | ms/batch 43.11 | loss  4.49 | ppl    88.74
| epoch   6 |  3000/ 3263 batches | lr 20.00 | ms/batch 40.14 | loss  4.49 | ppl    89.10
| epoch   6 |  3200/ 3263 batches | lr 20.00 | ms/batch 42.52 | loss  4.42 | ppl    82.70
-----------------------------------------------------------------------------------------
| end of epoch   6 | time: 140.00s | valid loss  5.04 | valid ppl   154.27
-----------------------------------------------------------------------------------------
| epoch   7 |   200/ 3263 batches | lr 20.00 | ms/batch 40.97 | loss  4.49 | ppl    89.52
| epoch   7 |   400/ 3263 batches | lr 20.00 | ms/batch 40.75 | loss  4.52 | ppl    91.89
| epoch   7 |   600/ 3263 batches | lr 20.00 | ms/batch 40.78 | loss  4.42 | ppl    82.93
| epoch   7 |   800/ 3263 batches | lr 20.00 | ms/batch 41.21 | loss  4.36 | ppl    77.87
| epoch   7 |  1000/ 3263 batches | lr 20.00 | ms/batch 40.78 | loss  4.45 | ppl    85.55
| epoch   7 |  1200/ 3263 batches | lr 20.00 | ms/batch 40.63 | loss  4.41 | ppl    82.34
| epoch   7 |  1400/ 3263 batches | lr 20.00 | ms/batch 40.79 | loss  4.50 | ppl    90.32
| epoch   7 |  1600/ 3263 batches | lr 20.00 | ms/batch 40.84 | loss  4.46 | ppl    86.59
| epoch   7 |  1800/ 3263 batches | lr 20.00 | ms/batch 40.85 | loss  4.53 | ppl    92.73
| epoch   7 |  2000/ 3263 batches | lr 20.00 | ms/batch 40.84 | loss  4.46 | ppl    86.41
| epoch   7 |  2200/ 3263 batches | lr 20.00 | ms/batch 41.29 | loss  4.46 | ppl    86.11
| epoch   7 |  2400/ 3263 batches | lr 20.00 | ms/batch 40.81 | loss  4.35 | ppl    77.60
| epoch   7 |  2600/ 3263 batches | lr 20.00 | ms/batch 40.82 | loss  4.39 | ppl    80.40
| epoch   7 |  2800/ 3263 batches | lr 20.00 | ms/batch 41.29 | loss  4.41 | ppl    82.13
| epoch   7 |  3000/ 3263 batches | lr 20.00 | ms/batch 41.23 | loss  4.41 | ppl    82.22
| epoch   7 |  3200/ 3263 batches | lr 20.00 | ms/batch 40.80 | loss  4.34 | ppl    76.67
-----------------------------------------------------------------------------------------
| end of epoch   7 | time: 138.56s | valid loss  5.03 | valid ppl   152.77
-----------------------------------------------------------------------------------------
| epoch   8 |   200/ 3263 batches | lr 20.00 | ms/batch 42.09 | loss  4.41 | ppl    82.44
| epoch   8 |   400/ 3263 batches | lr 20.00 | ms/batch 41.41 | loss  4.45 | ppl    85.57
| epoch   8 |   600/ 3263 batches | lr 20.00 | ms/batch 40.99 | loss  4.34 | ppl    76.91
| epoch   8 |   800/ 3263 batches | lr 20.00 | ms/batch 41.00 | loss  4.27 | ppl    71.63
| epoch   8 |  1000/ 3263 batches | lr 20.00 | ms/batch 40.01 | loss  4.38 | ppl    79.95
| epoch   8 |  1200/ 3263 batches | lr 20.00 | ms/batch 43.32 | loss  4.34 | ppl    76.76
| epoch   8 |  1400/ 3263 batches | lr 20.00 | ms/batch 41.41 | loss  4.43 | ppl    83.64
| epoch   8 |  1600/ 3263 batches | lr 20.00 | ms/batch 41.38 | loss  4.39 | ppl    80.53
| epoch   8 |  1800/ 3263 batches | lr 20.00 | ms/batch 39.08 | loss  4.46 | ppl    86.35
| epoch   8 |  2000/ 3263 batches | lr 20.00 | ms/batch 40.90 | loss  4.39 | ppl    80.53
| epoch   8 |  2200/ 3263 batches | lr 20.00 | ms/batch 40.44 | loss  4.39 | ppl    80.63
| epoch   8 |  2400/ 3263 batches | lr 20.00 | ms/batch 41.40 | loss  4.29 | ppl    73.01
| epoch   8 |  2600/ 3263 batches | lr 20.00 | ms/batch 40.54 | loss  4.32 | ppl    74.99
| epoch   8 |  2800/ 3263 batches | lr 20.00 | ms/batch 40.47 | loss  4.34 | ppl    76.76
| epoch   8 |  3000/ 3263 batches | lr 20.00 | ms/batch 41.43 | loss  4.34 | ppl    77.07
| epoch   8 |  3200/ 3263 batches | lr 20.00 | ms/batch 40.94 | loss  4.28 | ppl    71.95
-----------------------------------------------------------------------------------------
| end of epoch   8 | time: 138.88s | valid loss  5.04 | valid ppl   153.74
-----------------------------------------------------------------------------------------
| epoch   9 |   200/ 3263 batches | lr 5.00 | ms/batch 40.71 | loss  4.38 | ppl    80.07
| epoch   9 |   400/ 3263 batches | lr 5.00 | ms/batch 40.57 | loss  4.38 | ppl    79.92
| epoch   9 |   600/ 3263 batches | lr 5.00 | ms/batch 41.43 | loss  4.26 | ppl    70.65
| epoch   9 |   800/ 3263 batches | lr 5.00 | ms/batch 41.85 | loss  4.20 | ppl    66.37
| epoch   9 |  1000/ 3263 batches | lr 5.00 | ms/batch 40.05 | loss  4.27 | ppl    71.36
| epoch   9 |  1200/ 3263 batches | lr 5.00 | ms/batch 40.43 | loss  4.20 | ppl    66.74
| epoch   9 |  1400/ 3263 batches | lr 5.00 | ms/batch 40.95 | loss  4.28 | ppl    72.01
| epoch   9 |  1600/ 3263 batches | lr 5.00 | ms/batch 39.54 | loss  4.21 | ppl    67.19
| epoch   9 |  1800/ 3263 batches | lr 5.00 | ms/batch 41.90 | loss  4.26 | ppl    71.14
| epoch   9 |  2000/ 3263 batches | lr 5.00 | ms/batch 40.43 | loss  4.17 | ppl    64.91
| epoch   9 |  2200/ 3263 batches | lr 5.00 | ms/batch 43.24 | loss  4.17 | ppl    64.40
| epoch   9 |  2400/ 3263 batches | lr 5.00 | ms/batch 41.87 | loss  4.03 | ppl    56.40
| epoch   9 |  2600/ 3263 batches | lr 5.00 | ms/batch 39.56 | loss  4.05 | ppl    57.41
| epoch   9 |  2800/ 3263 batches | lr 5.00 | ms/batch 42.41 | loss  4.06 | ppl    57.92
| epoch   9 |  3000/ 3263 batches | lr 5.00 | ms/batch 38.99 | loss  4.03 | ppl    56.45
| epoch   9 |  3200/ 3263 batches | lr 5.00 | ms/batch 41.43 | loss  3.95 | ppl    52.12
-----------------------------------------------------------------------------------------
| end of epoch   9 | time: 138.57s | valid loss  4.90 | valid ppl   134.56
-----------------------------------------------------------------------------------------
| epoch  10 |   200/ 3263 batches | lr 5.00 | ms/batch 42.01 | loss  4.22 | ppl    67.97
| epoch  10 |   400/ 3263 batches | lr 5.00 | ms/batch 42.46 | loss  4.24 | ppl    69.13
| epoch  10 |   600/ 3263 batches | lr 5.00 | ms/batch 40.53 | loss  4.13 | ppl    62.10
| epoch  10 |   800/ 3263 batches | lr 5.00 | ms/batch 40.06 | loss  4.06 | ppl    58.25
| epoch  10 |  1000/ 3263 batches | lr 5.00 | ms/batch 40.07 | loss  4.14 | ppl    62.99
| epoch  10 |  1200/ 3263 batches | lr 5.00 | ms/batch 41.47 | loss  4.10 | ppl    60.08
| epoch  10 |  1400/ 3263 batches | lr 5.00 | ms/batch 39.11 | loss  4.18 | ppl    65.42
| epoch  10 |  1600/ 3263 batches | lr 5.00 | ms/batch 41.95 | loss  4.12 | ppl    61.63
| epoch  10 |  1800/ 3263 batches | lr 5.00 | ms/batch 40.98 | loss  4.19 | ppl    65.86
| epoch  10 |  2000/ 3263 batches | lr 5.00 | ms/batch 40.01 | loss  4.10 | ppl    60.52
| epoch  10 |  2200/ 3263 batches | lr 5.00 | ms/batch 42.42 | loss  4.10 | ppl    60.47
| epoch  10 |  2400/ 3263 batches | lr 5.00 | ms/batch 40.56 | loss  3.98 | ppl    53.42
| epoch  10 |  2600/ 3263 batches | lr 5.00 | ms/batch 40.67 | loss  4.00 | ppl    54.85
| epoch  10 |  2800/ 3263 batches | lr 5.00 | ms/batch 40.86 | loss  4.02 | ppl    55.47
| epoch  10 |  3000/ 3263 batches | lr 5.00 | ms/batch 41.91 | loss  4.00 | ppl    54.82
| epoch  10 |  3200/ 3263 batches | lr 5.00 | ms/batch 40.45 | loss  3.93 | ppl    50.89
-----------------------------------------------------------------------------------------
| end of epoch  10 | time: 138.41s | valid loss  4.89 | valid ppl   133.41
-----------------------------------------------------------------------------------------
=========================================================================================
| End of training | test loss  4.83 | test ppl   125.15
=========================================================================================
