python /home/drr342/dl/assignments/hw3/examples/word_language_model/main.py --data /home/drr342/dl/assignments/hw3/examples/word_language_model/data/wikitext-2 --save /home/drr342/dl/assignments/hw3/models/LSTM'_'200'_'4'_'32.pt --cuda --model LSTM --epochs 10 --emsize 200 --nlayers 4 --bptt 32

| epoch   1 |   200/ 3263 batches | lr 20.00 | ms/batch 64.85 | loss  7.72 | ppl  2254.66
| epoch   1 |   400/ 3263 batches | lr 20.00 | ms/batch 63.66 | loss  7.31 | ppl  1497.11
| epoch   1 |   600/ 3263 batches | lr 20.00 | ms/batch 63.60 | loss  7.22 | ppl  1364.49
| epoch   1 |   800/ 3263 batches | lr 20.00 | ms/batch 63.78 | loss  7.17 | ppl  1299.35
| epoch   1 |  1000/ 3263 batches | lr 20.00 | ms/batch 63.94 | loss  7.17 | ppl  1299.10
| epoch   1 |  1200/ 3263 batches | lr 20.00 | ms/batch 63.87 | loss  7.17 | ppl  1299.93
| epoch   1 |  1400/ 3263 batches | lr 20.00 | ms/batch 63.79 | loss  7.15 | ppl  1269.66
| epoch   1 |  1600/ 3263 batches | lr 20.00 | ms/batch 63.85 | loss  7.11 | ppl  1227.23
| epoch   1 |  1800/ 3263 batches | lr 20.00 | ms/batch 63.91 | loss  6.98 | ppl  1071.46
| epoch   1 |  2000/ 3263 batches | lr 20.00 | ms/batch 63.92 | loss  6.72 | ppl   828.04
| epoch   1 |  2200/ 3263 batches | lr 20.00 | ms/batch 63.76 | loss  6.58 | ppl   720.99
| epoch   1 |  2400/ 3263 batches | lr 20.00 | ms/batch 63.94 | loss  6.46 | ppl   636.57
| epoch   1 |  2600/ 3263 batches | lr 20.00 | ms/batch 63.96 | loss  6.34 | ppl   567.89
| epoch   1 |  2800/ 3263 batches | lr 20.00 | ms/batch 63.78 | loss  6.29 | ppl   539.10
| epoch   1 |  3000/ 3263 batches | lr 20.00 | ms/batch 63.55 | loss  6.17 | ppl   480.19
| epoch   1 |  3200/ 3263 batches | lr 20.00 | ms/batch 63.60 | loss  6.09 | ppl   441.93
-----------------------------------------------------------------------------------------
| end of epoch   1 | time: 214.82s | valid loss  6.05 | valid ppl   424.60
-----------------------------------------------------------------------------------------
| epoch   2 |   200/ 3263 batches | lr 20.00 | ms/batch 64.02 | loss  6.05 | ppl   422.42
| epoch   2 |   400/ 3263 batches | lr 20.00 | ms/batch 63.69 | loss  6.01 | ppl   406.55
| epoch   2 |   600/ 3263 batches | lr 20.00 | ms/batch 63.71 | loss  5.90 | ppl   363.43
| epoch   2 |   800/ 3263 batches | lr 20.00 | ms/batch 63.54 | loss  5.79 | ppl   327.69
| epoch   2 |  1000/ 3263 batches | lr 20.00 | ms/batch 63.46 | loss  5.83 | ppl   339.57
| epoch   2 |  1200/ 3263 batches | lr 20.00 | ms/batch 63.40 | loss  5.78 | ppl   324.45
| epoch   2 |  1400/ 3263 batches | lr 20.00 | ms/batch 63.41 | loss  5.79 | ppl   325.82
| epoch   2 |  1600/ 3263 batches | lr 20.00 | ms/batch 63.40 | loss  5.76 | ppl   316.77
| epoch   2 |  1800/ 3263 batches | lr 20.00 | ms/batch 63.60 | loss  5.78 | ppl   323.14
| epoch   2 |  2000/ 3263 batches | lr 20.00 | ms/batch 63.58 | loss  5.68 | ppl   293.05
| epoch   2 |  2200/ 3263 batches | lr 20.00 | ms/batch 63.60 | loss  5.65 | ppl   285.23
| epoch   2 |  2400/ 3263 batches | lr 20.00 | ms/batch 63.58 | loss  5.57 | ppl   262.92
| epoch   2 |  2600/ 3263 batches | lr 20.00 | ms/batch 63.62 | loss  5.59 | ppl   266.82
| epoch   2 |  2800/ 3263 batches | lr 20.00 | ms/batch 63.65 | loss  5.57 | ppl   262.62
| epoch   2 |  3000/ 3263 batches | lr 20.00 | ms/batch 63.62 | loss  5.52 | ppl   250.43
| epoch   2 |  3200/ 3263 batches | lr 20.00 | ms/batch 63.61 | loss  5.45 | ppl   231.64
-----------------------------------------------------------------------------------------
| end of epoch   2 | time: 213.96s | valid loss  5.56 | valid ppl   259.53
-----------------------------------------------------------------------------------------
| epoch   3 |   200/ 3263 batches | lr 20.00 | ms/batch 63.76 | loss  5.50 | ppl   245.67
| epoch   3 |   400/ 3263 batches | lr 20.00 | ms/batch 63.35 | loss  5.52 | ppl   249.83
| epoch   3 |   600/ 3263 batches | lr 20.00 | ms/batch 63.37 | loss  5.42 | ppl   226.23
| epoch   3 |   800/ 3263 batches | lr 20.00 | ms/batch 63.35 | loss  5.34 | ppl   208.25
| epoch   3 |  1000/ 3263 batches | lr 20.00 | ms/batch 63.23 | loss  5.41 | ppl   223.21
| epoch   3 |  1200/ 3263 batches | lr 20.00 | ms/batch 63.39 | loss  5.36 | ppl   213.24
| epoch   3 |  1400/ 3263 batches | lr 20.00 | ms/batch 63.54 | loss  5.42 | ppl   224.91
| epoch   3 |  1600/ 3263 batches | lr 20.00 | ms/batch 63.56 | loss  5.38 | ppl   216.73
| epoch   3 |  1800/ 3263 batches | lr 20.00 | ms/batch 63.55 | loss  5.43 | ppl   227.96
| epoch   3 |  2000/ 3263 batches | lr 20.00 | ms/batch 63.53 | loss  5.34 | ppl   208.32
| epoch   3 |  2200/ 3263 batches | lr 20.00 | ms/batch 63.55 | loss  5.32 | ppl   205.09
| epoch   3 |  2400/ 3263 batches | lr 20.00 | ms/batch 63.56 | loss  5.26 | ppl   191.99
| epoch   3 |  2600/ 3263 batches | lr 20.00 | ms/batch 63.51 | loss  5.28 | ppl   196.21
| epoch   3 |  2800/ 3263 batches | lr 20.00 | ms/batch 63.58 | loss  5.28 | ppl   195.92
| epoch   3 |  3000/ 3263 batches | lr 20.00 | ms/batch 63.56 | loss  5.25 | ppl   190.68
| epoch   3 |  3200/ 3263 batches | lr 20.00 | ms/batch 63.55 | loss  5.16 | ppl   173.75
-----------------------------------------------------------------------------------------
| end of epoch   3 | time: 213.64s | valid loss  5.39 | valid ppl   218.84
-----------------------------------------------------------------------------------------
| epoch   4 |   200/ 3263 batches | lr 20.00 | ms/batch 63.87 | loss  5.25 | ppl   190.38
| epoch   4 |   400/ 3263 batches | lr 20.00 | ms/batch 63.39 | loss  5.28 | ppl   195.42
| epoch   4 |   600/ 3263 batches | lr 20.00 | ms/batch 63.52 | loss  5.17 | ppl   176.00
| epoch   4 |   800/ 3263 batches | lr 20.00 | ms/batch 63.56 | loss  5.10 | ppl   163.48
| epoch   4 |  1000/ 3263 batches | lr 20.00 | ms/batch 63.57 | loss  5.19 | ppl   179.50
| epoch   4 |  1200/ 3263 batches | lr 20.00 | ms/batch 63.59 | loss  5.14 | ppl   170.20
| epoch   4 |  1400/ 3263 batches | lr 20.00 | ms/batch 63.57 | loss  5.20 | ppl   180.80
| epoch   4 |  1600/ 3263 batches | lr 20.00 | ms/batch 63.86 | loss  5.17 | ppl   176.02
| epoch   4 |  1800/ 3263 batches | lr 20.00 | ms/batch 63.95 | loss  5.23 | ppl   186.16
| epoch   4 |  2000/ 3263 batches | lr 20.00 | ms/batch 63.95 | loss  5.14 | ppl   171.54
| epoch   4 |  2200/ 3263 batches | lr 20.00 | ms/batch 63.88 | loss  5.14 | ppl   170.07
| epoch   4 |  2400/ 3263 batches | lr 20.00 | ms/batch 63.95 | loss  5.07 | ppl   158.48
| epoch   4 |  2600/ 3263 batches | lr 20.00 | ms/batch 63.94 | loss  5.10 | ppl   163.46
| epoch   4 |  2800/ 3263 batches | lr 20.00 | ms/batch 63.92 | loss  5.09 | ppl   163.08
| epoch   4 |  3000/ 3263 batches | lr 20.00 | ms/batch 63.92 | loss  5.08 | ppl   161.13
| epoch   4 |  3200/ 3263 batches | lr 20.00 | ms/batch 63.78 | loss  4.99 | ppl   147.37
-----------------------------------------------------------------------------------------
| end of epoch   4 | time: 214.51s | valid loss  5.26 | valid ppl   193.34
-----------------------------------------------------------------------------------------
| epoch   5 |   200/ 3263 batches | lr 20.00 | ms/batch 64.32 | loss  5.09 | ppl   162.96
| epoch   5 |   400/ 3263 batches | lr 20.00 | ms/batch 64.00 | loss  5.12 | ppl   167.67
| epoch   5 |   600/ 3263 batches | lr 20.00 | ms/batch 64.06 | loss  5.01 | ppl   150.44
| epoch   5 |   800/ 3263 batches | lr 20.00 | ms/batch 64.06 | loss  4.94 | ppl   140.27
| epoch   5 |  1000/ 3263 batches | lr 20.00 | ms/batch 64.11 | loss  5.04 | ppl   154.63
| epoch   5 |  1200/ 3263 batches | lr 20.00 | ms/batch 64.06 | loss  4.99 | ppl   147.22
| epoch   5 |  1400/ 3263 batches | lr 20.00 | ms/batch 64.00 | loss  5.06 | ppl   156.96
| epoch   5 |  1600/ 3263 batches | lr 20.00 | ms/batch 63.70 | loss  5.03 | ppl   152.83
| epoch   5 |  1800/ 3263 batches | lr 20.00 | ms/batch 63.65 | loss  5.09 | ppl   162.18
| epoch   5 |  2000/ 3263 batches | lr 20.00 | ms/batch 63.75 | loss  5.01 | ppl   149.73
| epoch   5 |  2200/ 3263 batches | lr 20.00 | ms/batch 63.72 | loss  5.00 | ppl   148.62
| epoch   5 |  2400/ 3263 batches | lr 20.00 | ms/batch 63.67 | loss  4.93 | ppl   138.43
| epoch   5 |  2600/ 3263 batches | lr 20.00 | ms/batch 63.62 | loss  4.96 | ppl   142.13
| epoch   5 |  2800/ 3263 batches | lr 20.00 | ms/batch 63.74 | loss  4.97 | ppl   143.59
| epoch   5 |  3000/ 3263 batches | lr 20.00 | ms/batch 63.69 | loss  4.96 | ppl   142.47
| epoch   5 |  3200/ 3263 batches | lr 20.00 | ms/batch 63.81 | loss  4.87 | ppl   130.28
-----------------------------------------------------------------------------------------
| end of epoch   5 | time: 214.86s | valid loss  5.20 | valid ppl   180.82
-----------------------------------------------------------------------------------------
| epoch   6 |   200/ 3263 batches | lr 20.00 | ms/batch 63.77 | loss  4.98 | ppl   145.41
| epoch   6 |   400/ 3263 batches | lr 20.00 | ms/batch 63.48 | loss  5.01 | ppl   149.96
| epoch   6 |   600/ 3263 batches | lr 20.00 | ms/batch 63.58 | loss  4.90 | ppl   134.75
| epoch   6 |   800/ 3263 batches | lr 20.00 | ms/batch 63.52 | loss  4.83 | ppl   125.09
| epoch   6 |  1000/ 3263 batches | lr 20.00 | ms/batch 63.45 | loss  4.93 | ppl   138.86
| epoch   6 |  1200/ 3263 batches | lr 20.00 | ms/batch 63.42 | loss  4.88 | ppl   131.63
| epoch   6 |  1400/ 3263 batches | lr 20.00 | ms/batch 63.48 | loss  4.95 | ppl   141.66
| epoch   6 |  1600/ 3263 batches | lr 20.00 | ms/batch 63.48 | loss  4.93 | ppl   138.29
| epoch   6 |  1800/ 3263 batches | lr 20.00 | ms/batch 63.46 | loss  4.99 | ppl   146.82
| epoch   6 |  2000/ 3263 batches | lr 20.00 | ms/batch 63.37 | loss  4.90 | ppl   134.85
| epoch   6 |  2200/ 3263 batches | lr 20.00 | ms/batch 63.46 | loss  4.90 | ppl   134.36
| epoch   6 |  2400/ 3263 batches | lr 20.00 | ms/batch 63.54 | loss  4.83 | ppl   124.73
| epoch   6 |  2600/ 3263 batches | lr 20.00 | ms/batch 63.58 | loss  4.87 | ppl   129.71
| epoch   6 |  2800/ 3263 batches | lr 20.00 | ms/batch 63.54 | loss  4.87 | ppl   130.62
| epoch   6 |  3000/ 3263 batches | lr 20.00 | ms/batch 63.57 | loss  4.88 | ppl   131.07
| epoch   6 |  3200/ 3263 batches | lr 20.00 | ms/batch 63.54 | loss  4.78 | ppl   119.13
-----------------------------------------------------------------------------------------
| end of epoch   6 | time: 213.72s | valid loss  5.16 | valid ppl   173.41
-----------------------------------------------------------------------------------------
| epoch   7 |   200/ 3263 batches | lr 20.00 | ms/batch 64.06 | loss  4.89 | ppl   132.35
| epoch   7 |   400/ 3263 batches | lr 20.00 | ms/batch 63.69 | loss  4.92 | ppl   136.74
| epoch   7 |   600/ 3263 batches | lr 20.00 | ms/batch 63.69 | loss  4.81 | ppl   122.98
| epoch   7 |   800/ 3263 batches | lr 20.00 | ms/batch 63.70 | loss  4.74 | ppl   114.42
| epoch   7 |  1000/ 3263 batches | lr 20.00 | ms/batch 63.71 | loss  4.84 | ppl   126.99
| epoch   7 |  1200/ 3263 batches | lr 20.00 | ms/batch 63.69 | loss  4.80 | ppl   121.00
| epoch   7 |  1400/ 3263 batches | lr 20.00 | ms/batch 63.59 | loss  4.87 | ppl   129.98
| epoch   7 |  1600/ 3263 batches | lr 20.00 | ms/batch 64.08 | loss  4.84 | ppl   126.57
| epoch   7 |  1800/ 3263 batches | lr 20.00 | ms/batch 63.90 | loss  4.91 | ppl   136.26
| epoch   7 |  2000/ 3263 batches | lr 20.00 | ms/batch 63.69 | loss  4.83 | ppl   125.11
| epoch   7 |  2200/ 3263 batches | lr 20.00 | ms/batch 63.61 | loss  4.83 | ppl   125.42
| epoch   7 |  2400/ 3263 batches | lr 20.00 | ms/batch 63.75 | loss  4.76 | ppl   116.22
| epoch   7 |  2600/ 3263 batches | lr 20.00 | ms/batch 63.72 | loss  4.79 | ppl   119.85
| epoch   7 |  2800/ 3263 batches | lr 20.00 | ms/batch 63.73 | loss  4.79 | ppl   120.60
| epoch   7 |  3000/ 3263 batches | lr 20.00 | ms/batch 63.73 | loss  4.80 | ppl   121.84
| epoch   7 |  3200/ 3263 batches | lr 20.00 | ms/batch 63.76 | loss  4.71 | ppl   111.41
-----------------------------------------------------------------------------------------
| end of epoch   7 | time: 214.49s | valid loss  5.12 | valid ppl   167.65
-----------------------------------------------------------------------------------------
| epoch   8 |   200/ 3263 batches | lr 20.00 | ms/batch 64.08 | loss  4.81 | ppl   122.98
| epoch   8 |   400/ 3263 batches | lr 20.00 | ms/batch 63.65 | loss  4.85 | ppl   128.27
| epoch   8 |   600/ 3263 batches | lr 20.00 | ms/batch 63.61 | loss  4.75 | ppl   115.61
| epoch   8 |   800/ 3263 batches | lr 20.00 | ms/batch 63.67 | loss  4.67 | ppl   106.49
| epoch   8 |  1000/ 3263 batches | lr 20.00 | ms/batch 63.63 | loss  4.77 | ppl   118.13
| epoch   8 |  1200/ 3263 batches | lr 20.00 | ms/batch 63.65 | loss  4.73 | ppl   113.61
| epoch   8 |  1400/ 3263 batches | lr 20.00 | ms/batch 63.67 | loss  4.81 | ppl   122.52
| epoch   8 |  1600/ 3263 batches | lr 20.00 | ms/batch 63.74 | loss  4.77 | ppl   117.54
| epoch   8 |  1800/ 3263 batches | lr 20.00 | ms/batch 63.68 | loss  4.84 | ppl   126.71
| epoch   8 |  2000/ 3263 batches | lr 20.00 | ms/batch 63.67 | loss  4.77 | ppl   117.67
| epoch   8 |  2200/ 3263 batches | lr 20.00 | ms/batch 63.69 | loss  4.77 | ppl   118.16
| epoch   8 |  2400/ 3263 batches | lr 20.00 | ms/batch 63.71 | loss  4.68 | ppl   108.18
| epoch   8 |  2600/ 3263 batches | lr 20.00 | ms/batch 63.76 | loss  4.72 | ppl   112.47
| epoch   8 |  2800/ 3263 batches | lr 20.00 | ms/batch 63.62 | loss  4.74 | ppl   114.54
| epoch   8 |  3000/ 3263 batches | lr 20.00 | ms/batch 63.55 | loss  4.74 | ppl   114.54
| epoch   8 |  3200/ 3263 batches | lr 20.00 | ms/batch 63.62 | loss  4.65 | ppl   104.32
-----------------------------------------------------------------------------------------
| end of epoch   8 | time: 214.21s | valid loss  5.11 | valid ppl   166.00
-----------------------------------------------------------------------------------------
| epoch   9 |   200/ 3263 batches | lr 20.00 | ms/batch 63.68 | loss  4.75 | ppl   115.80
| epoch   9 |   400/ 3263 batches | lr 20.00 | ms/batch 63.46 | loss  4.79 | ppl   119.72
| epoch   9 |   600/ 3263 batches | lr 20.00 | ms/batch 63.57 | loss  4.69 | ppl   108.38
| epoch   9 |   800/ 3263 batches | lr 20.00 | ms/batch 63.68 | loss  4.60 | ppl    99.67
| epoch   9 |  1000/ 3263 batches | lr 20.00 | ms/batch 63.71 | loss  4.72 | ppl   111.94
| epoch   9 |  1200/ 3263 batches | lr 20.00 | ms/batch 63.61 | loss  4.68 | ppl   107.54
| epoch   9 |  1400/ 3263 batches | lr 20.00 | ms/batch 63.66 | loss  4.75 | ppl   115.86
| epoch   9 |  1600/ 3263 batches | lr 20.00 | ms/batch 63.71 | loss  4.72 | ppl   112.02
| epoch   9 |  1800/ 3263 batches | lr 20.00 | ms/batch 63.68 | loss  4.79 | ppl   120.44
| epoch   9 |  2000/ 3263 batches | lr 20.00 | ms/batch 63.68 | loss  4.72 | ppl   111.83
| epoch   9 |  2200/ 3263 batches | lr 20.00 | ms/batch 63.63 | loss  4.72 | ppl   112.15
| epoch   9 |  2400/ 3263 batches | lr 20.00 | ms/batch 63.62 | loss  4.63 | ppl   102.95
| epoch   9 |  2600/ 3263 batches | lr 20.00 | ms/batch 63.73 | loss  4.67 | ppl   107.16
| epoch   9 |  2800/ 3263 batches | lr 20.00 | ms/batch 63.61 | loss  4.69 | ppl   108.33
| epoch   9 |  3000/ 3263 batches | lr 20.00 | ms/batch 63.34 | loss  4.70 | ppl   109.55
| epoch   9 |  3200/ 3263 batches | lr 20.00 | ms/batch 63.24 | loss  4.60 | ppl    99.22
-----------------------------------------------------------------------------------------
| end of epoch   9 | time: 213.95s | valid loss  5.09 | valid ppl   162.77
-----------------------------------------------------------------------------------------
| epoch  10 |   200/ 3263 batches | lr 20.00 | ms/batch 63.69 | loss  4.71 | ppl   110.54
| epoch  10 |   400/ 3263 batches | lr 20.00 | ms/batch 63.45 | loss  4.74 | ppl   114.47
| epoch  10 |   600/ 3263 batches | lr 20.00 | ms/batch 63.54 | loss  4.64 | ppl   103.24
| epoch  10 |   800/ 3263 batches | lr 20.00 | ms/batch 63.51 | loss  4.55 | ppl    94.66
| epoch  10 |  1000/ 3263 batches | lr 20.00 | ms/batch 63.38 | loss  4.67 | ppl   106.78
| epoch  10 |  1200/ 3263 batches | lr 20.00 | ms/batch 63.44 | loss  4.63 | ppl   102.60
| epoch  10 |  1400/ 3263 batches | lr 20.00 | ms/batch 63.32 | loss  4.71 | ppl   110.76
| epoch  10 |  1600/ 3263 batches | lr 20.00 | ms/batch 63.46 | loss  4.67 | ppl   106.49
| epoch  10 |  1800/ 3263 batches | lr 20.00 | ms/batch 63.41 | loss  4.75 | ppl   115.19
| epoch  10 |  2000/ 3263 batches | lr 20.00 | ms/batch 63.39 | loss  4.67 | ppl   106.73
| epoch  10 |  2200/ 3263 batches | lr 20.00 | ms/batch 63.38 | loss  4.67 | ppl   107.14
| epoch  10 |  2400/ 3263 batches | lr 20.00 | ms/batch 63.44 | loss  4.59 | ppl    98.35
| epoch  10 |  2600/ 3263 batches | lr 20.00 | ms/batch 63.47 | loss  4.62 | ppl   101.35
| epoch  10 |  2800/ 3263 batches | lr 20.00 | ms/batch 63.53 | loss  4.64 | ppl   103.42
| epoch  10 |  3000/ 3263 batches | lr 20.00 | ms/batch 63.41 | loss  4.65 | ppl   104.90
| epoch  10 |  3200/ 3263 batches | lr 20.00 | ms/batch 63.47 | loss  4.55 | ppl    95.11
-----------------------------------------------------------------------------------------
| end of epoch  10 | time: 213.47s | valid loss  5.11 | valid ppl   164.88
-----------------------------------------------------------------------------------------
=========================================================================================
| End of training | test loss  5.04 | test ppl   154.91
=========================================================================================
