python /home/drr342/dl/assignments/hw3/examples/word_language_model/main.py --data /home/drr342/dl/assignments/hw3/examples/word_language_model/data/wikitext-2 --save /home/drr342/dl/assignments/hw3/models/LSTM'_'200'_'2'_'32.pt --cuda --model LSTM --epochs 10 --emsize 200 --nlayers 2 --bptt 32

| epoch   1 |   200/ 3263 batches | lr 20.00 | ms/batch 43.81 | loss  7.64 | ppl  2083.16
| epoch   1 |   400/ 3263 batches | lr 20.00 | ms/batch 42.81 | loss  6.88 | ppl   973.52
| epoch   1 |   600/ 3263 batches | lr 20.00 | ms/batch 43.23 | loss  6.52 | ppl   679.73
| epoch   1 |   800/ 3263 batches | lr 20.00 | ms/batch 42.39 | loss  6.28 | ppl   535.80
| epoch   1 |  1000/ 3263 batches | lr 20.00 | ms/batch 42.84 | loss  6.16 | ppl   475.05
| epoch   1 |  1200/ 3263 batches | lr 20.00 | ms/batch 42.77 | loss  6.07 | ppl   432.69
| epoch   1 |  1400/ 3263 batches | lr 20.00 | ms/batch 42.39 | loss  6.00 | ppl   402.70
| epoch   1 |  1600/ 3263 batches | lr 20.00 | ms/batch 42.71 | loss  5.90 | ppl   363.71
| epoch   1 |  1800/ 3263 batches | lr 20.00 | ms/batch 42.82 | loss  5.90 | ppl   366.82
| epoch   1 |  2000/ 3263 batches | lr 20.00 | ms/batch 43.29 | loss  5.78 | ppl   323.51
| epoch   1 |  2200/ 3263 batches | lr 20.00 | ms/batch 43.30 | loss  5.75 | ppl   313.77
| epoch   1 |  2400/ 3263 batches | lr 20.00 | ms/batch 43.74 | loss  5.66 | ppl   287.25
| epoch   1 |  2600/ 3263 batches | lr 20.00 | ms/batch 42.86 | loss  5.65 | ppl   285.09
| epoch   1 |  2800/ 3263 batches | lr 20.00 | ms/batch 43.28 | loss  5.64 | ppl   280.47
| epoch   1 |  3000/ 3263 batches | lr 20.00 | ms/batch 43.21 | loss  5.56 | ppl   260.87
| epoch   1 |  3200/ 3263 batches | lr 20.00 | ms/batch 43.28 | loss  5.49 | ppl   242.59
-----------------------------------------------------------------------------------------
| end of epoch   1 | time: 145.88s | valid loss  5.51 | valid ppl   247.61
-----------------------------------------------------------------------------------------
| epoch   2 |   200/ 3263 batches | lr 20.00 | ms/batch 43.42 | loss  5.53 | ppl   252.18
| epoch   2 |   400/ 3263 batches | lr 20.00 | ms/batch 43.48 | loss  5.52 | ppl   248.89
| epoch   2 |   600/ 3263 batches | lr 20.00 | ms/batch 43.90 | loss  5.41 | ppl   222.67
| epoch   2 |   800/ 3263 batches | lr 20.00 | ms/batch 43.20 | loss  5.30 | ppl   200.97
| epoch   2 |  1000/ 3263 batches | lr 20.00 | ms/batch 43.12 | loss  5.36 | ppl   212.45
| epoch   2 |  1200/ 3263 batches | lr 20.00 | ms/batch 43.73 | loss  5.31 | ppl   202.22
| epoch   2 |  1400/ 3263 batches | lr 20.00 | ms/batch 42.81 | loss  5.35 | ppl   209.74
| epoch   2 |  1600/ 3263 batches | lr 20.00 | ms/batch 43.22 | loss  5.31 | ppl   202.26
| epoch   2 |  1800/ 3263 batches | lr 20.00 | ms/batch 43.34 | loss  5.35 | ppl   211.16
| epoch   2 |  2000/ 3263 batches | lr 20.00 | ms/batch 43.94 | loss  5.25 | ppl   191.51
| epoch   2 |  2200/ 3263 batches | lr 20.00 | ms/batch 43.84 | loss  5.25 | ppl   190.36
| epoch   2 |  2400/ 3263 batches | lr 20.00 | ms/batch 43.70 | loss  5.17 | ppl   176.42
| epoch   2 |  2600/ 3263 batches | lr 20.00 | ms/batch 42.76 | loss  5.19 | ppl   179.77
| epoch   2 |  2800/ 3263 batches | lr 20.00 | ms/batch 42.26 | loss  5.19 | ppl   178.75
| epoch   2 |  3000/ 3263 batches | lr 20.00 | ms/batch 42.72 | loss  5.17 | ppl   175.30
| epoch   2 |  3200/ 3263 batches | lr 20.00 | ms/batch 44.15 | loss  5.07 | ppl   159.84
-----------------------------------------------------------------------------------------
| end of epoch   2 | time: 146.88s | valid loss  5.27 | valid ppl   194.72
-----------------------------------------------------------------------------------------
| epoch   3 |   200/ 3263 batches | lr 20.00 | ms/batch 42.95 | loss  5.17 | ppl   176.45
| epoch   3 |   400/ 3263 batches | lr 20.00 | ms/batch 43.27 | loss  5.19 | ppl   179.60
| epoch   3 |   600/ 3263 batches | lr 20.00 | ms/batch 43.66 | loss  5.07 | ppl   159.85
| epoch   3 |   800/ 3263 batches | lr 20.00 | ms/batch 43.30 | loss  4.99 | ppl   147.03
| epoch   3 |  1000/ 3263 batches | lr 20.00 | ms/batch 43.77 | loss  5.07 | ppl   159.05
| epoch   3 |  1200/ 3263 batches | lr 20.00 | ms/batch 43.25 | loss  5.02 | ppl   151.90
| epoch   3 |  1400/ 3263 batches | lr 20.00 | ms/batch 43.25 | loss  5.09 | ppl   162.11
| epoch   3 |  1600/ 3263 batches | lr 20.00 | ms/batch 43.21 | loss  5.06 | ppl   157.42
| epoch   3 |  1800/ 3263 batches | lr 20.00 | ms/batch 43.32 | loss  5.12 | ppl   166.52
| epoch   3 |  2000/ 3263 batches | lr 20.00 | ms/batch 43.30 | loss  5.02 | ppl   151.84
| epoch   3 |  2200/ 3263 batches | lr 20.00 | ms/batch 43.71 | loss  5.03 | ppl   152.24
| epoch   3 |  2400/ 3263 batches | lr 20.00 | ms/batch 43.85 | loss  4.94 | ppl   140.28
| epoch   3 |  2600/ 3263 batches | lr 20.00 | ms/batch 44.23 | loss  4.97 | ppl   144.11
| epoch   3 |  2800/ 3263 batches | lr 20.00 | ms/batch 43.23 | loss  4.98 | ppl   145.36
| epoch   3 |  3000/ 3263 batches | lr 20.00 | ms/batch 43.29 | loss  4.97 | ppl   143.49
| epoch   3 |  3200/ 3263 batches | lr 20.00 | ms/batch 44.30 | loss  4.88 | ppl   131.75
-----------------------------------------------------------------------------------------
| end of epoch   3 | time: 147.36s | valid loss  5.16 | valid ppl   173.71
-----------------------------------------------------------------------------------------
| epoch   4 |   200/ 3263 batches | lr 20.00 | ms/batch 43.56 | loss  4.99 | ppl   146.73
| epoch   4 |   400/ 3263 batches | lr 20.00 | ms/batch 43.30 | loss  5.01 | ppl   149.72
| epoch   4 |   600/ 3263 batches | lr 20.00 | ms/batch 43.04 | loss  4.89 | ppl   133.59
| epoch   4 |   800/ 3263 batches | lr 20.00 | ms/batch 44.30 | loss  4.81 | ppl   122.95
| epoch   4 |  1000/ 3263 batches | lr 20.00 | ms/batch 42.60 | loss  4.90 | ppl   134.74
| epoch   4 |  1200/ 3263 batches | lr 20.00 | ms/batch 43.89 | loss  4.86 | ppl   129.04
| epoch   4 |  1400/ 3263 batches | lr 20.00 | ms/batch 43.77 | loss  4.94 | ppl   139.54
| epoch   4 |  1600/ 3263 batches | lr 20.00 | ms/batch 43.08 | loss  4.91 | ppl   135.25
| epoch   4 |  1800/ 3263 batches | lr 20.00 | ms/batch 42.95 | loss  4.98 | ppl   144.76
| epoch   4 |  2000/ 3263 batches | lr 20.00 | ms/batch 43.90 | loss  4.88 | ppl   132.20
| epoch   4 |  2200/ 3263 batches | lr 20.00 | ms/batch 43.48 | loss  4.89 | ppl   133.05
| epoch   4 |  2400/ 3263 batches | lr 20.00 | ms/batch 43.57 | loss  4.80 | ppl   121.46
| epoch   4 |  2600/ 3263 batches | lr 20.00 | ms/batch 42.64 | loss  4.83 | ppl   125.17
| epoch   4 |  2800/ 3263 batches | lr 20.00 | ms/batch 43.09 | loss  4.84 | ppl   126.97
| epoch   4 |  3000/ 3263 batches | lr 20.00 | ms/batch 43.55 | loss  4.84 | ppl   126.69
| epoch   4 |  3200/ 3263 batches | lr 20.00 | ms/batch 44.11 | loss  4.76 | ppl   116.53
-----------------------------------------------------------------------------------------
| end of epoch   4 | time: 147.06s | valid loss  5.08 | valid ppl   160.88
-----------------------------------------------------------------------------------------
| epoch   5 |   200/ 3263 batches | lr 20.00 | ms/batch 43.54 | loss  4.86 | ppl   129.62
| epoch   5 |   400/ 3263 batches | lr 20.00 | ms/batch 43.55 | loss  4.88 | ppl   131.26
| epoch   5 |   600/ 3263 batches | lr 20.00 | ms/batch 44.13 | loss  4.77 | ppl   118.33
| epoch   5 |   800/ 3263 batches | lr 20.00 | ms/batch 43.43 | loss  4.69 | ppl   109.11
| epoch   5 |  1000/ 3263 batches | lr 20.00 | ms/batch 44.54 | loss  4.79 | ppl   120.66
| epoch   5 |  1200/ 3263 batches | lr 20.00 | ms/batch 44.18 | loss  4.75 | ppl   115.48
| epoch   5 |  1400/ 3263 batches | lr 20.00 | ms/batch 43.22 | loss  4.84 | ppl   126.04
| epoch   5 |  1600/ 3263 batches | lr 20.00 | ms/batch 43.87 | loss  4.80 | ppl   121.89
| epoch   5 |  1800/ 3263 batches | lr 20.00 | ms/batch 44.17 | loss  4.87 | ppl   130.88
| epoch   5 |  2000/ 3263 batches | lr 20.00 | ms/batch 43.65 | loss  4.78 | ppl   119.15
| epoch   5 |  2200/ 3263 batches | lr 20.00 | ms/batch 44.63 | loss  4.79 | ppl   120.59
| epoch   5 |  2400/ 3263 batches | lr 20.00 | ms/batch 44.27 | loss  4.69 | ppl   109.22
| epoch   5 |  2600/ 3263 batches | lr 20.00 | ms/batch 43.95 | loss  4.73 | ppl   113.44
| epoch   5 |  2800/ 3263 batches | lr 20.00 | ms/batch 44.14 | loss  4.74 | ppl   114.50
| epoch   5 |  3000/ 3263 batches | lr 20.00 | ms/batch 44.22 | loss  4.75 | ppl   115.37
| epoch   5 |  3200/ 3263 batches | lr 20.00 | ms/batch 44.03 | loss  4.66 | ppl   105.90
-----------------------------------------------------------------------------------------
| end of epoch   5 | time: 148.84s | valid loss  5.04 | valid ppl   154.71
-----------------------------------------------------------------------------------------
| epoch   6 |   200/ 3263 batches | lr 20.00 | ms/batch 44.85 | loss  4.76 | ppl   116.80
| epoch   6 |   400/ 3263 batches | lr 20.00 | ms/batch 43.84 | loss  4.79 | ppl   120.37
| epoch   6 |   600/ 3263 batches | lr 20.00 | ms/batch 44.32 | loss  4.68 | ppl   107.99
| epoch   6 |   800/ 3263 batches | lr 20.00 | ms/batch 43.72 | loss  4.60 | ppl    99.85
| epoch   6 |  1000/ 3263 batches | lr 20.00 | ms/batch 43.85 | loss  4.71 | ppl   110.88
| epoch   6 |  1200/ 3263 batches | lr 20.00 | ms/batch 43.80 | loss  4.67 | ppl   106.44
| epoch   6 |  1400/ 3263 batches | lr 20.00 | ms/batch 44.01 | loss  4.76 | ppl   116.83
| epoch   6 |  1600/ 3263 batches | lr 20.00 | ms/batch 44.52 | loss  4.72 | ppl   112.50
| epoch   6 |  1800/ 3263 batches | lr 20.00 | ms/batch 44.14 | loss  4.79 | ppl   120.52
| epoch   6 |  2000/ 3263 batches | lr 20.00 | ms/batch 44.29 | loss  4.70 | ppl   110.07
| epoch   6 |  2200/ 3263 batches | lr 20.00 | ms/batch 43.45 | loss  4.72 | ppl   111.71
| epoch   6 |  2400/ 3263 batches | lr 20.00 | ms/batch 43.95 | loss  4.62 | ppl   101.31
| epoch   6 |  2600/ 3263 batches | lr 20.00 | ms/batch 42.95 | loss  4.65 | ppl   104.49
| epoch   6 |  2800/ 3263 batches | lr 20.00 | ms/batch 43.91 | loss  4.67 | ppl   106.52
| epoch   6 |  3000/ 3263 batches | lr 20.00 | ms/batch 44.30 | loss  4.67 | ppl   106.97
| epoch   6 |  3200/ 3263 batches | lr 20.00 | ms/batch 43.64 | loss  4.59 | ppl    98.87
-----------------------------------------------------------------------------------------
| end of epoch   6 | time: 148.81s | valid loss  5.02 | valid ppl   152.03
-----------------------------------------------------------------------------------------
| epoch   7 |   200/ 3263 batches | lr 20.00 | ms/batch 44.84 | loss  4.69 | ppl   108.90
| epoch   7 |   400/ 3263 batches | lr 20.00 | ms/batch 44.51 | loss  4.71 | ppl   111.27
| epoch   7 |   600/ 3263 batches | lr 20.00 | ms/batch 44.26 | loss  4.61 | ppl   100.05
| epoch   7 |   800/ 3263 batches | lr 20.00 | ms/batch 44.24 | loss  4.53 | ppl    92.80
| epoch   7 |  1000/ 3263 batches | lr 20.00 | ms/batch 44.28 | loss  4.64 | ppl   103.43
| epoch   7 |  1200/ 3263 batches | lr 20.00 | ms/batch 44.85 | loss  4.60 | ppl    99.97
| epoch   7 |  1400/ 3263 batches | lr 20.00 | ms/batch 44.82 | loss  4.70 | ppl   109.49
| epoch   7 |  1600/ 3263 batches | lr 20.00 | ms/batch 43.87 | loss  4.65 | ppl   104.78
| epoch   7 |  1800/ 3263 batches | lr 20.00 | ms/batch 44.20 | loss  4.72 | ppl   112.53
| epoch   7 |  2000/ 3263 batches | lr 20.00 | ms/batch 43.94 | loss  4.64 | ppl   104.01
| epoch   7 |  2200/ 3263 batches | lr 20.00 | ms/batch 44.67 | loss  4.65 | ppl   105.01
| epoch   7 |  2400/ 3263 batches | lr 20.00 | ms/batch 44.04 | loss  4.55 | ppl    94.82
| epoch   7 |  2600/ 3263 batches | lr 20.00 | ms/batch 44.76 | loss  4.59 | ppl    98.42
| epoch   7 |  2800/ 3263 batches | lr 20.00 | ms/batch 44.37 | loss  4.60 | ppl    99.56
| epoch   7 |  3000/ 3263 batches | lr 20.00 | ms/batch 43.57 | loss  4.62 | ppl   101.37
| epoch   7 |  3200/ 3263 batches | lr 20.00 | ms/batch 44.52 | loss  4.54 | ppl    93.75
-----------------------------------------------------------------------------------------
| end of epoch   7 | time: 150.01s | valid loss  4.99 | valid ppl   146.82
-----------------------------------------------------------------------------------------
| epoch   8 |   200/ 3263 batches | lr 20.00 | ms/batch 44.19 | loss  4.63 | ppl   102.55
| epoch   8 |   400/ 3263 batches | lr 20.00 | ms/batch 43.83 | loss  4.65 | ppl   104.89
| epoch   8 |   600/ 3263 batches | lr 20.00 | ms/batch 44.43 | loss  4.55 | ppl    94.56
| epoch   8 |   800/ 3263 batches | lr 20.00 | ms/batch 44.47 | loss  4.47 | ppl    87.42
| epoch   8 |  1000/ 3263 batches | lr 20.00 | ms/batch 44.28 | loss  4.58 | ppl    97.42
| epoch   8 |  1200/ 3263 batches | lr 20.00 | ms/batch 43.48 | loss  4.54 | ppl    93.94
| epoch   8 |  1400/ 3263 batches | lr 20.00 | ms/batch 43.45 | loss  4.63 | ppl   102.69
| epoch   8 |  1600/ 3263 batches | lr 20.00 | ms/batch 43.47 | loss  4.59 | ppl    98.93
| epoch   8 |  1800/ 3263 batches | lr 20.00 | ms/batch 44.75 | loss  4.67 | ppl   106.97
| epoch   8 |  2000/ 3263 batches | lr 20.00 | ms/batch 44.00 | loss  4.59 | ppl    98.87
| epoch   8 |  2200/ 3263 batches | lr 20.00 | ms/batch 43.36 | loss  4.60 | ppl    99.97
| epoch   8 |  2400/ 3263 batches | lr 20.00 | ms/batch 42.08 | loss  4.51 | ppl    90.50
| epoch   8 |  2600/ 3263 batches | lr 20.00 | ms/batch 43.46 | loss  4.54 | ppl    93.69
| epoch   8 |  2800/ 3263 batches | lr 20.00 | ms/batch 44.38 | loss  4.55 | ppl    94.61
| epoch   8 |  3000/ 3263 batches | lr 20.00 | ms/batch 44.46 | loss  4.57 | ppl    96.10
| epoch   8 |  3200/ 3263 batches | lr 20.00 | ms/batch 44.39 | loss  4.49 | ppl    89.51
-----------------------------------------------------------------------------------------
| end of epoch   8 | time: 148.65s | valid loss  4.98 | valid ppl   145.77
-----------------------------------------------------------------------------------------
| epoch   9 |   200/ 3263 batches | lr 20.00 | ms/batch 44.28 | loss  4.58 | ppl    97.73
| epoch   9 |   400/ 3263 batches | lr 20.00 | ms/batch 44.00 | loss  4.60 | ppl    99.97
| epoch   9 |   600/ 3263 batches | lr 20.00 | ms/batch 44.89 | loss  4.50 | ppl    90.25
| epoch   9 |   800/ 3263 batches | lr 20.00 | ms/batch 44.05 | loss  4.43 | ppl    83.66
| epoch   9 |  1000/ 3263 batches | lr 20.00 | ms/batch 44.56 | loss  4.53 | ppl    93.13
| epoch   9 |  1200/ 3263 batches | lr 20.00 | ms/batch 44.52 | loss  4.50 | ppl    90.18
| epoch   9 |  1400/ 3263 batches | lr 20.00 | ms/batch 44.54 | loss  4.58 | ppl    97.97
| epoch   9 |  1600/ 3263 batches | lr 20.00 | ms/batch 44.53 | loss  4.55 | ppl    94.19
| epoch   9 |  1800/ 3263 batches | lr 20.00 | ms/batch 43.75 | loss  4.63 | ppl   102.12
| epoch   9 |  2000/ 3263 batches | lr 20.00 | ms/batch 43.52 | loss  4.56 | ppl    95.15
| epoch   9 |  2200/ 3263 batches | lr 20.00 | ms/batch 43.53 | loss  4.56 | ppl    95.87
| epoch   9 |  2400/ 3263 batches | lr 20.00 | ms/batch 43.51 | loss  4.46 | ppl    86.37
| epoch   9 |  2600/ 3263 batches | lr 20.00 | ms/batch 43.57 | loss  4.50 | ppl    90.00
| epoch   9 |  2800/ 3263 batches | lr 20.00 | ms/batch 43.52 | loss  4.50 | ppl    90.39
| epoch   9 |  3000/ 3263 batches | lr 20.00 | ms/batch 43.58 | loss  4.52 | ppl    92.27
| epoch   9 |  3200/ 3263 batches | lr 20.00 | ms/batch 43.44 | loss  4.45 | ppl    85.82
-----------------------------------------------------------------------------------------
| end of epoch   9 | time: 148.89s | valid loss  4.99 | valid ppl   146.45
-----------------------------------------------------------------------------------------
| epoch  10 |   200/ 3263 batches | lr 5.00 | ms/batch 44.59 | loss  4.59 | ppl    98.87
| epoch  10 |   400/ 3263 batches | lr 5.00 | ms/batch 44.24 | loss  4.57 | ppl    96.65
| epoch  10 |   600/ 3263 batches | lr 5.00 | ms/batch 44.54 | loss  4.46 | ppl    86.82
| epoch  10 |   800/ 3263 batches | lr 5.00 | ms/batch 43.67 | loss  4.39 | ppl    80.46
| epoch  10 |  1000/ 3263 batches | lr 5.00 | ms/batch 44.54 | loss  4.46 | ppl    86.63
| epoch  10 |  1200/ 3263 batches | lr 5.00 | ms/batch 44.50 | loss  4.41 | ppl    81.95
| epoch  10 |  1400/ 3263 batches | lr 5.00 | ms/batch 44.16 | loss  4.48 | ppl    87.95
| epoch  10 |  1600/ 3263 batches | lr 5.00 | ms/batch 44.02 | loss  4.41 | ppl    82.67
| epoch  10 |  1800/ 3263 batches | lr 5.00 | ms/batch 44.90 | loss  4.49 | ppl    89.36
| epoch  10 |  2000/ 3263 batches | lr 5.00 | ms/batch 44.81 | loss  4.39 | ppl    80.96
| epoch  10 |  2200/ 3263 batches | lr 5.00 | ms/batch 43.83 | loss  4.40 | ppl    81.45
| epoch  10 |  2400/ 3263 batches | lr 5.00 | ms/batch 43.52 | loss  4.27 | ppl    71.24
| epoch  10 |  2600/ 3263 batches | lr 5.00 | ms/batch 44.42 | loss  4.29 | ppl    72.74
| epoch  10 |  2800/ 3263 batches | lr 5.00 | ms/batch 43.97 | loss  4.28 | ppl    72.34
| epoch  10 |  3000/ 3263 batches | lr 5.00 | ms/batch 44.04 | loss  4.28 | ppl    72.56
| epoch  10 |  3200/ 3263 batches | lr 5.00 | ms/batch 44.87 | loss  4.20 | ppl    66.70
-----------------------------------------------------------------------------------------
| end of epoch  10 | time: 149.87s | valid loss  4.85 | valid ppl   127.78
-----------------------------------------------------------------------------------------
=========================================================================================
| End of training | test loss  4.79 | test ppl   119.78
=========================================================================================
