python /home/drr342/dl/assignments/hw3/examples/word_language_model/main.py --data /home/drr342/dl/assignments/hw3/examples/word_language_model/data/wikitext-2 --save /home/drr342/dl/assignments/hw3/models/GRU'_'400'_'4'_'16.pt --cuda --model GRU --epochs 10 --emsize 400 --nlayers 4 --bptt 16

| epoch   1 |   200/ 6526 batches | lr 20.00 | ms/batch 38.24 | loss 14.67 | ppl 2346789.00
| epoch   1 |   400/ 6526 batches | lr 20.00 | ms/batch 37.18 | loss 16.94 | ppl 22687718.89
| epoch   1 |   600/ 6526 batches | lr 20.00 | ms/batch 37.15 | loss 17.41 | ppl 36417384.41
| epoch   1 |   800/ 6526 batches | lr 20.00 | ms/batch 37.14 | loss 17.88 | ppl 58150384.98
| epoch   1 |  1000/ 6526 batches | lr 20.00 | ms/batch 37.21 | loss 18.02 | ppl 67198230.45
| epoch   1 |  1200/ 6526 batches | lr 20.00 | ms/batch 37.15 | loss 17.63 | ppl 45129699.24
| epoch   1 |  1400/ 6526 batches | lr 20.00 | ms/batch 37.19 | loss 17.30 | ppl 32629870.41
| epoch   1 |  1600/ 6526 batches | lr 20.00 | ms/batch 37.20 | loss 17.02 | ppl 24697260.34
| epoch   1 |  1800/ 6526 batches | lr 20.00 | ms/batch 37.23 | loss 17.79 | ppl 53278556.59
| epoch   1 |  2000/ 6526 batches | lr 20.00 | ms/batch 37.23 | loss 17.60 | ppl 43973237.50
| epoch   1 |  2200/ 6526 batches | lr 20.00 | ms/batch 37.22 | loss 17.17 | ppl 28505723.34
| epoch   1 |  2400/ 6526 batches | lr 20.00 | ms/batch 37.26 | loss 16.83 | ppl 20446448.43
| epoch   1 |  2600/ 6526 batches | lr 20.00 | ms/batch 37.24 | loss 17.83 | ppl 55148272.49
| epoch   1 |  2800/ 6526 batches | lr 20.00 | ms/batch 37.23 | loss 17.74 | ppl 50658256.84
| epoch   1 |  3000/ 6526 batches | lr 20.00 | ms/batch 37.23 | loss 17.68 | ppl 47763624.17
| epoch   1 |  3200/ 6526 batches | lr 20.00 | ms/batch 37.24 | loss 17.70 | ppl 48634821.11
| epoch   1 |  3400/ 6526 batches | lr 20.00 | ms/batch 37.23 | loss 17.90 | ppl 59191159.10
| epoch   1 |  3600/ 6526 batches | lr 20.00 | ms/batch 37.25 | loss 17.82 | ppl 54959106.99
| epoch   1 |  3800/ 6526 batches | lr 20.00 | ms/batch 37.22 | loss 17.78 | ppl 52865044.68
| epoch   1 |  4000/ 6526 batches | lr 20.00 | ms/batch 37.24 | loss 18.05 | ppl 68800683.57
| epoch   1 |  4200/ 6526 batches | lr 20.00 | ms/batch 37.24 | loss 17.21 | ppl 29880946.52
| epoch   1 |  4400/ 6526 batches | lr 20.00 | ms/batch 37.25 | loss 17.58 | ppl 43198010.68
| epoch   1 |  4600/ 6526 batches | lr 20.00 | ms/batch 37.26 | loss 17.62 | ppl 44775241.92
| epoch   1 |  4800/ 6526 batches | lr 20.00 | ms/batch 37.27 | loss 17.31 | ppl 32929081.52
| epoch   1 |  5000/ 6526 batches | lr 20.00 | ms/batch 37.22 | loss 17.69 | ppl 48137321.45
| epoch   1 |  5200/ 6526 batches | lr 20.00 | ms/batch 37.23 | loss 17.68 | ppl 47675195.64
| epoch   1 |  5400/ 6526 batches | lr 20.00 | ms/batch 37.25 | loss 17.35 | ppl 34306485.78
| epoch   1 |  5600/ 6526 batches | lr 20.00 | ms/batch 37.20 | loss 17.74 | ppl 50576462.53
| epoch   1 |  5800/ 6526 batches | lr 20.00 | ms/batch 37.22 | loss 17.68 | ppl 47795085.63
| epoch   1 |  6000/ 6526 batches | lr 20.00 | ms/batch 37.24 | loss 17.56 | ppl 42109567.81
| epoch   1 |  6200/ 6526 batches | lr 20.00 | ms/batch 37.22 | loss 17.54 | ppl 41521123.72
| epoch   1 |  6400/ 6526 batches | lr 20.00 | ms/batch 37.11 | loss 17.81 | ppl 54241239.32
-----------------------------------------------------------------------------------------
| end of epoch   1 | time: 251.40s | valid loss 27.97 | valid ppl 1406865277369.42
-----------------------------------------------------------------------------------------
| epoch   2 |   200/ 6526 batches | lr 20.00 | ms/batch 38.46 | loss 16.93 | ppl 22571638.17
| epoch   2 |   400/ 6526 batches | lr 20.00 | ms/batch 38.31 | loss 17.09 | ppl 26347312.64
| epoch   2 |   600/ 6526 batches | lr 20.00 | ms/batch 38.28 | loss 17.38 | ppl 35207812.25
| epoch   2 |   800/ 6526 batches | lr 20.00 | ms/batch 38.29 | loss 17.55 | ppl 41997972.04
| epoch   2 |  1000/ 6526 batches | lr 20.00 | ms/batch 38.23 | loss 17.54 | ppl 41382802.92
| epoch   2 |  1200/ 6526 batches | lr 20.00 | ms/batch 38.27 | loss 17.57 | ppl 42680985.86
| epoch   2 |  1400/ 6526 batches | lr 20.00 | ms/batch 38.30 | loss 18.14 | ppl 75577223.31
| epoch   2 |  1600/ 6526 batches | lr 20.00 | ms/batch 38.29 | loss 17.45 | ppl 37729451.97
| epoch   2 |  1800/ 6526 batches | lr 20.00 | ms/batch 38.28 | loss 17.44 | ppl 37541412.30
| epoch   2 |  2000/ 6526 batches | lr 20.00 | ms/batch 38.32 | loss 17.26 | ppl 31397156.16
| epoch   2 |  2200/ 6526 batches | lr 20.00 | ms/batch 38.31 | loss 17.81 | ppl 54068543.34
| epoch   2 |  2400/ 6526 batches | lr 20.00 | ms/batch 38.31 | loss 17.58 | ppl 43350607.54
| epoch   2 |  2600/ 6526 batches | lr 20.00 | ms/batch 38.31 | loss 17.20 | ppl 29461785.06
| epoch   2 |  2800/ 6526 batches | lr 20.00 | ms/batch 38.31 | loss 17.26 | ppl 31228410.96
| epoch   2 |  3000/ 6526 batches | lr 20.00 | ms/batch 38.27 | loss 16.81 | ppl 20004413.84
| epoch   2 |  3200/ 6526 batches | lr 20.00 | ms/batch 38.27 | loss 17.29 | ppl 32340558.32
| epoch   2 |  3400/ 6526 batches | lr 20.00 | ms/batch 38.31 | loss 17.49 | ppl 39276080.25
| epoch   2 |  3600/ 6526 batches | lr 20.00 | ms/batch 38.31 | loss 17.22 | ppl 30035009.45
| epoch   2 |  3800/ 6526 batches | lr 20.00 | ms/batch 38.31 | loss 16.97 | ppl 23375386.57
| epoch   2 |  4000/ 6526 batches | lr 20.00 | ms/batch 38.30 | loss 17.31 | ppl 33013301.28
| epoch   2 |  4200/ 6526 batches | lr 20.00 | ms/batch 38.30 | loss 17.77 | ppl 52003633.80
| epoch   2 |  4400/ 6526 batches | lr 20.00 | ms/batch 38.28 | loss 18.10 | ppl 72645572.66
| epoch   2 |  4600/ 6526 batches | lr 20.00 | ms/batch 38.28 | loss 17.66 | ppl 46620383.52
| epoch   2 |  4800/ 6526 batches | lr 20.00 | ms/batch 38.31 | loss 17.58 | ppl 43297548.80
| epoch   2 |  5000/ 6526 batches | lr 20.00 | ms/batch 38.21 | loss 17.06 | ppl 25644156.05
| epoch   2 |  5200/ 6526 batches | lr 20.00 | ms/batch 38.24 | loss 17.62 | ppl 44762189.27
| epoch   2 |  5400/ 6526 batches | lr 20.00 | ms/batch 38.29 | loss 17.25 | ppl 31101685.43
| epoch   2 |  5600/ 6526 batches | lr 20.00 | ms/batch 38.33 | loss 17.09 | ppl 26461389.50
| epoch   2 |  5800/ 6526 batches | lr 20.00 | ms/batch 38.39 | loss 17.65 | ppl 46120004.46
| epoch   2 |  6000/ 6526 batches | lr 20.00 | ms/batch 38.34 | loss 17.60 | ppl 43863782.01
| epoch   2 |  6200/ 6526 batches | lr 20.00 | ms/batch 38.30 | loss 17.19 | ppl 29352806.87
| epoch   2 |  6400/ 6526 batches | lr 20.00 | ms/batch 38.32 | loss 17.79 | ppl 53466278.29
-----------------------------------------------------------------------------------------
| end of epoch   2 | time: 258.23s | valid loss 17.18 | valid ppl 29051090.13
-----------------------------------------------------------------------------------------
| epoch   3 |   200/ 6526 batches | lr 20.00 | ms/batch 38.60 | loss 16.99 | ppl 24025518.73
| epoch   3 |   400/ 6526 batches | lr 20.00 | ms/batch 38.40 | loss 16.94 | ppl 22696729.12
| epoch   3 |   600/ 6526 batches | lr 20.00 | ms/batch 38.34 | loss 17.59 | ppl 43486171.27
| epoch   3 |   800/ 6526 batches | lr 20.00 | ms/batch 38.39 | loss 17.80 | ppl 54008637.52
| epoch   3 |  1000/ 6526 batches | lr 20.00 | ms/batch 38.40 | loss 17.86 | ppl 57263368.95
| epoch   3 |  1200/ 6526 batches | lr 20.00 | ms/batch 38.41 | loss 18.07 | ppl 70302448.76
| epoch   3 |  1400/ 6526 batches | lr 20.00 | ms/batch 38.40 | loss 17.51 | ppl 40121828.74
| epoch   3 |  1600/ 6526 batches | lr 20.00 | ms/batch 38.41 | loss 17.74 | ppl 50732496.60
| epoch   3 |  1800/ 6526 batches | lr 20.00 | ms/batch 38.35 | loss 17.81 | ppl 54501948.44
| epoch   3 |  2000/ 6526 batches | lr 20.00 | ms/batch 38.32 | loss 17.39 | ppl 35853643.94
| epoch   3 |  2200/ 6526 batches | lr 20.00 | ms/batch 38.26 | loss 17.14 | ppl 27814696.27
| epoch   3 |  2400/ 6526 batches | lr 20.00 | ms/batch 38.24 | loss 17.90 | ppl 59120668.82
| epoch   3 |  2600/ 6526 batches | lr 20.00 | ms/batch 38.12 | loss 18.02 | ppl 67127164.86
| epoch   3 |  2800/ 6526 batches | lr 20.00 | ms/batch 38.08 | loss 17.43 | ppl 37202218.62
| epoch   3 |  3000/ 6526 batches | lr 20.00 | ms/batch 38.08 | loss 17.18 | ppl 28961149.34
| epoch   3 |  3200/ 6526 batches | lr 20.00 | ms/batch 38.10 | loss 17.64 | ppl 45585801.24
| epoch   3 |  3400/ 6526 batches | lr 20.00 | ms/batch 38.10 | loss 17.39 | ppl 35682194.63
| epoch   3 |  3600/ 6526 batches | lr 20.00 | ms/batch 37.94 | loss 17.38 | ppl 35271287.73
| epoch   3 |  3800/ 6526 batches | lr 20.00 | ms/batch 38.06 | loss 17.82 | ppl 54965049.13
| epoch   3 |  4000/ 6526 batches | lr 20.00 | ms/batch 38.09 | loss 17.56 | ppl 42145213.80
| epoch   3 |  4200/ 6526 batches | lr 20.00 | ms/batch 38.07 | loss 17.28 | ppl 31882424.97
| epoch   3 |  4400/ 6526 batches | lr 20.00 | ms/batch 38.09 | loss 18.00 | ppl 65911791.60
| epoch   3 |  4600/ 6526 batches | lr 20.00 | ms/batch 38.08 | loss 17.84 | ppl 56158969.39
| epoch   3 |  4800/ 6526 batches | lr 20.00 | ms/batch 38.08 | loss 17.93 | ppl 61037160.63
| epoch   3 |  5000/ 6526 batches | lr 20.00 | ms/batch 38.05 | loss 17.50 | ppl 39666400.14
| epoch   3 |  5200/ 6526 batches | lr 20.00 | ms/batch 38.07 | loss 17.11 | ppl 26991760.57
| epoch   3 |  5400/ 6526 batches | lr 20.00 | ms/batch 38.08 | loss 17.95 | ppl 62536117.36
| epoch   3 |  5600/ 6526 batches | lr 20.00 | ms/batch 38.07 | loss 17.38 | ppl 35431899.49
| epoch   3 |  5800/ 6526 batches | lr 20.00 | ms/batch 38.09 | loss 18.05 | ppl 69366329.55
| epoch   3 |  6000/ 6526 batches | lr 20.00 | ms/batch 38.10 | loss 17.95 | ppl 62319167.63
| epoch   3 |  6200/ 6526 batches | lr 20.00 | ms/batch 38.09 | loss 17.52 | ppl 40749639.81
| epoch   3 |  6400/ 6526 batches | lr 20.00 | ms/batch 38.10 | loss 17.73 | ppl 50059704.69
-----------------------------------------------------------------------------------------
| end of epoch   3 | time: 257.49s | valid loss 17.45 | valid ppl 38039507.32
-----------------------------------------------------------------------------------------
| epoch   4 |   200/ 6526 batches | lr 5.00 | ms/batch 38.37 | loss  8.44 | ppl  4643.82
| epoch   4 |   400/ 6526 batches | lr 5.00 | ms/batch 38.12 | loss  8.22 | ppl  3696.92
| epoch   4 |   600/ 6526 batches | lr 5.00 | ms/batch 38.12 | loss  8.21 | ppl  3675.26
| epoch   4 |   800/ 6526 batches | lr 5.00 | ms/batch 38.10 | loss  8.16 | ppl  3505.42
| epoch   4 |  1000/ 6526 batches | lr 5.00 | ms/batch 38.08 | loss  8.16 | ppl  3500.33
| epoch   4 |  1200/ 6526 batches | lr 5.00 | ms/batch 38.10 | loss  8.19 | ppl  3602.20
| epoch   4 |  1400/ 6526 batches | lr 5.00 | ms/batch 38.13 | loss  8.12 | ppl  3370.56
| epoch   4 |  1600/ 6526 batches | lr 5.00 | ms/batch 38.11 | loss  8.20 | ppl  3647.64
| epoch   4 |  1800/ 6526 batches | lr 5.00 | ms/batch 38.11 | loss  8.14 | ppl  3428.06
| epoch   4 |  2000/ 6526 batches | lr 5.00 | ms/batch 38.11 | loss  8.19 | ppl  3599.99
| epoch   4 |  2200/ 6526 batches | lr 5.00 | ms/batch 38.06 | loss  8.13 | ppl  3405.90
| epoch   4 |  2400/ 6526 batches | lr 5.00 | ms/batch 37.93 | loss  8.18 | ppl  3575.65
| epoch   4 |  2600/ 6526 batches | lr 5.00 | ms/batch 37.84 | loss  8.18 | ppl  3579.57
| epoch   4 |  2800/ 6526 batches | lr 5.00 | ms/batch 37.76 | loss  8.09 | ppl  3269.93
| epoch   4 |  3000/ 6526 batches | lr 5.00 | ms/batch 37.74 | loss  8.14 | ppl  3415.38
| epoch   4 |  3200/ 6526 batches | lr 5.00 | ms/batch 37.73 | loss  8.10 | ppl  3293.15
| epoch   4 |  3400/ 6526 batches | lr 5.00 | ms/batch 37.73 | loss  8.21 | ppl  3664.59
| epoch   4 |  3600/ 6526 batches | lr 5.00 | ms/batch 37.76 | loss  8.18 | ppl  3585.80
| epoch   4 |  3800/ 6526 batches | lr 5.00 | ms/batch 37.75 | loss  8.18 | ppl  3578.08
| epoch   4 |  4000/ 6526 batches | lr 5.00 | ms/batch 37.75 | loss  8.08 | ppl  3241.75
| epoch   4 |  4200/ 6526 batches | lr 5.00 | ms/batch 37.74 | loss  8.12 | ppl  3347.91
| epoch   4 |  4400/ 6526 batches | lr 5.00 | ms/batch 37.75 | loss  8.20 | ppl  3651.17
| epoch   4 |  4600/ 6526 batches | lr 5.00 | ms/batch 37.73 | loss  8.24 | ppl  3795.35
| epoch   4 |  4800/ 6526 batches | lr 5.00 | ms/batch 37.75 | loss  8.23 | ppl  3734.99
| epoch   4 |  5000/ 6526 batches | lr 5.00 | ms/batch 37.73 | loss  8.17 | ppl  3536.26
| epoch   4 |  5200/ 6526 batches | lr 5.00 | ms/batch 37.74 | loss  8.19 | ppl  3593.12
| epoch   4 |  5400/ 6526 batches | lr 5.00 | ms/batch 37.73 | loss  8.11 | ppl  3339.29
| epoch   4 |  5600/ 6526 batches | lr 5.00 | ms/batch 37.76 | loss  8.16 | ppl  3483.12
| epoch   4 |  5800/ 6526 batches | lr 5.00 | ms/batch 37.73 | loss  8.09 | ppl  3262.13
| epoch   4 |  6000/ 6526 batches | lr 5.00 | ms/batch 37.71 | loss  8.13 | ppl  3411.04
| epoch   4 |  6200/ 6526 batches | lr 5.00 | ms/batch 37.73 | loss  8.14 | ppl  3435.70
| epoch   4 |  6400/ 6526 batches | lr 5.00 | ms/batch 37.73 | loss  8.10 | ppl  3282.09
-----------------------------------------------------------------------------------------
| end of epoch   4 | time: 255.41s | valid loss  8.21 | valid ppl  3668.86
-----------------------------------------------------------------------------------------
| epoch   5 |   200/ 6526 batches | lr 5.00 | ms/batch 37.04 | loss  8.04 | ppl  3101.24
| epoch   5 |   400/ 6526 batches | lr 5.00 | ms/batch 36.88 | loss  8.10 | ppl  3279.03
| epoch   5 |   600/ 6526 batches | lr 5.00 | ms/batch 36.83 | loss  8.10 | ppl  3281.91
| epoch   5 |   800/ 6526 batches | lr 5.00 | ms/batch 36.83 | loss  8.18 | ppl  3560.40
| epoch   5 |  1000/ 6526 batches | lr 5.00 | ms/batch 36.84 | loss  8.10 | ppl  3306.03
| epoch   5 |  1200/ 6526 batches | lr 5.00 | ms/batch 36.84 | loss  8.14 | ppl  3431.39
| epoch   5 |  1400/ 6526 batches | lr 5.00 | ms/batch 36.88 | loss  8.10 | ppl  3288.80
| epoch   5 |  1600/ 6526 batches | lr 5.00 | ms/batch 36.88 | loss  8.12 | ppl  3363.64
| epoch   5 |  1800/ 6526 batches | lr 5.00 | ms/batch 36.82 | loss  8.18 | ppl  3580.64
| epoch   5 |  2000/ 6526 batches | lr 5.00 | ms/batch 36.85 | loss  8.12 | ppl  3353.26
| epoch   5 |  2200/ 6526 batches | lr 5.00 | ms/batch 36.83 | loss  8.21 | ppl  3687.82
| epoch   5 |  2400/ 6526 batches | lr 5.00 | ms/batch 36.83 | loss  8.16 | ppl  3506.98
| epoch   5 |  2600/ 6526 batches | lr 5.00 | ms/batch 36.85 | loss  8.11 | ppl  3312.59
| epoch   5 |  2800/ 6526 batches | lr 5.00 | ms/batch 36.86 | loss  8.05 | ppl  3145.72
| epoch   5 |  3000/ 6526 batches | lr 5.00 | ms/batch 36.84 | loss  8.09 | ppl  3253.06
| epoch   5 |  3200/ 6526 batches | lr 5.00 | ms/batch 36.83 | loss  8.16 | ppl  3495.47
| epoch   5 |  3400/ 6526 batches | lr 5.00 | ms/batch 36.84 | loss  8.18 | ppl  3573.07
| epoch   5 |  3600/ 6526 batches | lr 5.00 | ms/batch 36.86 | loss  8.16 | ppl  3506.22
| epoch   5 |  3800/ 6526 batches | lr 5.00 | ms/batch 36.85 | loss  8.21 | ppl  3686.35
| epoch   5 |  4000/ 6526 batches | lr 5.00 | ms/batch 36.84 | loss  8.07 | ppl  3207.98
| epoch   5 |  4200/ 6526 batches | lr 5.00 | ms/batch 36.85 | loss  8.01 | ppl  3017.84
| epoch   5 |  4400/ 6526 batches | lr 5.00 | ms/batch 36.82 | loss  8.13 | ppl  3409.33
| epoch   5 |  4600/ 6526 batches | lr 5.00 | ms/batch 36.83 | loss  8.11 | ppl  3334.11
| epoch   5 |  4800/ 6526 batches | lr 5.00 | ms/batch 36.82 | loss  8.12 | ppl  3367.96
| epoch   5 |  5000/ 6526 batches | lr 5.00 | ms/batch 36.82 | loss  8.07 | ppl  3211.57
| epoch   5 |  5200/ 6526 batches | lr 5.00 | ms/batch 36.82 | loss  8.14 | ppl  3436.41
| epoch   5 |  5400/ 6526 batches | lr 5.00 | ms/batch 36.82 | loss  8.06 | ppl  3151.46
| epoch   5 |  5600/ 6526 batches | lr 5.00 | ms/batch 36.82 | loss  8.15 | ppl  3468.45
| epoch   5 |  5800/ 6526 batches | lr 5.00 | ms/batch 36.80 | loss  8.09 | ppl  3265.80
| epoch   5 |  6000/ 6526 batches | lr 5.00 | ms/batch 36.82 | loss  8.12 | ppl  3376.07
| epoch   5 |  6200/ 6526 batches | lr 5.00 | ms/batch 36.82 | loss  8.13 | ppl  3403.13
| epoch   5 |  6400/ 6526 batches | lr 5.00 | ms/batch 36.82 | loss  8.01 | ppl  3005.00
-----------------------------------------------------------------------------------------
| end of epoch   5 | time: 248.65s | valid loss  7.79 | valid ppl  2409.66
-----------------------------------------------------------------------------------------
| epoch   6 |   200/ 6526 batches | lr 5.00 | ms/batch 37.76 | loss  8.05 | ppl  3148.58
| epoch   6 |   400/ 6526 batches | lr 5.00 | ms/batch 37.57 | loss  8.02 | ppl  3040.68
| epoch   6 |   600/ 6526 batches | lr 5.00 | ms/batch 37.58 | loss  8.04 | ppl  3102.49
| epoch   6 |   800/ 6526 batches | lr 5.00 | ms/batch 37.58 | loss  8.10 | ppl  3300.50
| epoch   6 |  1000/ 6526 batches | lr 5.00 | ms/batch 37.57 | loss  8.05 | ppl  3139.07
| epoch   6 |  1200/ 6526 batches | lr 5.00 | ms/batch 37.58 | loss  8.12 | ppl  3377.68
| epoch   6 |  1400/ 6526 batches | lr 5.00 | ms/batch 37.58 | loss  8.07 | ppl  3197.82
| epoch   6 |  1600/ 6526 batches | lr 5.00 | ms/batch 37.68 | loss  8.06 | ppl  3156.32
| epoch   6 |  1800/ 6526 batches | lr 5.00 | ms/batch 37.59 | loss  8.13 | ppl  3402.90
| epoch   6 |  2000/ 6526 batches | lr 5.00 | ms/batch 37.58 | loss  8.10 | ppl  3303.92
| epoch   6 |  2200/ 6526 batches | lr 5.00 | ms/batch 37.58 | loss  8.08 | ppl  3223.54
| epoch   6 |  2400/ 6526 batches | lr 5.00 | ms/batch 37.59 | loss  8.04 | ppl  3093.13
| epoch   6 |  2600/ 6526 batches | lr 5.00 | ms/batch 37.61 | loss  8.09 | ppl  3249.94
| epoch   6 |  2800/ 6526 batches | lr 5.00 | ms/batch 37.58 | loss  8.04 | ppl  3088.62
| epoch   6 |  3000/ 6526 batches | lr 5.00 | ms/batch 37.54 | loss  8.10 | ppl  3282.95
| epoch   6 |  3200/ 6526 batches | lr 5.00 | ms/batch 37.54 | loss  8.08 | ppl  3241.15
| epoch   6 |  3400/ 6526 batches | lr 5.00 | ms/batch 37.54 | loss  8.11 | ppl  3338.02
| epoch   6 |  3600/ 6526 batches | lr 5.00 | ms/batch 37.53 | loss  8.07 | ppl  3181.76
| epoch   6 |  3800/ 6526 batches | lr 5.00 | ms/batch 37.53 | loss  8.03 | ppl  3062.61
| epoch   6 |  4000/ 6526 batches | lr 5.00 | ms/batch 37.53 | loss  8.08 | ppl  3223.56
| epoch   6 |  4200/ 6526 batches | lr 5.00 | ms/batch 37.51 | loss  8.03 | ppl  3069.95
| epoch   6 |  4400/ 6526 batches | lr 5.00 | ms/batch 37.52 | loss  8.11 | ppl  3331.69
| epoch   6 |  4600/ 6526 batches | lr 5.00 | ms/batch 37.52 | loss  8.11 | ppl  3322.22
| epoch   6 |  4800/ 6526 batches | lr 5.00 | ms/batch 37.51 | loss  8.03 | ppl  3061.43
| epoch   6 |  5000/ 6526 batches | lr 5.00 | ms/batch 37.52 | loss  8.03 | ppl  3056.48
| epoch   6 |  5200/ 6526 batches | lr 5.00 | ms/batch 37.52 | loss  8.08 | ppl  3236.84
| epoch   6 |  5400/ 6526 batches | lr 5.00 | ms/batch 37.52 | loss  8.11 | ppl  3343.85
| epoch   6 |  5600/ 6526 batches | lr 5.00 | ms/batch 37.51 | loss  8.12 | ppl  3360.16
| epoch   6 |  5800/ 6526 batches | lr 5.00 | ms/batch 37.52 | loss  8.06 | ppl  3171.64
| epoch   6 |  6000/ 6526 batches | lr 5.00 | ms/batch 37.52 | loss  8.10 | ppl  3291.27
| epoch   6 |  6200/ 6526 batches | lr 5.00 | ms/batch 37.50 | loss  8.06 | ppl  3179.00
| epoch   6 |  6400/ 6526 batches | lr 5.00 | ms/batch 37.52 | loss  8.10 | ppl  3299.44
-----------------------------------------------------------------------------------------
| end of epoch   6 | time: 253.25s | valid loss  7.88 | valid ppl  2654.65
-----------------------------------------------------------------------------------------
| epoch   7 |   200/ 6526 batches | lr 1.25 | ms/batch 37.73 | loss  7.13 | ppl  1243.14
| epoch   7 |   400/ 6526 batches | lr 1.25 | ms/batch 37.53 | loss  7.11 | ppl  1227.89
| epoch   7 |   600/ 6526 batches | lr 1.25 | ms/batch 37.55 | loss  7.12 | ppl  1237.44
| epoch   7 |   800/ 6526 batches | lr 1.25 | ms/batch 37.54 | loss  7.12 | ppl  1235.44
| epoch   7 |  1000/ 6526 batches | lr 1.25 | ms/batch 37.53 | loss  7.11 | ppl  1222.42
| epoch   7 |  1200/ 6526 batches | lr 1.25 | ms/batch 37.54 | loss  7.11 | ppl  1229.06
| epoch   7 |  1400/ 6526 batches | lr 1.25 | ms/batch 37.54 | loss  7.09 | ppl  1203.11
| epoch   7 |  1600/ 6526 batches | lr 1.25 | ms/batch 37.54 | loss  7.11 | ppl  1228.83
| epoch   7 |  1800/ 6526 batches | lr 1.25 | ms/batch 37.53 | loss  7.12 | ppl  1235.89
| epoch   7 |  2000/ 6526 batches | lr 1.25 | ms/batch 37.54 | loss  7.12 | ppl  1234.76
| epoch   7 |  2200/ 6526 batches | lr 1.25 | ms/batch 37.54 | loss  7.14 | ppl  1264.70
| epoch   7 |  2400/ 6526 batches | lr 1.25 | ms/batch 37.53 | loss  7.13 | ppl  1244.83
| epoch   7 |  2600/ 6526 batches | lr 1.25 | ms/batch 37.53 | loss  7.15 | ppl  1269.58
| epoch   7 |  2800/ 6526 batches | lr 1.25 | ms/batch 37.53 | loss  7.12 | ppl  1234.26
| epoch   7 |  3000/ 6526 batches | lr 1.25 | ms/batch 37.64 | loss  7.11 | ppl  1221.33
| epoch   7 |  3200/ 6526 batches | lr 1.25 | ms/batch 37.55 | loss  7.11 | ppl  1226.98
| epoch   7 |  3400/ 6526 batches | lr 1.25 | ms/batch 37.53 | loss  7.14 | ppl  1255.26
| epoch   7 |  3600/ 6526 batches | lr 1.25 | ms/batch 37.54 | loss  7.12 | ppl  1231.34
| epoch   7 |  3800/ 6526 batches | lr 1.25 | ms/batch 37.53 | loss  7.10 | ppl  1217.68
| epoch   7 |  4000/ 6526 batches | lr 1.25 | ms/batch 37.58 | loss  7.10 | ppl  1205.99
| epoch   7 |  4200/ 6526 batches | lr 1.25 | ms/batch 37.57 | loss  7.11 | ppl  1229.48
| epoch   7 |  4400/ 6526 batches | lr 1.25 | ms/batch 37.55 | loss  7.11 | ppl  1224.57
| epoch   7 |  4600/ 6526 batches | lr 1.25 | ms/batch 37.53 | loss  7.16 | ppl  1280.66
| epoch   7 |  4800/ 6526 batches | lr 1.25 | ms/batch 37.53 | loss  7.11 | ppl  1221.00
| epoch   7 |  5000/ 6526 batches | lr 1.25 | ms/batch 37.51 | loss  7.07 | ppl  1174.07
| epoch   7 |  5200/ 6526 batches | lr 1.25 | ms/batch 37.54 | loss  7.11 | ppl  1218.88
| epoch   7 |  5400/ 6526 batches | lr 1.25 | ms/batch 37.53 | loss  7.11 | ppl  1230.15
| epoch   7 |  5600/ 6526 batches | lr 1.25 | ms/batch 37.54 | loss  7.11 | ppl  1221.81
| epoch   7 |  5800/ 6526 batches | lr 1.25 | ms/batch 37.55 | loss  7.08 | ppl  1187.71
| epoch   7 |  6000/ 6526 batches | lr 1.25 | ms/batch 37.52 | loss  7.07 | ppl  1179.48
| epoch   7 |  6200/ 6526 batches | lr 1.25 | ms/batch 37.54 | loss  7.08 | ppl  1183.44
| epoch   7 |  6400/ 6526 batches | lr 1.25 | ms/batch 37.54 | loss  7.05 | ppl  1154.65
-----------------------------------------------------------------------------------------
| end of epoch   7 | time: 253.21s | valid loss  7.01 | valid ppl  1102.58
-----------------------------------------------------------------------------------------
| epoch   8 |   200/ 6526 batches | lr 1.25 | ms/batch 37.76 | loss  7.09 | ppl  1197.62
| epoch   8 |   400/ 6526 batches | lr 1.25 | ms/batch 37.55 | loss  7.08 | ppl  1191.09
| epoch   8 |   600/ 6526 batches | lr 1.25 | ms/batch 37.55 | loss  7.10 | ppl  1212.37
| epoch   8 |   800/ 6526 batches | lr 1.25 | ms/batch 37.56 | loss  7.10 | ppl  1212.10
| epoch   8 |  1000/ 6526 batches | lr 1.25 | ms/batch 37.56 | loss  7.09 | ppl  1200.82
| epoch   8 |  1200/ 6526 batches | lr 1.25 | ms/batch 37.56 | loss  7.09 | ppl  1204.43
| epoch   8 |  1400/ 6526 batches | lr 1.25 | ms/batch 37.58 | loss  7.07 | ppl  1180.85
| epoch   8 |  1600/ 6526 batches | lr 1.25 | ms/batch 37.56 | loss  7.09 | ppl  1199.30
| epoch   8 |  1800/ 6526 batches | lr 1.25 | ms/batch 37.55 | loss  7.10 | ppl  1216.58
| epoch   8 |  2000/ 6526 batches | lr 1.25 | ms/batch 37.56 | loss  7.10 | ppl  1214.86
| epoch   8 |  2200/ 6526 batches | lr 1.25 | ms/batch 37.55 | loss  7.13 | ppl  1246.04
| epoch   8 |  2400/ 6526 batches | lr 1.25 | ms/batch 37.57 | loss  7.11 | ppl  1227.26
| epoch   8 |  2600/ 6526 batches | lr 1.25 | ms/batch 37.57 | loss  7.13 | ppl  1250.80
| epoch   8 |  2800/ 6526 batches | lr 1.25 | ms/batch 37.56 | loss  7.11 | ppl  1223.29
| epoch   8 |  3000/ 6526 batches | lr 1.25 | ms/batch 37.57 | loss  7.10 | ppl  1207.43
| epoch   8 |  3200/ 6526 batches | lr 1.25 | ms/batch 37.58 | loss  7.10 | ppl  1210.22
| epoch   8 |  3400/ 6526 batches | lr 1.25 | ms/batch 37.56 | loss  7.12 | ppl  1239.72
| epoch   8 |  3600/ 6526 batches | lr 1.25 | ms/batch 37.58 | loss  7.10 | ppl  1216.73
| epoch   8 |  3800/ 6526 batches | lr 1.25 | ms/batch 37.58 | loss  7.09 | ppl  1202.42
| epoch   8 |  4000/ 6526 batches | lr 1.25 | ms/batch 37.57 | loss  7.09 | ppl  1194.50
| epoch   8 |  4200/ 6526 batches | lr 1.25 | ms/batch 37.73 | loss  7.10 | ppl  1216.80
| epoch   8 |  4400/ 6526 batches | lr 1.25 | ms/batch 37.57 | loss  7.10 | ppl  1215.58
| epoch   8 |  4600/ 6526 batches | lr 1.25 | ms/batch 37.56 | loss  7.15 | ppl  1270.60
| epoch   8 |  4800/ 6526 batches | lr 1.25 | ms/batch 37.57 | loss  7.10 | ppl  1207.58
| epoch   8 |  5000/ 6526 batches | lr 1.25 | ms/batch 37.57 | loss  7.06 | ppl  1161.69
| epoch   8 |  5200/ 6526 batches | lr 1.25 | ms/batch 37.59 | loss  7.10 | ppl  1207.49
| epoch   8 |  5400/ 6526 batches | lr 1.25 | ms/batch 37.63 | loss  7.11 | ppl  1218.87
| epoch   8 |  5600/ 6526 batches | lr 1.25 | ms/batch 37.56 | loss  7.10 | ppl  1213.47
| epoch   8 |  5800/ 6526 batches | lr 1.25 | ms/batch 37.57 | loss  7.07 | ppl  1176.85
| epoch   8 |  6000/ 6526 batches | lr 1.25 | ms/batch 37.58 | loss  7.07 | ppl  1170.71
| epoch   8 |  6200/ 6526 batches | lr 1.25 | ms/batch 37.59 | loss  7.07 | ppl  1174.38
| epoch   8 |  6400/ 6526 batches | lr 1.25 | ms/batch 37.60 | loss  7.04 | ppl  1147.00
-----------------------------------------------------------------------------------------
| end of epoch   8 | time: 253.42s | valid loss  7.02 | valid ppl  1118.42
-----------------------------------------------------------------------------------------
| epoch   9 |   200/ 6526 batches | lr 0.31 | ms/batch 36.95 | loss  7.07 | ppl  1180.43
| epoch   9 |   400/ 6526 batches | lr 0.31 | ms/batch 36.76 | loss  7.09 | ppl  1203.83
| epoch   9 |   600/ 6526 batches | lr 0.31 | ms/batch 36.75 | loss  7.09 | ppl  1200.51
| epoch   9 |   800/ 6526 batches | lr 0.31 | ms/batch 36.76 | loss  7.08 | ppl  1190.19
| epoch   9 |  1000/ 6526 batches | lr 0.31 | ms/batch 36.76 | loss  7.07 | ppl  1173.34
| epoch   9 |  1200/ 6526 batches | lr 0.31 | ms/batch 36.76 | loss  7.09 | ppl  1198.58
| epoch   9 |  1400/ 6526 batches | lr 0.31 | ms/batch 36.75 | loss  7.07 | ppl  1177.90
| epoch   9 |  1600/ 6526 batches | lr 0.31 | ms/batch 36.72 | loss  7.08 | ppl  1188.45
| epoch   9 |  1800/ 6526 batches | lr 0.31 | ms/batch 36.76 | loss  7.08 | ppl  1190.19
| epoch   9 |  2000/ 6526 batches | lr 0.31 | ms/batch 36.76 | loss  7.08 | ppl  1192.07
| epoch   9 |  2200/ 6526 batches | lr 0.31 | ms/batch 36.75 | loss  7.10 | ppl  1216.83
| epoch   9 |  2400/ 6526 batches | lr 0.31 | ms/batch 36.76 | loss  7.09 | ppl  1197.33
| epoch   9 |  2600/ 6526 batches | lr 0.31 | ms/batch 36.76 | loss  7.11 | ppl  1220.57
| epoch   9 |  2800/ 6526 batches | lr 0.31 | ms/batch 36.75 | loss  7.09 | ppl  1203.28
| epoch   9 |  3000/ 6526 batches | lr 0.31 | ms/batch 36.75 | loss  7.08 | ppl  1186.33
| epoch   9 |  3200/ 6526 batches | lr 0.31 | ms/batch 36.75 | loss  7.07 | ppl  1181.48
| epoch   9 |  3400/ 6526 batches | lr 0.31 | ms/batch 36.76 | loss  7.10 | ppl  1206.16
| epoch   9 |  3600/ 6526 batches | lr 0.31 | ms/batch 36.75 | loss  7.08 | ppl  1190.56
| epoch   9 |  3800/ 6526 batches | lr 0.31 | ms/batch 36.74 | loss  7.07 | ppl  1179.99
| epoch   9 |  4000/ 6526 batches | lr 0.31 | ms/batch 36.76 | loss  7.07 | ppl  1179.81
| epoch   9 |  4200/ 6526 batches | lr 0.31 | ms/batch 36.76 | loss  7.09 | ppl  1197.82
| epoch   9 |  4400/ 6526 batches | lr 0.31 | ms/batch 36.75 | loss  7.07 | ppl  1176.81
| epoch   9 |  4600/ 6526 batches | lr 0.31 | ms/batch 36.75 | loss  7.11 | ppl  1221.54
| epoch   9 |  4800/ 6526 batches | lr 0.31 | ms/batch 36.76 | loss  7.06 | ppl  1169.63
| epoch   9 |  5000/ 6526 batches | lr 0.31 | ms/batch 36.75 | loss  7.02 | ppl  1118.49
| epoch   9 |  5200/ 6526 batches | lr 0.31 | ms/batch 36.74 | loss  7.06 | ppl  1163.35
| epoch   9 |  5400/ 6526 batches | lr 0.31 | ms/batch 36.76 | loss  7.08 | ppl  1185.00
| epoch   9 |  5600/ 6526 batches | lr 0.31 | ms/batch 36.84 | loss  7.06 | ppl  1165.43
| epoch   9 |  5800/ 6526 batches | lr 0.31 | ms/batch 36.75 | loss  7.02 | ppl  1124.32
| epoch   9 |  6000/ 6526 batches | lr 0.31 | ms/batch 36.75 | loss  7.02 | ppl  1120.93
| epoch   9 |  6200/ 6526 batches | lr 0.31 | ms/batch 36.76 | loss  7.03 | ppl  1129.98
| epoch   9 |  6400/ 6526 batches | lr 0.31 | ms/batch 36.76 | loss  6.99 | ppl  1087.46
-----------------------------------------------------------------------------------------
| end of epoch   9 | time: 248.10s | valid loss  6.93 | valid ppl  1024.61
-----------------------------------------------------------------------------------------
| epoch  10 |   200/ 6526 batches | lr 0.31 | ms/batch 37.70 | loss  7.05 | ppl  1158.22
| epoch  10 |   400/ 6526 batches | lr 0.31 | ms/batch 37.50 | loss  7.07 | ppl  1181.09
| epoch  10 |   600/ 6526 batches | lr 0.31 | ms/batch 37.51 | loss  7.07 | ppl  1176.61
| epoch  10 |   800/ 6526 batches | lr 0.31 | ms/batch 37.50 | loss  7.06 | ppl  1164.27
| epoch  10 |  1000/ 6526 batches | lr 0.31 | ms/batch 37.52 | loss  7.05 | ppl  1150.93
| epoch  10 |  1200/ 6526 batches | lr 0.31 | ms/batch 37.51 | loss  7.07 | ppl  1177.44
| epoch  10 |  1400/ 6526 batches | lr 0.31 | ms/batch 37.52 | loss  7.06 | ppl  1165.67
| epoch  10 |  1600/ 6526 batches | lr 0.31 | ms/batch 37.50 | loss  7.06 | ppl  1165.06
| epoch  10 |  1800/ 6526 batches | lr 0.31 | ms/batch 37.52 | loss  7.06 | ppl  1168.08
| epoch  10 |  2000/ 6526 batches | lr 0.31 | ms/batch 37.53 | loss  7.07 | ppl  1172.88
| epoch  10 |  2200/ 6526 batches | lr 0.31 | ms/batch 37.52 | loss  7.09 | ppl  1203.52
| epoch  10 |  2400/ 6526 batches | lr 0.31 | ms/batch 37.52 | loss  7.08 | ppl  1183.73
| epoch  10 |  2600/ 6526 batches | lr 0.31 | ms/batch 37.51 | loss  7.10 | ppl  1209.31
| epoch  10 |  2800/ 6526 batches | lr 0.31 | ms/batch 37.49 | loss  7.08 | ppl  1189.28
| epoch  10 |  3000/ 6526 batches | lr 0.31 | ms/batch 37.51 | loss  7.07 | ppl  1174.94
| epoch  10 |  3200/ 6526 batches | lr 0.31 | ms/batch 37.51 | loss  7.06 | ppl  1167.93
| epoch  10 |  3400/ 6526 batches | lr 0.31 | ms/batch 37.49 | loss  7.09 | ppl  1196.22
| epoch  10 |  3600/ 6526 batches | lr 0.31 | ms/batch 37.52 | loss  7.07 | ppl  1181.73
| epoch  10 |  3800/ 6526 batches | lr 0.31 | ms/batch 37.51 | loss  7.06 | ppl  1164.89
| epoch  10 |  4000/ 6526 batches | lr 0.31 | ms/batch 37.52 | loss  7.06 | ppl  1167.09
| epoch  10 |  4200/ 6526 batches | lr 0.31 | ms/batch 37.52 | loss  7.09 | ppl  1194.00
| epoch  10 |  4400/ 6526 batches | lr 0.31 | ms/batch 37.52 | loss  7.07 | ppl  1176.23
| epoch  10 |  4600/ 6526 batches | lr 0.31 | ms/batch 37.51 | loss  7.10 | ppl  1214.88
| epoch  10 |  4800/ 6526 batches | lr 0.31 | ms/batch 37.49 | loss  7.06 | ppl  1165.77
| epoch  10 |  5000/ 6526 batches | lr 0.31 | ms/batch 37.51 | loss  7.02 | ppl  1113.83
| epoch  10 |  5200/ 6526 batches | lr 0.31 | ms/batch 37.52 | loss  7.05 | ppl  1156.30
| epoch  10 |  5400/ 6526 batches | lr 0.31 | ms/batch 37.50 | loss  7.07 | ppl  1177.22
| epoch  10 |  5600/ 6526 batches | lr 0.31 | ms/batch 37.52 | loss  7.06 | ppl  1162.52
| epoch  10 |  5800/ 6526 batches | lr 0.31 | ms/batch 37.51 | loss  7.02 | ppl  1121.12
| epoch  10 |  6000/ 6526 batches | lr 0.31 | ms/batch 37.52 | loss  7.02 | ppl  1116.15
| epoch  10 |  6200/ 6526 batches | lr 0.31 | ms/batch 37.50 | loss  7.03 | ppl  1130.14
| epoch  10 |  6400/ 6526 batches | lr 0.31 | ms/batch 37.51 | loss  6.99 | ppl  1084.00
-----------------------------------------------------------------------------------------
| end of epoch  10 | time: 253.00s | valid loss  6.93 | valid ppl  1026.03
-----------------------------------------------------------------------------------------
=========================================================================================
| End of training | test loss  6.87 | test ppl   960.15
=========================================================================================
