python /home/drr342/dl/assignments/hw3/examples/word_language_model/main.py --data /home/drr342/dl/assignments/hw3/examples/word_language_model/data/wikitext-2 --save /home/drr342/dl/assignments/hw3/models/GRU'_'200'_'1'_'32.pt --cuda --model GRU --epochs 10 --emsize 200 --nlayers 1 --bptt 32

/home/drr342/pyenv/py3.6.3/lib/python3.6/site-packages/torch/nn/modules/rnn.py:46: UserWarning: dropout option adds dropout after all but last recurrent layer, so non-zero dropout expects num_layers greater than 1, but got dropout=0.2 and num_layers=1
  "num_layers={}".format(dropout, num_layers))
| epoch   1 |   200/ 3263 batches | lr 20.00 | ms/batch 38.33 | loss  8.01 | ppl  3019.77
| epoch   1 |   400/ 3263 batches | lr 20.00 | ms/batch 37.31 | loss  6.76 | ppl   865.41
| epoch   1 |   600/ 3263 batches | lr 20.00 | ms/batch 37.65 | loss  6.34 | ppl   564.19
| epoch   1 |   800/ 3263 batches | lr 20.00 | ms/batch 37.48 | loss  6.07 | ppl   434.39
| epoch   1 |  1000/ 3263 batches | lr 20.00 | ms/batch 37.54 | loss  6.00 | ppl   404.50
| epoch   1 |  1200/ 3263 batches | lr 20.00 | ms/batch 38.45 | loss  5.91 | ppl   368.91
| epoch   1 |  1400/ 3263 batches | lr 20.00 | ms/batch 37.69 | loss  5.87 | ppl   353.93
| epoch   1 |  1600/ 3263 batches | lr 20.00 | ms/batch 38.17 | loss  5.80 | ppl   331.48
| epoch   1 |  1800/ 3263 batches | lr 20.00 | ms/batch 37.67 | loss  5.81 | ppl   333.26
| epoch   1 |  2000/ 3263 batches | lr 20.00 | ms/batch 37.74 | loss  5.69 | ppl   295.51
| epoch   1 |  2200/ 3263 batches | lr 20.00 | ms/batch 37.73 | loss  5.65 | ppl   285.68
| epoch   1 |  2400/ 3263 batches | lr 20.00 | ms/batch 38.73 | loss  5.58 | ppl   264.50
| epoch   1 |  2600/ 3263 batches | lr 20.00 | ms/batch 37.82 | loss  5.59 | ppl   266.63
| epoch   1 |  2800/ 3263 batches | lr 20.00 | ms/batch 37.60 | loss  5.58 | ppl   265.05
| epoch   1 |  3000/ 3263 batches | lr 20.00 | ms/batch 37.61 | loss  5.54 | ppl   253.53
| epoch   1 |  3200/ 3263 batches | lr 20.00 | ms/batch 37.82 | loss  5.46 | ppl   235.47
-----------------------------------------------------------------------------------------
| end of epoch   1 | time: 128.24s | valid loss  5.45 | valid ppl   231.75
-----------------------------------------------------------------------------------------
| epoch   2 |   200/ 3263 batches | lr 20.00 | ms/batch 37.18 | loss  5.51 | ppl   246.42
| epoch   2 |   400/ 3263 batches | lr 20.00 | ms/batch 37.08 | loss  5.47 | ppl   238.32
| epoch   2 |   600/ 3263 batches | lr 20.00 | ms/batch 37.58 | loss  5.36 | ppl   212.35
| epoch   2 |   800/ 3263 batches | lr 20.00 | ms/batch 38.06 | loss  5.23 | ppl   186.96
| epoch   2 |  1000/ 3263 batches | lr 20.00 | ms/batch 38.06 | loss  5.31 | ppl   201.86
| epoch   2 |  1200/ 3263 batches | lr 20.00 | ms/batch 38.92 | loss  5.24 | ppl   189.25
| epoch   2 |  1400/ 3263 batches | lr 20.00 | ms/batch 36.73 | loss  5.30 | ppl   200.72
| epoch   2 |  1600/ 3263 batches | lr 20.00 | ms/batch 36.17 | loss  5.26 | ppl   193.27
| epoch   2 |  1800/ 3263 batches | lr 20.00 | ms/batch 36.21 | loss  5.31 | ppl   201.89
| epoch   2 |  2000/ 3263 batches | lr 20.00 | ms/batch 36.67 | loss  5.23 | ppl   185.93
| epoch   2 |  2200/ 3263 batches | lr 20.00 | ms/batch 35.75 | loss  5.22 | ppl   184.71
| epoch   2 |  2400/ 3263 batches | lr 20.00 | ms/batch 37.13 | loss  5.14 | ppl   170.75
| epoch   2 |  2600/ 3263 batches | lr 20.00 | ms/batch 36.72 | loss  5.17 | ppl   175.24
| epoch   2 |  2800/ 3263 batches | lr 20.00 | ms/batch 36.27 | loss  5.17 | ppl   175.34
| epoch   2 |  3000/ 3263 batches | lr 20.00 | ms/batch 36.75 | loss  5.16 | ppl   174.32
| epoch   2 |  3200/ 3263 batches | lr 20.00 | ms/batch 35.81 | loss  5.09 | ppl   162.59
-----------------------------------------------------------------------------------------
| end of epoch   2 | time: 125.27s | valid loss  5.31 | valid ppl   202.35
-----------------------------------------------------------------------------------------
| epoch   3 |   200/ 3263 batches | lr 20.00 | ms/batch 36.38 | loss  5.18 | ppl   177.00
| epoch   3 |   400/ 3263 batches | lr 20.00 | ms/batch 40.29 | loss  5.17 | ppl   176.69
| epoch   3 |   600/ 3263 batches | lr 20.00 | ms/batch 36.26 | loss  5.06 | ppl   158.37
| epoch   3 |   800/ 3263 batches | lr 20.00 | ms/batch 37.15 | loss  4.98 | ppl   144.76
| epoch   3 |  1000/ 3263 batches | lr 20.00 | ms/batch 36.75 | loss  5.06 | ppl   157.60
| epoch   3 |  1200/ 3263 batches | lr 20.00 | ms/batch 36.32 | loss  5.00 | ppl   148.87
| epoch   3 |  1400/ 3263 batches | lr 20.00 | ms/batch 36.72 | loss  5.09 | ppl   161.67
| epoch   3 |  1600/ 3263 batches | lr 20.00 | ms/batch 36.36 | loss  5.04 | ppl   154.94
| epoch   3 |  1800/ 3263 batches | lr 20.00 | ms/batch 37.71 | loss  5.10 | ppl   164.10
| epoch   3 |  2000/ 3263 batches | lr 20.00 | ms/batch 37.16 | loss  5.03 | ppl   152.44
| epoch   3 |  2200/ 3263 batches | lr 20.00 | ms/batch 35.88 | loss  5.03 | ppl   152.24
| epoch   3 |  2400/ 3263 batches | lr 20.00 | ms/batch 36.29 | loss  4.93 | ppl   138.96
| epoch   3 |  2600/ 3263 batches | lr 20.00 | ms/batch 37.91 | loss  4.96 | ppl   143.28
| epoch   3 |  2800/ 3263 batches | lr 20.00 | ms/batch 37.41 | loss  4.98 | ppl   145.20
| epoch   3 |  3000/ 3263 batches | lr 20.00 | ms/batch 35.77 | loss  4.98 | ppl   145.82
| epoch   3 |  3200/ 3263 batches | lr 20.00 | ms/batch 36.75 | loss  4.92 | ppl   136.35
-----------------------------------------------------------------------------------------
| end of epoch   3 | time: 125.12s | valid loss  5.23 | valid ppl   185.89
-----------------------------------------------------------------------------------------
| epoch   4 |   200/ 3263 batches | lr 20.00 | ms/batch 35.97 | loss  5.00 | ppl   148.61
| epoch   4 |   400/ 3263 batches | lr 20.00 | ms/batch 37.70 | loss  5.00 | ppl   148.83
| epoch   4 |   600/ 3263 batches | lr 20.00 | ms/batch 36.84 | loss  4.90 | ppl   134.72
| epoch   4 |   800/ 3263 batches | lr 20.00 | ms/batch 37.29 | loss  4.82 | ppl   124.32
| epoch   4 |  1000/ 3263 batches | lr 20.00 | ms/batch 38.12 | loss  4.92 | ppl   136.59
| epoch   4 |  1200/ 3263 batches | lr 20.00 | ms/batch 36.34 | loss  4.87 | ppl   129.85
| epoch   4 |  1400/ 3263 batches | lr 20.00 | ms/batch 37.74 | loss  4.95 | ppl   141.37
| epoch   4 |  1600/ 3263 batches | lr 20.00 | ms/batch 38.28 | loss  4.90 | ppl   134.73
| epoch   4 |  1800/ 3263 batches | lr 20.00 | ms/batch 37.67 | loss  4.97 | ppl   144.35
| epoch   4 |  2000/ 3263 batches | lr 20.00 | ms/batch 36.84 | loss  4.90 | ppl   134.77
| epoch   4 |  2200/ 3263 batches | lr 20.00 | ms/batch 38.19 | loss  4.91 | ppl   135.43
| epoch   4 |  2400/ 3263 batches | lr 20.00 | ms/batch 37.35 | loss  4.81 | ppl   122.78
| epoch   4 |  2600/ 3263 batches | lr 20.00 | ms/batch 36.83 | loss  4.85 | ppl   127.63
| epoch   4 |  2800/ 3263 batches | lr 20.00 | ms/batch 39.87 | loss  4.87 | ppl   130.65
| epoch   4 |  3000/ 3263 batches | lr 20.00 | ms/batch 38.37 | loss  4.88 | ppl   132.07
| epoch   4 |  3200/ 3263 batches | lr 20.00 | ms/batch 38.62 | loss  4.82 | ppl   123.59
-----------------------------------------------------------------------------------------
| end of epoch   4 | time: 127.95s | valid loss  5.22 | valid ppl   185.20
-----------------------------------------------------------------------------------------
| epoch   5 |   200/ 3263 batches | lr 20.00 | ms/batch 38.93 | loss  4.89 | ppl   132.87
| epoch   5 |   400/ 3263 batches | lr 20.00 | ms/batch 38.44 | loss  4.91 | ppl   135.40
| epoch   5 |   600/ 3263 batches | lr 20.00 | ms/batch 38.49 | loss  4.80 | ppl   122.01
| epoch   5 |   800/ 3263 batches | lr 20.00 | ms/batch 38.69 | loss  4.73 | ppl   113.34
| epoch   5 |  1000/ 3263 batches | lr 20.00 | ms/batch 37.95 | loss  4.84 | ppl   125.97
| epoch   5 |  1200/ 3263 batches | lr 20.00 | ms/batch 37.98 | loss  4.79 | ppl   119.77
| epoch   5 |  1400/ 3263 batches | lr 20.00 | ms/batch 38.37 | loss  4.88 | ppl   131.29
| epoch   5 |  1600/ 3263 batches | lr 20.00 | ms/batch 38.32 | loss  4.83 | ppl   124.82
| epoch   5 |  1800/ 3263 batches | lr 20.00 | ms/batch 38.15 | loss  4.89 | ppl   133.40
| epoch   5 |  2000/ 3263 batches | lr 20.00 | ms/batch 38.38 | loss  4.83 | ppl   125.75
| epoch   5 |  2200/ 3263 batches | lr 20.00 | ms/batch 38.36 | loss  4.84 | ppl   126.01
| epoch   5 |  2400/ 3263 batches | lr 20.00 | ms/batch 38.32 | loss  4.72 | ppl   112.56
| epoch   5 |  2600/ 3263 batches | lr 20.00 | ms/batch 37.93 | loss  4.77 | ppl   118.30
| epoch   5 |  2800/ 3263 batches | lr 20.00 | ms/batch 37.95 | loss  4.79 | ppl   120.18
| epoch   5 |  3000/ 3263 batches | lr 20.00 | ms/batch 37.87 | loss  4.80 | ppl   121.56
| epoch   5 |  3200/ 3263 batches | lr 20.00 | ms/batch 37.76 | loss  4.74 | ppl   114.92
-----------------------------------------------------------------------------------------
| end of epoch   5 | time: 129.40s | valid loss  5.21 | valid ppl   182.84
-----------------------------------------------------------------------------------------
| epoch   6 |   200/ 3263 batches | lr 20.00 | ms/batch 36.87 | loss  4.82 | ppl   123.35
| epoch   6 |   400/ 3263 batches | lr 20.00 | ms/batch 36.28 | loss  4.83 | ppl   125.73
| epoch   6 |   600/ 3263 batches | lr 20.00 | ms/batch 35.82 | loss  4.75 | ppl   115.96
| epoch   6 |   800/ 3263 batches | lr 20.00 | ms/batch 37.24 | loss  4.69 | ppl   108.35
| epoch   6 |  1000/ 3263 batches | lr 20.00 | ms/batch 37.23 | loss  4.79 | ppl   120.27
| epoch   6 |  1200/ 3263 batches | lr 20.00 | ms/batch 36.22 | loss  4.75 | ppl   115.08
| epoch   6 |  1400/ 3263 batches | lr 20.00 | ms/batch 38.18 | loss  4.84 | ppl   126.09
| epoch   6 |  1600/ 3263 batches | lr 20.00 | ms/batch 36.76 | loss  4.79 | ppl   120.57
| epoch   6 |  1800/ 3263 batches | lr 20.00 | ms/batch 37.18 | loss  4.86 | ppl   128.39
| epoch   6 |  2000/ 3263 batches | lr 20.00 | ms/batch 38.08 | loss  4.79 | ppl   120.37
| epoch   6 |  2200/ 3263 batches | lr 20.00 | ms/batch 37.69 | loss  4.80 | ppl   121.57
| epoch   6 |  2400/ 3263 batches | lr 20.00 | ms/batch 36.19 | loss  4.70 | ppl   109.58
| epoch   6 |  2600/ 3263 batches | lr 20.00 | ms/batch 36.92 | loss  4.74 | ppl   114.43
| epoch   6 |  2800/ 3263 batches | lr 20.00 | ms/batch 37.69 | loss  4.75 | ppl   115.53
| epoch   6 |  3000/ 3263 batches | lr 20.00 | ms/batch 38.04 | loss  4.77 | ppl   118.40
| epoch   6 |  3200/ 3263 batches | lr 20.00 | ms/batch 37.19 | loss  4.72 | ppl   112.55
-----------------------------------------------------------------------------------------
| end of epoch   6 | time: 126.23s | valid loss  5.25 | valid ppl   189.93
-----------------------------------------------------------------------------------------
| epoch   7 |   200/ 3263 batches | lr 5.00 | ms/batch 37.88 | loss  4.73 | ppl   113.54
| epoch   7 |   400/ 3263 batches | lr 5.00 | ms/batch 38.55 | loss  4.68 | ppl   108.22
| epoch   7 |   600/ 3263 batches | lr 5.00 | ms/batch 39.53 | loss  4.54 | ppl    93.78
| epoch   7 |   800/ 3263 batches | lr 5.00 | ms/batch 37.57 | loss  4.45 | ppl    86.05
| epoch   7 |  1000/ 3263 batches | lr 5.00 | ms/batch 37.21 | loss  4.53 | ppl    92.87
| epoch   7 |  1200/ 3263 batches | lr 5.00 | ms/batch 36.78 | loss  4.45 | ppl    85.41
| epoch   7 |  1400/ 3263 batches | lr 5.00 | ms/batch 36.77 | loss  4.51 | ppl    91.09
| epoch   7 |  1600/ 3263 batches | lr 5.00 | ms/batch 35.81 | loss  4.44 | ppl    85.04
| epoch   7 |  1800/ 3263 batches | lr 5.00 | ms/batch 35.86 | loss  4.49 | ppl    89.36
| epoch   7 |  2000/ 3263 batches | lr 5.00 | ms/batch 35.86 | loss  4.41 | ppl    81.92
| epoch   7 |  2200/ 3263 batches | lr 5.00 | ms/batch 35.81 | loss  4.41 | ppl    81.99
| epoch   7 |  2400/ 3263 batches | lr 5.00 | ms/batch 35.90 | loss  4.27 | ppl    71.49
| epoch   7 |  2600/ 3263 batches | lr 5.00 | ms/batch 36.28 | loss  4.29 | ppl    72.66
| epoch   7 |  2800/ 3263 batches | lr 5.00 | ms/batch 35.88 | loss  4.27 | ppl    71.79
| epoch   7 |  3000/ 3263 batches | lr 5.00 | ms/batch 36.36 | loss  4.29 | ppl    72.72
| epoch   7 |  3200/ 3263 batches | lr 5.00 | ms/batch 36.57 | loss  4.21 | ppl    67.46
-----------------------------------------------------------------------------------------
| end of epoch   7 | time: 124.55s | valid loss  4.98 | valid ppl   145.72
-----------------------------------------------------------------------------------------
| epoch   8 |   200/ 3263 batches | lr 5.00 | ms/batch 36.99 | loss  4.43 | ppl    84.25
| epoch   8 |   400/ 3263 batches | lr 5.00 | ms/batch 37.10 | loss  4.44 | ppl    84.38
| epoch   8 |   600/ 3263 batches | lr 5.00 | ms/batch 37.08 | loss  4.33 | ppl    75.86
| epoch   8 |   800/ 3263 batches | lr 5.00 | ms/batch 35.89 | loss  4.27 | ppl    71.26
| epoch   8 |  1000/ 3263 batches | lr 5.00 | ms/batch 37.30 | loss  4.36 | ppl    78.08
| epoch   8 |  1200/ 3263 batches | lr 5.00 | ms/batch 36.81 | loss  4.29 | ppl    73.26
| epoch   8 |  1400/ 3263 batches | lr 5.00 | ms/batch 35.87 | loss  4.37 | ppl    79.08
| epoch   8 |  1600/ 3263 batches | lr 5.00 | ms/batch 35.88 | loss  4.31 | ppl    74.43
| epoch   8 |  1800/ 3263 batches | lr 5.00 | ms/batch 35.80 | loss  4.37 | ppl    79.16
| epoch   8 |  2000/ 3263 batches | lr 5.00 | ms/batch 35.79 | loss  4.29 | ppl    73.32
| epoch   8 |  2200/ 3263 batches | lr 5.00 | ms/batch 35.71 | loss  4.31 | ppl    74.17
| epoch   8 |  2400/ 3263 batches | lr 5.00 | ms/batch 35.73 | loss  4.18 | ppl    65.13
| epoch   8 |  2600/ 3263 batches | lr 5.00 | ms/batch 35.65 | loss  4.20 | ppl    66.71
| epoch   8 |  2800/ 3263 batches | lr 5.00 | ms/batch 35.73 | loss  4.21 | ppl    67.15
| epoch   8 |  3000/ 3263 batches | lr 5.00 | ms/batch 42.73 | loss  4.23 | ppl    68.39
| epoch   8 |  3200/ 3263 batches | lr 5.00 | ms/batch 43.03 | loss  4.16 | ppl    63.98
-----------------------------------------------------------------------------------------
| end of epoch   8 | time: 126.87s | valid loss  4.96 | valid ppl   142.20
-----------------------------------------------------------------------------------------
| epoch   9 |   200/ 3263 batches | lr 5.00 | ms/batch 38.22 | loss  4.34 | ppl    76.71
| epoch   9 |   400/ 3263 batches | lr 5.00 | ms/batch 39.76 | loss  4.36 | ppl    77.92
| epoch   9 |   600/ 3263 batches | lr 5.00 | ms/batch 38.94 | loss  4.24 | ppl    69.55
| epoch   9 |   800/ 3263 batches | lr 5.00 | ms/batch 39.57 | loss  4.18 | ppl    65.60
| epoch   9 |  1000/ 3263 batches | lr 5.00 | ms/batch 38.34 | loss  4.28 | ppl    72.01
| epoch   9 |  1200/ 3263 batches | lr 5.00 | ms/batch 39.30 | loss  4.22 | ppl    68.01
| epoch   9 |  1400/ 3263 batches | lr 5.00 | ms/batch 39.74 | loss  4.30 | ppl    73.68
| epoch   9 |  1600/ 3263 batches | lr 5.00 | ms/batch 40.70 | loss  4.25 | ppl    69.85
| epoch   9 |  1800/ 3263 batches | lr 5.00 | ms/batch 39.78 | loss  4.31 | ppl    74.29
| epoch   9 |  2000/ 3263 batches | lr 5.00 | ms/batch 38.56 | loss  4.24 | ppl    69.23
| epoch   9 |  2200/ 3263 batches | lr 5.00 | ms/batch 39.50 | loss  4.25 | ppl    69.84
| epoch   9 |  2400/ 3263 batches | lr 5.00 | ms/batch 41.01 | loss  4.13 | ppl    61.96
| epoch   9 |  2600/ 3263 batches | lr 5.00 | ms/batch 39.41 | loss  4.15 | ppl    63.36
| epoch   9 |  2800/ 3263 batches | lr 5.00 | ms/batch 38.48 | loss  4.16 | ppl    63.85
| epoch   9 |  3000/ 3263 batches | lr 5.00 | ms/batch 40.09 | loss  4.18 | ppl    65.53
| epoch   9 |  3200/ 3263 batches | lr 5.00 | ms/batch 39.39 | loss  4.11 | ppl    61.25
-----------------------------------------------------------------------------------------
| end of epoch   9 | time: 133.86s | valid loss  4.96 | valid ppl   142.65
-----------------------------------------------------------------------------------------
| epoch  10 |   200/ 3263 batches | lr 1.25 | ms/batch 43.44 | loss  4.33 | ppl    75.88
| epoch  10 |   400/ 3263 batches | lr 1.25 | ms/batch 41.40 | loss  4.34 | ppl    76.84
| epoch  10 |   600/ 3263 batches | lr 1.25 | ms/batch 39.17 | loss  4.22 | ppl    68.33
| epoch  10 |   800/ 3263 batches | lr 1.25 | ms/batch 39.19 | loss  4.17 | ppl    64.51
| epoch  10 |  1000/ 3263 batches | lr 1.25 | ms/batch 40.94 | loss  4.24 | ppl    69.43
| epoch  10 |  1200/ 3263 batches | lr 1.25 | ms/batch 41.68 | loss  4.19 | ppl    65.80
| epoch  10 |  1400/ 3263 batches | lr 1.25 | ms/batch 42.16 | loss  4.25 | ppl    70.29
| epoch  10 |  1600/ 3263 batches | lr 1.25 | ms/batch 42.15 | loss  4.19 | ppl    66.10
| epoch  10 |  1800/ 3263 batches | lr 1.25 | ms/batch 41.50 | loss  4.25 | ppl    70.05
| epoch  10 |  2000/ 3263 batches | lr 1.25 | ms/batch 43.26 | loss  4.17 | ppl    64.79
| epoch  10 |  2200/ 3263 batches | lr 1.25 | ms/batch 41.92 | loss  4.17 | ppl    65.01
| epoch  10 |  2400/ 3263 batches | lr 1.25 | ms/batch 40.53 | loss  4.04 | ppl    56.77
| epoch  10 |  2600/ 3263 batches | lr 1.25 | ms/batch 40.11 | loss  4.06 | ppl    57.76
| epoch  10 |  2800/ 3263 batches | lr 1.25 | ms/batch 40.63 | loss  4.06 | ppl    58.05
| epoch  10 |  3000/ 3263 batches | lr 1.25 | ms/batch 40.55 | loss  4.07 | ppl    58.37
| epoch  10 |  3200/ 3263 batches | lr 1.25 | ms/batch 40.13 | loss  4.00 | ppl    54.42
-----------------------------------------------------------------------------------------
| end of epoch  10 | time: 139.58s | valid loss  4.89 | valid ppl   133.61
-----------------------------------------------------------------------------------------
=========================================================================================
| End of training | test loss  4.83 | test ppl   124.85
=========================================================================================
