python /home/drr342/dl/assignments/hw3/examples/word_language_model/main.py --data /home/drr342/dl/assignments/hw3/examples/word_language_model/data/wikitext-2 --save /home/drr342/dl/assignments/hw3/models/GRU'_'400'_'2'_'32.pt --cuda --model GRU --epochs 10 --emsize 400 --nlayers 2 --bptt 32

| epoch   1 |   200/ 3263 batches | lr 20.00 | ms/batch 43.56 | loss  8.75 | ppl  6326.89
| epoch   1 |   400/ 3263 batches | lr 20.00 | ms/batch 42.52 | loss  7.17 | ppl  1294.12
| epoch   1 |   600/ 3263 batches | lr 20.00 | ms/batch 42.52 | loss  6.61 | ppl   744.45
| epoch   1 |   800/ 3263 batches | lr 20.00 | ms/batch 42.55 | loss  6.30 | ppl   545.02
| epoch   1 |  1000/ 3263 batches | lr 20.00 | ms/batch 42.57 | loss  6.19 | ppl   488.76
| epoch   1 |  1200/ 3263 batches | lr 20.00 | ms/batch 42.58 | loss  6.08 | ppl   438.01
| epoch   1 |  1400/ 3263 batches | lr 20.00 | ms/batch 42.59 | loss  6.02 | ppl   411.46
| epoch   1 |  1600/ 3263 batches | lr 20.00 | ms/batch 42.60 | loss  5.94 | ppl   379.15
| epoch   1 |  1800/ 3263 batches | lr 20.00 | ms/batch 42.60 | loss  5.94 | ppl   381.74
| epoch   1 |  2000/ 3263 batches | lr 20.00 | ms/batch 42.61 | loss  5.82 | ppl   336.00
| epoch   1 |  2200/ 3263 batches | lr 20.00 | ms/batch 42.61 | loss  5.78 | ppl   324.92
| epoch   1 |  2400/ 3263 batches | lr 20.00 | ms/batch 42.61 | loss  5.70 | ppl   297.72
| epoch   1 |  2600/ 3263 batches | lr 20.00 | ms/batch 42.60 | loss  5.70 | ppl   299.89
| epoch   1 |  2800/ 3263 batches | lr 20.00 | ms/batch 42.59 | loss  5.69 | ppl   296.54
| epoch   1 |  3000/ 3263 batches | lr 20.00 | ms/batch 42.56 | loss  5.64 | ppl   280.47
| epoch   1 |  3200/ 3263 batches | lr 20.00 | ms/batch 42.60 | loss  5.57 | ppl   261.96
-----------------------------------------------------------------------------------------
| end of epoch   1 | time: 144.27s | valid loss  5.54 | valid ppl   254.21
-----------------------------------------------------------------------------------------
| epoch   2 |   200/ 3263 batches | lr 20.00 | ms/batch 44.46 | loss  5.62 | ppl   276.93
| epoch   2 |   400/ 3263 batches | lr 20.00 | ms/batch 44.23 | loss  5.62 | ppl   274.90
| epoch   2 |   600/ 3263 batches | lr 20.00 | ms/batch 44.22 | loss  5.49 | ppl   241.71
| epoch   2 |   800/ 3263 batches | lr 20.00 | ms/batch 44.25 | loss  5.38 | ppl   216.42
| epoch   2 |  1000/ 3263 batches | lr 20.00 | ms/batch 44.22 | loss  5.45 | ppl   232.24
| epoch   2 |  1200/ 3263 batches | lr 20.00 | ms/batch 44.25 | loss  5.38 | ppl   217.68
| epoch   2 |  1400/ 3263 batches | lr 20.00 | ms/batch 44.21 | loss  5.44 | ppl   230.16
| epoch   2 |  1600/ 3263 batches | lr 20.00 | ms/batch 44.24 | loss  5.40 | ppl   220.52
| epoch   2 |  1800/ 3263 batches | lr 20.00 | ms/batch 44.25 | loss  5.44 | ppl   229.84
| epoch   2 |  2000/ 3263 batches | lr 20.00 | ms/batch 44.24 | loss  5.36 | ppl   212.18
| epoch   2 |  2200/ 3263 batches | lr 20.00 | ms/batch 44.22 | loss  5.35 | ppl   209.85
| epoch   2 |  2400/ 3263 batches | lr 20.00 | ms/batch 44.15 | loss  5.27 | ppl   194.59
| epoch   2 |  2600/ 3263 batches | lr 20.00 | ms/batch 44.02 | loss  5.29 | ppl   199.11
| epoch   2 |  2800/ 3263 batches | lr 20.00 | ms/batch 44.00 | loss  5.29 | ppl   198.03
| epoch   2 |  3000/ 3263 batches | lr 20.00 | ms/batch 44.00 | loss  5.29 | ppl   199.15
| epoch   2 |  3200/ 3263 batches | lr 20.00 | ms/batch 43.99 | loss  5.23 | ppl   185.94
-----------------------------------------------------------------------------------------
| end of epoch   2 | time: 149.31s | valid loss  5.39 | valid ppl   218.93
-----------------------------------------------------------------------------------------
| epoch   3 |   200/ 3263 batches | lr 20.00 | ms/batch 44.59 | loss  5.31 | ppl   202.11
| epoch   3 |   400/ 3263 batches | lr 20.00 | ms/batch 44.50 | loss  5.34 | ppl   208.22
| epoch   3 |   600/ 3263 batches | lr 20.00 | ms/batch 44.79 | loss  5.24 | ppl   189.48
| epoch   3 |   800/ 3263 batches | lr 20.00 | ms/batch 44.80 | loss  5.15 | ppl   172.66
| epoch   3 |  1000/ 3263 batches | lr 20.00 | ms/batch 44.57 | loss  5.23 | ppl   186.38
| epoch   3 |  1200/ 3263 batches | lr 20.00 | ms/batch 44.80 | loss  5.19 | ppl   179.38
| epoch   3 |  1400/ 3263 batches | lr 20.00 | ms/batch 44.65 | loss  5.27 | ppl   194.26
| epoch   3 |  1600/ 3263 batches | lr 20.00 | ms/batch 44.78 | loss  5.23 | ppl   186.80
| epoch   3 |  1800/ 3263 batches | lr 20.00 | ms/batch 44.78 | loss  5.29 | ppl   198.11
| epoch   3 |  2000/ 3263 batches | lr 20.00 | ms/batch 44.82 | loss  5.22 | ppl   185.16
| epoch   3 |  2200/ 3263 batches | lr 20.00 | ms/batch 44.82 | loss  5.23 | ppl   186.65
| epoch   3 |  2400/ 3263 batches | lr 20.00 | ms/batch 44.81 | loss  5.17 | ppl   175.73
| epoch   3 |  2600/ 3263 batches | lr 20.00 | ms/batch 44.80 | loss  5.22 | ppl   185.25
| epoch   3 |  2800/ 3263 batches | lr 20.00 | ms/batch 44.80 | loss  5.25 | ppl   190.36
| epoch   3 |  3000/ 3263 batches | lr 20.00 | ms/batch 44.79 | loss  5.29 | ppl   197.62
| epoch   3 |  3200/ 3263 batches | lr 20.00 | ms/batch 44.82 | loss  5.25 | ppl   191.27
-----------------------------------------------------------------------------------------
| end of epoch   3 | time: 151.14s | valid loss  5.39 | valid ppl   219.54
-----------------------------------------------------------------------------------------
| epoch   4 |   200/ 3263 batches | lr 5.00 | ms/batch 45.14 | loss  5.32 | ppl   205.18
| epoch   4 |   400/ 3263 batches | lr 5.00 | ms/batch 44.95 | loss  5.26 | ppl   192.53
| epoch   4 |   600/ 3263 batches | lr 5.00 | ms/batch 44.93 | loss  5.13 | ppl   168.23
| epoch   4 |   800/ 3263 batches | lr 5.00 | ms/batch 44.96 | loss  5.01 | ppl   150.46
| epoch   4 |  1000/ 3263 batches | lr 5.00 | ms/batch 44.98 | loss  5.07 | ppl   158.81
| epoch   4 |  1200/ 3263 batches | lr 5.00 | ms/batch 44.91 | loss  4.98 | ppl   146.00
| epoch   4 |  1400/ 3263 batches | lr 5.00 | ms/batch 44.91 | loss  5.03 | ppl   152.97
| epoch   4 |  1600/ 3263 batches | lr 5.00 | ms/batch 44.86 | loss  4.97 | ppl   143.64
| epoch   4 |  1800/ 3263 batches | lr 5.00 | ms/batch 44.92 | loss  5.01 | ppl   149.94
| epoch   4 |  2000/ 3263 batches | lr 5.00 | ms/batch 44.92 | loss  4.91 | ppl   136.14
| epoch   4 |  2200/ 3263 batches | lr 5.00 | ms/batch 44.75 | loss  4.91 | ppl   136.12
| epoch   4 |  2400/ 3263 batches | lr 5.00 | ms/batch 44.83 | loss  4.81 | ppl   123.26
| epoch   4 |  2600/ 3263 batches | lr 5.00 | ms/batch 44.66 | loss  4.84 | ppl   126.39
| epoch   4 |  2800/ 3263 batches | lr 5.00 | ms/batch 44.91 | loss  4.84 | ppl   126.46
| epoch   4 |  3000/ 3263 batches | lr 5.00 | ms/batch 44.94 | loss  4.85 | ppl   127.23
| epoch   4 |  3200/ 3263 batches | lr 5.00 | ms/batch 44.93 | loss  4.79 | ppl   119.83
-----------------------------------------------------------------------------------------
| end of epoch   4 | time: 151.68s | valid loss  5.07 | valid ppl   159.11
-----------------------------------------------------------------------------------------
| epoch   5 |   200/ 3263 batches | lr 5.00 | ms/batch 42.91 | loss  4.96 | ppl   142.92
| epoch   5 |   400/ 3263 batches | lr 5.00 | ms/batch 42.70 | loss  4.96 | ppl   142.91
| epoch   5 |   600/ 3263 batches | lr 5.00 | ms/batch 42.71 | loss  4.85 | ppl   127.87
| epoch   5 |   800/ 3263 batches | lr 5.00 | ms/batch 42.69 | loss  4.77 | ppl   117.35
| epoch   5 |  1000/ 3263 batches | lr 5.00 | ms/batch 42.71 | loss  4.84 | ppl   126.74
| epoch   5 |  1200/ 3263 batches | lr 5.00 | ms/batch 42.70 | loss  4.78 | ppl   119.33
| epoch   5 |  1400/ 3263 batches | lr 5.00 | ms/batch 42.72 | loss  4.85 | ppl   127.36
| epoch   5 |  1600/ 3263 batches | lr 5.00 | ms/batch 42.70 | loss  4.80 | ppl   121.07
| epoch   5 |  1800/ 3263 batches | lr 5.00 | ms/batch 42.72 | loss  4.86 | ppl   128.47
| epoch   5 |  2000/ 3263 batches | lr 5.00 | ms/batch 42.67 | loss  4.77 | ppl   117.44
| epoch   5 |  2200/ 3263 batches | lr 5.00 | ms/batch 42.73 | loss  4.77 | ppl   118.43
| epoch   5 |  2400/ 3263 batches | lr 5.00 | ms/batch 42.71 | loss  4.68 | ppl   107.98
| epoch   5 |  2600/ 3263 batches | lr 5.00 | ms/batch 42.70 | loss  4.72 | ppl   111.64
| epoch   5 |  2800/ 3263 batches | lr 5.00 | ms/batch 42.73 | loss  4.72 | ppl   112.66
| epoch   5 |  3000/ 3263 batches | lr 5.00 | ms/batch 42.71 | loss  4.73 | ppl   113.74
| epoch   5 |  3200/ 3263 batches | lr 5.00 | ms/batch 42.70 | loss  4.68 | ppl   107.92
-----------------------------------------------------------------------------------------
| end of epoch   5 | time: 144.54s | valid loss  5.01 | valid ppl   150.05
-----------------------------------------------------------------------------------------
| epoch   6 |   200/ 3263 batches | lr 5.00 | ms/batch 44.58 | loss  4.83 | ppl   124.85
| epoch   6 |   400/ 3263 batches | lr 5.00 | ms/batch 44.26 | loss  4.84 | ppl   126.50
| epoch   6 |   600/ 3263 batches | lr 5.00 | ms/batch 44.37 | loss  4.72 | ppl   112.56
| epoch   6 |   800/ 3263 batches | lr 5.00 | ms/batch 44.41 | loss  4.65 | ppl   104.42
| epoch   6 |  1000/ 3263 batches | lr 5.00 | ms/batch 44.46 | loss  4.73 | ppl   112.79
| epoch   6 |  1200/ 3263 batches | lr 5.00 | ms/batch 44.37 | loss  4.67 | ppl   106.21
| epoch   6 |  1400/ 3263 batches | lr 5.00 | ms/batch 44.39 | loss  4.74 | ppl   114.65
| epoch   6 |  1600/ 3263 batches | lr 5.00 | ms/batch 44.38 | loss  4.70 | ppl   109.54
| epoch   6 |  1800/ 3263 batches | lr 5.00 | ms/batch 44.21 | loss  4.76 | ppl   117.24
| epoch   6 |  2000/ 3263 batches | lr 5.00 | ms/batch 44.41 | loss  4.68 | ppl   107.59
| epoch   6 |  2200/ 3263 batches | lr 5.00 | ms/batch 44.37 | loss  4.69 | ppl   108.40
| epoch   6 |  2400/ 3263 batches | lr 5.00 | ms/batch 44.37 | loss  4.59 | ppl    98.73
| epoch   6 |  2600/ 3263 batches | lr 5.00 | ms/batch 44.40 | loss  4.62 | ppl   101.93
| epoch   6 |  2800/ 3263 batches | lr 5.00 | ms/batch 44.38 | loss  4.64 | ppl   103.52
| epoch   6 |  3000/ 3263 batches | lr 5.00 | ms/batch 44.40 | loss  4.65 | ppl   104.68
| epoch   6 |  3200/ 3263 batches | lr 5.00 | ms/batch 44.40 | loss  4.59 | ppl    98.44
-----------------------------------------------------------------------------------------
| end of epoch   6 | time: 149.98s | valid loss  4.98 | valid ppl   146.15
-----------------------------------------------------------------------------------------
| epoch   7 |   200/ 3263 batches | lr 5.00 | ms/batch 45.03 | loss  4.73 | ppl   113.43
| epoch   7 |   400/ 3263 batches | lr 5.00 | ms/batch 44.63 | loss  4.74 | ppl   114.62
| epoch   7 |   600/ 3263 batches | lr 5.00 | ms/batch 44.59 | loss  4.63 | ppl   102.68
| epoch   7 |   800/ 3263 batches | lr 5.00 | ms/batch 44.46 | loss  4.56 | ppl    95.54
| epoch   7 |  1000/ 3263 batches | lr 5.00 | ms/batch 44.49 | loss  4.64 | ppl   103.81
| epoch   7 |  1200/ 3263 batches | lr 5.00 | ms/batch 44.49 | loss  4.58 | ppl    97.85
| epoch   7 |  1400/ 3263 batches | lr 5.00 | ms/batch 44.44 | loss  4.66 | ppl   105.99
| epoch   7 |  1600/ 3263 batches | lr 5.00 | ms/batch 44.37 | loss  4.62 | ppl   101.74
| epoch   7 |  1800/ 3263 batches | lr 5.00 | ms/batch 44.49 | loss  4.69 | ppl   108.54
| epoch   7 |  2000/ 3263 batches | lr 5.00 | ms/batch 44.50 | loss  4.61 | ppl   100.07
| epoch   7 |  2200/ 3263 batches | lr 5.00 | ms/batch 44.49 | loss  4.62 | ppl   101.04
| epoch   7 |  2400/ 3263 batches | lr 5.00 | ms/batch 44.47 | loss  4.52 | ppl    92.06
| epoch   7 |  2600/ 3263 batches | lr 5.00 | ms/batch 44.41 | loss  4.55 | ppl    94.63
| epoch   7 |  2800/ 3263 batches | lr 5.00 | ms/batch 44.47 | loss  4.57 | ppl    96.63
| epoch   7 |  3000/ 3263 batches | lr 5.00 | ms/batch 44.48 | loss  4.58 | ppl    97.62
| epoch   7 |  3200/ 3263 batches | lr 5.00 | ms/batch 44.47 | loss  4.52 | ppl    91.81
-----------------------------------------------------------------------------------------
| end of epoch   7 | time: 150.38s | valid loss  4.97 | valid ppl   143.52
-----------------------------------------------------------------------------------------
| epoch   8 |   200/ 3263 batches | lr 5.00 | ms/batch 44.81 | loss  4.65 | ppl   104.38
| epoch   8 |   400/ 3263 batches | lr 5.00 | ms/batch 44.57 | loss  4.66 | ppl   106.05
| epoch   8 |   600/ 3263 batches | lr 5.00 | ms/batch 44.57 | loss  4.55 | ppl    94.78
| epoch   8 |   800/ 3263 batches | lr 5.00 | ms/batch 44.39 | loss  4.48 | ppl    88.54
| epoch   8 |  1000/ 3263 batches | lr 5.00 | ms/batch 44.63 | loss  4.57 | ppl    96.54
| epoch   8 |  1200/ 3263 batches | lr 5.00 | ms/batch 44.59 | loss  4.51 | ppl    91.33
| epoch   8 |  1400/ 3263 batches | lr 5.00 | ms/batch 44.58 | loss  4.60 | ppl    99.14
| epoch   8 |  1600/ 3263 batches | lr 5.00 | ms/batch 44.53 | loss  4.55 | ppl    94.97
| epoch   8 |  1800/ 3263 batches | lr 5.00 | ms/batch 44.58 | loss  4.62 | ppl   101.62
| epoch   8 |  2000/ 3263 batches | lr 5.00 | ms/batch 44.60 | loss  4.54 | ppl    93.86
| epoch   8 |  2200/ 3263 batches | lr 5.00 | ms/batch 44.59 | loss  4.55 | ppl    94.75
| epoch   8 |  2400/ 3263 batches | lr 5.00 | ms/batch 44.59 | loss  4.46 | ppl    86.20
| epoch   8 |  2600/ 3263 batches | lr 5.00 | ms/batch 44.59 | loss  4.48 | ppl    88.58
| epoch   8 |  2800/ 3263 batches | lr 5.00 | ms/batch 44.33 | loss  4.51 | ppl    90.70
| epoch   8 |  3000/ 3263 batches | lr 5.00 | ms/batch 44.22 | loss  4.52 | ppl    91.93
| epoch   8 |  3200/ 3263 batches | lr 5.00 | ms/batch 44.05 | loss  4.46 | ppl    86.30
-----------------------------------------------------------------------------------------
| end of epoch   8 | time: 150.34s | valid loss  4.95 | valid ppl   140.86
-----------------------------------------------------------------------------------------
| epoch   9 |   200/ 3263 batches | lr 5.00 | ms/batch 42.59 | loss  4.58 | ppl    97.61
| epoch   9 |   400/ 3263 batches | lr 5.00 | ms/batch 42.35 | loss  4.59 | ppl    98.85
| epoch   9 |   600/ 3263 batches | lr 5.00 | ms/batch 42.38 | loss  4.48 | ppl    88.33
| epoch   9 |   800/ 3263 batches | lr 5.00 | ms/batch 42.38 | loss  4.42 | ppl    83.17
| epoch   9 |  1000/ 3263 batches | lr 5.00 | ms/batch 42.38 | loss  4.51 | ppl    90.61
| epoch   9 |  1200/ 3263 batches | lr 5.00 | ms/batch 42.36 | loss  4.45 | ppl    86.03
| epoch   9 |  1400/ 3263 batches | lr 5.00 | ms/batch 42.38 | loss  4.54 | ppl    93.45
| epoch   9 |  1600/ 3263 batches | lr 5.00 | ms/batch 42.36 | loss  4.49 | ppl    89.11
| epoch   9 |  1800/ 3263 batches | lr 5.00 | ms/batch 42.37 | loss  4.57 | ppl    96.21
| epoch   9 |  2000/ 3263 batches | lr 5.00 | ms/batch 42.37 | loss  4.49 | ppl    89.18
| epoch   9 |  2200/ 3263 batches | lr 5.00 | ms/batch 42.36 | loss  4.50 | ppl    89.83
| epoch   9 |  2400/ 3263 batches | lr 5.00 | ms/batch 42.38 | loss  4.40 | ppl    81.20
| epoch   9 |  2600/ 3263 batches | lr 5.00 | ms/batch 42.37 | loss  4.43 | ppl    83.82
| epoch   9 |  2800/ 3263 batches | lr 5.00 | ms/batch 42.38 | loss  4.45 | ppl    85.77
| epoch   9 |  3000/ 3263 batches | lr 5.00 | ms/batch 42.35 | loss  4.46 | ppl    86.56
| epoch   9 |  3200/ 3263 batches | lr 5.00 | ms/batch 42.33 | loss  4.41 | ppl    82.21
-----------------------------------------------------------------------------------------
| end of epoch   9 | time: 143.38s | valid loss  4.94 | valid ppl   139.09
-----------------------------------------------------------------------------------------
| epoch  10 |   200/ 3263 batches | lr 5.00 | ms/batch 43.88 | loss  4.53 | ppl    92.31
| epoch  10 |   400/ 3263 batches | lr 5.00 | ms/batch 43.60 | loss  4.54 | ppl    93.29
| epoch  10 |   600/ 3263 batches | lr 5.00 | ms/batch 43.59 | loss  4.42 | ppl    83.31
| epoch  10 |   800/ 3263 batches | lr 5.00 | ms/batch 43.59 | loss  4.36 | ppl    78.05
| epoch  10 |  1000/ 3263 batches | lr 5.00 | ms/batch 43.61 | loss  4.45 | ppl    85.48
| epoch  10 |  1200/ 3263 batches | lr 5.00 | ms/batch 43.64 | loss  4.40 | ppl    81.39
| epoch  10 |  1400/ 3263 batches | lr 5.00 | ms/batch 43.60 | loss  4.48 | ppl    88.36
| epoch  10 |  1600/ 3263 batches | lr 5.00 | ms/batch 43.61 | loss  4.44 | ppl    84.44
| epoch  10 |  1800/ 3263 batches | lr 5.00 | ms/batch 43.62 | loss  4.51 | ppl    91.11
| epoch  10 |  2000/ 3263 batches | lr 5.00 | ms/batch 43.59 | loss  4.44 | ppl    84.87
| epoch  10 |  2200/ 3263 batches | lr 5.00 | ms/batch 43.59 | loss  4.45 | ppl    85.25
| epoch  10 |  2400/ 3263 batches | lr 5.00 | ms/batch 43.59 | loss  4.35 | ppl    77.28
| epoch  10 |  2600/ 3263 batches | lr 5.00 | ms/batch 43.59 | loss  4.38 | ppl    79.70
| epoch  10 |  2800/ 3263 batches | lr 5.00 | ms/batch 43.59 | loss  4.40 | ppl    81.68
| epoch  10 |  3000/ 3263 batches | lr 5.00 | ms/batch 43.60 | loss  4.41 | ppl    82.50
| epoch  10 |  3200/ 3263 batches | lr 5.00 | ms/batch 43.58 | loss  4.36 | ppl    78.01
-----------------------------------------------------------------------------------------
| end of epoch  10 | time: 147.42s | valid loss  4.93 | valid ppl   138.71
-----------------------------------------------------------------------------------------
=========================================================================================
| End of training | test loss  4.86 | test ppl   129.57
=========================================================================================
