python /home/drr342/dl/assignments/hw3/examples/word_language_model/main.py --data /home/drr342/dl/assignments/hw3/examples/word_language_model/data/wikitext-2 --save /home/drr342/dl/assignments/hw3/models/GRU'_'100'_'2'_'32.pt --cuda --model GRU --epochs 10 --emsize 100 --nlayers 2 --bptt 32

| epoch   1 |   200/ 3263 batches | lr 20.00 | ms/batch 41.31 | loss  9.58 | ppl 14519.66
| epoch   1 |   400/ 3263 batches | lr 20.00 | ms/batch 41.03 | loss  7.54 | ppl  1889.49
| epoch   1 |   600/ 3263 batches | lr 20.00 | ms/batch 40.64 | loss  6.90 | ppl   991.60
| epoch   1 |   800/ 3263 batches | lr 20.00 | ms/batch 40.23 | loss  6.52 | ppl   675.68
| epoch   1 |  1000/ 3263 batches | lr 20.00 | ms/batch 40.36 | loss  6.33 | ppl   560.76
| epoch   1 |  1200/ 3263 batches | lr 20.00 | ms/batch 41.27 | loss  6.20 | ppl   494.92
| epoch   1 |  1400/ 3263 batches | lr 20.00 | ms/batch 40.45 | loss  6.11 | ppl   450.63
| epoch   1 |  1600/ 3263 batches | lr 20.00 | ms/batch 40.48 | loss  6.02 | ppl   409.57
| epoch   1 |  1800/ 3263 batches | lr 20.00 | ms/batch 40.98 | loss  6.02 | ppl   413.47
| epoch   1 |  2000/ 3263 batches | lr 20.00 | ms/batch 40.58 | loss  5.91 | ppl   368.93
| epoch   1 |  2200/ 3263 batches | lr 20.00 | ms/batch 40.66 | loss  5.86 | ppl   350.33
| epoch   1 |  2400/ 3263 batches | lr 20.00 | ms/batch 40.72 | loss  5.77 | ppl   321.09
| epoch   1 |  2600/ 3263 batches | lr 20.00 | ms/batch 41.50 | loss  5.77 | ppl   321.79
| epoch   1 |  2800/ 3263 batches | lr 20.00 | ms/batch 41.32 | loss  5.76 | ppl   317.11
| epoch   1 |  3000/ 3263 batches | lr 20.00 | ms/batch 41.02 | loss  5.70 | ppl   299.80
| epoch   1 |  3200/ 3263 batches | lr 20.00 | ms/batch 40.77 | loss  5.63 | ppl   279.40
-----------------------------------------------------------------------------------------
| end of epoch   1 | time: 138.44s | valid loss  5.61 | valid ppl   274.19
-----------------------------------------------------------------------------------------
| epoch   2 |   200/ 3263 batches | lr 20.00 | ms/batch 42.58 | loss  5.69 | ppl   296.67
| epoch   2 |   400/ 3263 batches | lr 20.00 | ms/batch 41.94 | loss  5.69 | ppl   297.11
| epoch   2 |   600/ 3263 batches | lr 20.00 | ms/batch 41.82 | loss  5.58 | ppl   265.92
| epoch   2 |   800/ 3263 batches | lr 20.00 | ms/batch 41.83 | loss  5.46 | ppl   235.20
| epoch   2 |  1000/ 3263 batches | lr 20.00 | ms/batch 41.76 | loss  5.53 | ppl   252.52
| epoch   2 |  1200/ 3263 batches | lr 20.00 | ms/batch 41.69 | loss  5.47 | ppl   236.77
| epoch   2 |  1400/ 3263 batches | lr 20.00 | ms/batch 41.66 | loss  5.52 | ppl   249.07
| epoch   2 |  1600/ 3263 batches | lr 20.00 | ms/batch 41.61 | loss  5.47 | ppl   237.84
| epoch   2 |  1800/ 3263 batches | lr 20.00 | ms/batch 41.65 | loss  5.52 | ppl   250.09
| epoch   2 |  2000/ 3263 batches | lr 20.00 | ms/batch 41.55 | loss  5.44 | ppl   230.21
| epoch   2 |  2200/ 3263 batches | lr 20.00 | ms/batch 41.57 | loss  5.42 | ppl   225.44
| epoch   2 |  2400/ 3263 batches | lr 20.00 | ms/batch 41.48 | loss  5.35 | ppl   210.54
| epoch   2 |  2600/ 3263 batches | lr 20.00 | ms/batch 41.79 | loss  5.38 | ppl   216.66
| epoch   2 |  2800/ 3263 batches | lr 20.00 | ms/batch 41.84 | loss  5.38 | ppl   216.90
| epoch   2 |  3000/ 3263 batches | lr 20.00 | ms/batch 41.84 | loss  5.38 | ppl   216.26
| epoch   2 |  3200/ 3263 batches | lr 20.00 | ms/batch 41.83 | loss  5.32 | ppl   203.85
-----------------------------------------------------------------------------------------
| end of epoch   2 | time: 141.51s | valid loss  5.52 | valid ppl   249.34
-----------------------------------------------------------------------------------------
| epoch   3 |   200/ 3263 batches | lr 20.00 | ms/batch 42.16 | loss  5.40 | ppl   221.55
| epoch   3 |   400/ 3263 batches | lr 20.00 | ms/batch 42.17 | loss  5.42 | ppl   226.79
| epoch   3 |   600/ 3263 batches | lr 20.00 | ms/batch 42.21 | loss  5.36 | ppl   213.44
| epoch   3 |   800/ 3263 batches | lr 20.00 | ms/batch 42.26 | loss  5.29 | ppl   197.84
| epoch   3 |  1000/ 3263 batches | lr 20.00 | ms/batch 42.25 | loss  5.38 | ppl   216.83
| epoch   3 |  1200/ 3263 batches | lr 20.00 | ms/batch 42.23 | loss  5.36 | ppl   212.35
| epoch   3 |  1400/ 3263 batches | lr 20.00 | ms/batch 42.29 | loss  5.45 | ppl   232.16
| epoch   3 |  1600/ 3263 batches | lr 20.00 | ms/batch 42.31 | loss  5.49 | ppl   243.38
| epoch   3 |  1800/ 3263 batches | lr 20.00 | ms/batch 42.29 | loss  6.22 | ppl   502.07
| epoch   3 |  2000/ 3263 batches | lr 20.00 | ms/batch 42.36 | loss  6.95 | ppl  1043.20
| epoch   3 |  2200/ 3263 batches | lr 20.00 | ms/batch 42.33 | loss  7.03 | ppl  1127.75
| epoch   3 |  2400/ 3263 batches | lr 20.00 | ms/batch 42.35 | loss  6.31 | ppl   550.52
| epoch   3 |  2600/ 3263 batches | lr 20.00 | ms/batch 42.36 | loss  6.22 | ppl   502.01
| epoch   3 |  2800/ 3263 batches | lr 20.00 | ms/batch 42.46 | loss  6.13 | ppl   458.37
| epoch   3 |  3000/ 3263 batches | lr 20.00 | ms/batch 42.39 | loss  6.39 | ppl   593.06
| epoch   3 |  3200/ 3263 batches | lr 20.00 | ms/batch 42.45 | loss  6.72 | ppl   829.44
-----------------------------------------------------------------------------------------
| end of epoch   3 | time: 143.28s | valid loss  6.38 | valid ppl   588.34
-----------------------------------------------------------------------------------------
| epoch   4 |   200/ 3263 batches | lr 5.00 | ms/batch 42.81 | loss  6.87 | ppl   962.56
| epoch   4 |   400/ 3263 batches | lr 5.00 | ms/batch 42.57 | loss  6.83 | ppl   922.81
| epoch   4 |   600/ 3263 batches | lr 5.00 | ms/batch 42.65 | loss  6.78 | ppl   884.16
| epoch   4 |   800/ 3263 batches | lr 5.00 | ms/batch 42.59 | loss  6.79 | ppl   888.93
| epoch   4 |  1000/ 3263 batches | lr 5.00 | ms/batch 42.61 | loss  6.79 | ppl   891.48
| epoch   4 |  1200/ 3263 batches | lr 5.00 | ms/batch 42.38 | loss  6.76 | ppl   861.94
| epoch   4 |  1400/ 3263 batches | lr 5.00 | ms/batch 42.53 | loss  6.77 | ppl   873.59
| epoch   4 |  1600/ 3263 batches | lr 5.00 | ms/batch 42.65 | loss  6.72 | ppl   824.74
| epoch   4 |  1800/ 3263 batches | lr 5.00 | ms/batch 42.40 | loss  6.80 | ppl   898.04
| epoch   4 |  2000/ 3263 batches | lr 5.00 | ms/batch 42.63 | loss  6.77 | ppl   868.15
| epoch   4 |  2200/ 3263 batches | lr 5.00 | ms/batch 42.66 | loss  6.70 | ppl   813.96
| epoch   4 |  2400/ 3263 batches | lr 5.00 | ms/batch 42.58 | loss  6.60 | ppl   735.26
| epoch   4 |  2600/ 3263 batches | lr 5.00 | ms/batch 42.63 | loss  6.52 | ppl   679.26
| epoch   4 |  2800/ 3263 batches | lr 5.00 | ms/batch 42.65 | loss  6.54 | ppl   688.86
| epoch   4 |  3000/ 3263 batches | lr 5.00 | ms/batch 42.60 | loss  6.57 | ppl   713.00
| epoch   4 |  3200/ 3263 batches | lr 5.00 | ms/batch 42.62 | loss  6.57 | ppl   715.04
-----------------------------------------------------------------------------------------
| end of epoch   4 | time: 144.23s | valid loss  6.19 | valid ppl   486.08
-----------------------------------------------------------------------------------------
| epoch   5 |   200/ 3263 batches | lr 1.25 | ms/batch 41.12 | loss  6.62 | ppl   747.43
| epoch   5 |   400/ 3263 batches | lr 1.25 | ms/batch 40.87 | loss  6.60 | ppl   732.00
| epoch   5 |   600/ 3263 batches | lr 1.25 | ms/batch 40.91 | loss  6.55 | ppl   695.82
| epoch   5 |   800/ 3263 batches | lr 1.25 | ms/batch 40.83 | loss  6.57 | ppl   710.97
| epoch   5 |  1000/ 3263 batches | lr 1.25 | ms/batch 40.83 | loss  6.56 | ppl   708.13
| epoch   5 |  1200/ 3263 batches | lr 1.25 | ms/batch 40.93 | loss  6.54 | ppl   689.19
| epoch   5 |  1400/ 3263 batches | lr 1.25 | ms/batch 40.94 | loss  6.56 | ppl   702.78
| epoch   5 |  1600/ 3263 batches | lr 1.25 | ms/batch 40.91 | loss  6.49 | ppl   658.11
| epoch   5 |  1800/ 3263 batches | lr 1.25 | ms/batch 40.98 | loss  6.61 | ppl   744.76
| epoch   5 |  2000/ 3263 batches | lr 1.25 | ms/batch 40.97 | loss  6.59 | ppl   725.40
| epoch   5 |  2200/ 3263 batches | lr 1.25 | ms/batch 40.91 | loss  6.58 | ppl   720.75
| epoch   5 |  2400/ 3263 batches | lr 1.25 | ms/batch 40.95 | loss  6.47 | ppl   645.24
| epoch   5 |  2600/ 3263 batches | lr 1.25 | ms/batch 41.02 | loss  6.42 | ppl   614.35
| epoch   5 |  2800/ 3263 batches | lr 1.25 | ms/batch 40.98 | loss  6.45 | ppl   631.98
| epoch   5 |  3000/ 3263 batches | lr 1.25 | ms/batch 41.05 | loss  6.48 | ppl   650.51
| epoch   5 |  3200/ 3263 batches | lr 1.25 | ms/batch 40.95 | loss  6.50 | ppl   662.47
-----------------------------------------------------------------------------------------
| end of epoch   5 | time: 138.84s | valid loss  6.11 | valid ppl   452.14
-----------------------------------------------------------------------------------------
| epoch   6 |   200/ 3263 batches | lr 0.31 | ms/batch 42.24 | loss  6.53 | ppl   687.10
| epoch   6 |   400/ 3263 batches | lr 0.31 | ms/batch 42.06 | loss  6.53 | ppl   685.57
| epoch   6 |   600/ 3263 batches | lr 0.31 | ms/batch 42.12 | loss  6.47 | ppl   646.11
| epoch   6 |   800/ 3263 batches | lr 0.31 | ms/batch 42.27 | loss  6.49 | ppl   658.52
| epoch   6 |  1000/ 3263 batches | lr 0.31 | ms/batch 42.24 | loss  6.48 | ppl   654.64
| epoch   6 |  1200/ 3263 batches | lr 0.31 | ms/batch 42.24 | loss  6.47 | ppl   646.29
| epoch   6 |  1400/ 3263 batches | lr 0.31 | ms/batch 42.21 | loss  6.48 | ppl   652.95
| epoch   6 |  1600/ 3263 batches | lr 0.31 | ms/batch 42.23 | loss  6.45 | ppl   630.83
| epoch   6 |  1800/ 3263 batches | lr 0.31 | ms/batch 42.23 | loss  6.55 | ppl   700.72
| epoch   6 |  2000/ 3263 batches | lr 0.31 | ms/batch 42.19 | loss  6.53 | ppl   687.05
| epoch   6 |  2200/ 3263 batches | lr 0.31 | ms/batch 42.24 | loss  6.54 | ppl   690.15
| epoch   6 |  2400/ 3263 batches | lr 0.31 | ms/batch 42.12 | loss  6.42 | ppl   611.69
| epoch   6 |  2600/ 3263 batches | lr 0.31 | ms/batch 42.27 | loss  6.37 | ppl   585.71
| epoch   6 |  2800/ 3263 batches | lr 0.31 | ms/batch 42.23 | loss  6.42 | ppl   613.39
| epoch   6 |  3000/ 3263 batches | lr 0.31 | ms/batch 42.28 | loss  6.45 | ppl   632.84
| epoch   6 |  3200/ 3263 batches | lr 0.31 | ms/batch 42.24 | loss  6.47 | ppl   642.34
-----------------------------------------------------------------------------------------
| end of epoch   6 | time: 143.00s | valid loss  6.08 | valid ppl   439.09
-----------------------------------------------------------------------------------------
| epoch   7 |   200/ 3263 batches | lr 0.08 | ms/batch 42.83 | loss  6.50 | ppl   662.30
| epoch   7 |   400/ 3263 batches | lr 0.08 | ms/batch 42.62 | loss  6.50 | ppl   663.52
| epoch   7 |   600/ 3263 batches | lr 0.08 | ms/batch 42.66 | loss  6.44 | ppl   627.07
| epoch   7 |   800/ 3263 batches | lr 0.08 | ms/batch 42.61 | loss  6.45 | ppl   632.49
| epoch   7 |  1000/ 3263 batches | lr 0.08 | ms/batch 42.69 | loss  6.47 | ppl   643.33
| epoch   7 |  1200/ 3263 batches | lr 0.08 | ms/batch 42.60 | loss  6.45 | ppl   632.31
| epoch   7 |  1400/ 3263 batches | lr 0.08 | ms/batch 42.59 | loss  6.47 | ppl   643.26
| epoch   7 |  1600/ 3263 batches | lr 0.08 | ms/batch 42.51 | loss  6.42 | ppl   613.13
| epoch   7 |  1800/ 3263 batches | lr 0.08 | ms/batch 42.70 | loss  6.53 | ppl   686.94
| epoch   7 |  2000/ 3263 batches | lr 0.08 | ms/batch 42.66 | loss  6.53 | ppl   685.75
| epoch   7 |  2200/ 3263 batches | lr 0.08 | ms/batch 42.71 | loss  6.53 | ppl   687.18
| epoch   7 |  2400/ 3263 batches | lr 0.08 | ms/batch 42.72 | loss  6.41 | ppl   610.40
| epoch   7 |  2600/ 3263 batches | lr 0.08 | ms/batch 42.58 | loss  6.37 | ppl   584.53
| epoch   7 |  2800/ 3263 batches | lr 0.08 | ms/batch 42.62 | loss  6.39 | ppl   596.00
| epoch   7 |  3000/ 3263 batches | lr 0.08 | ms/batch 42.61 | loss  6.45 | ppl   631.25
| epoch   7 |  3200/ 3263 batches | lr 0.08 | ms/batch 42.61 | loss  6.45 | ppl   634.32
-----------------------------------------------------------------------------------------
| end of epoch   7 | time: 144.40s | valid loss  6.08 | valid ppl   437.43
-----------------------------------------------------------------------------------------
| epoch   8 |   200/ 3263 batches | lr 0.02 | ms/batch 42.91 | loss  6.51 | ppl   670.66
| epoch   8 |   400/ 3263 batches | lr 0.02 | ms/batch 42.67 | loss  6.48 | ppl   654.68
| epoch   8 |   600/ 3263 batches | lr 0.02 | ms/batch 42.72 | loss  6.43 | ppl   622.58
| epoch   8 |   800/ 3263 batches | lr 0.02 | ms/batch 42.66 | loss  6.45 | ppl   632.11
| epoch   8 |  1000/ 3263 batches | lr 0.02 | ms/batch 42.63 | loss  6.46 | ppl   641.93
| epoch   8 |  1200/ 3263 batches | lr 0.02 | ms/batch 42.57 | loss  6.46 | ppl   637.57
| epoch   8 |  1400/ 3263 batches | lr 0.02 | ms/batch 42.67 | loss  6.46 | ppl   638.86
| epoch   8 |  1600/ 3263 batches | lr 0.02 | ms/batch 42.64 | loss  6.42 | ppl   612.17
| epoch   8 |  1800/ 3263 batches | lr 0.02 | ms/batch 42.69 | loss  6.53 | ppl   685.12
| epoch   8 |  2000/ 3263 batches | lr 0.02 | ms/batch 42.59 | loss  6.51 | ppl   672.35
| epoch   8 |  2200/ 3263 batches | lr 0.02 | ms/batch 42.69 | loss  6.52 | ppl   680.15
| epoch   8 |  2400/ 3263 batches | lr 0.02 | ms/batch 42.66 | loss  6.41 | ppl   605.59
| epoch   8 |  2600/ 3263 batches | lr 0.02 | ms/batch 42.55 | loss  6.37 | ppl   583.53
| epoch   8 |  2800/ 3263 batches | lr 0.02 | ms/batch 42.58 | loss  6.40 | ppl   602.66
| epoch   8 |  3000/ 3263 batches | lr 0.02 | ms/batch 42.67 | loss  6.43 | ppl   621.38
| epoch   8 |  3200/ 3263 batches | lr 0.02 | ms/batch 42.35 | loss  6.44 | ppl   627.44
-----------------------------------------------------------------------------------------
| end of epoch   8 | time: 144.37s | valid loss  6.09 | valid ppl   439.76
-----------------------------------------------------------------------------------------
| epoch   9 |   200/ 3263 batches | lr 0.00 | ms/batch 41.09 | loss  6.50 | ppl   667.28
| epoch   9 |   400/ 3263 batches | lr 0.00 | ms/batch 40.88 | loss  6.49 | ppl   659.13
| epoch   9 |   600/ 3263 batches | lr 0.00 | ms/batch 40.83 | loss  6.44 | ppl   626.11
| epoch   9 |   800/ 3263 batches | lr 0.00 | ms/batch 40.84 | loss  6.45 | ppl   635.80
| epoch   9 |  1000/ 3263 batches | lr 0.00 | ms/batch 40.87 | loss  6.46 | ppl   641.62
| epoch   9 |  1200/ 3263 batches | lr 0.00 | ms/batch 40.79 | loss  6.44 | ppl   628.31
| epoch   9 |  1400/ 3263 batches | lr 0.00 | ms/batch 40.83 | loss  6.46 | ppl   640.41
| epoch   9 |  1600/ 3263 batches | lr 0.00 | ms/batch 40.80 | loss  6.41 | ppl   608.19
| epoch   9 |  1800/ 3263 batches | lr 0.00 | ms/batch 40.82 | loss  6.54 | ppl   690.23
| epoch   9 |  2000/ 3263 batches | lr 0.00 | ms/batch 40.79 | loss  6.51 | ppl   674.34
| epoch   9 |  2200/ 3263 batches | lr 0.00 | ms/batch 40.82 | loss  6.53 | ppl   683.29
| epoch   9 |  2400/ 3263 batches | lr 0.00 | ms/batch 40.81 | loss  6.39 | ppl   598.61
| epoch   9 |  2600/ 3263 batches | lr 0.00 | ms/batch 40.79 | loss  6.36 | ppl   577.29
| epoch   9 |  2800/ 3263 batches | lr 0.00 | ms/batch 40.83 | loss  6.40 | ppl   604.26
| epoch   9 |  3000/ 3263 batches | lr 0.00 | ms/batch 40.82 | loss  6.44 | ppl   627.32
| epoch   9 |  3200/ 3263 batches | lr 0.00 | ms/batch 40.77 | loss  6.45 | ppl   633.03
-----------------------------------------------------------------------------------------
| end of epoch   9 | time: 138.47s | valid loss  6.08 | valid ppl   436.90
-----------------------------------------------------------------------------------------
| epoch  10 |   200/ 3263 batches | lr 0.00 | ms/batch 42.22 | loss  6.50 | ppl   666.81
| epoch  10 |   400/ 3263 batches | lr 0.00 | ms/batch 42.02 | loss  6.49 | ppl   656.96
| epoch  10 |   600/ 3263 batches | lr 0.00 | ms/batch 41.99 | loss  6.42 | ppl   615.97
| epoch  10 |   800/ 3263 batches | lr 0.00 | ms/batch 42.02 | loss  6.44 | ppl   624.84
| epoch  10 |  1000/ 3263 batches | lr 0.00 | ms/batch 41.97 | loss  6.46 | ppl   636.94
| epoch  10 |  1200/ 3263 batches | lr 0.00 | ms/batch 42.01 | loss  6.44 | ppl   623.97
| epoch  10 |  1400/ 3263 batches | lr 0.00 | ms/batch 42.01 | loss  6.46 | ppl   640.27
| epoch  10 |  1600/ 3263 batches | lr 0.00 | ms/batch 41.94 | loss  6.41 | ppl   608.67
| epoch  10 |  1800/ 3263 batches | lr 0.00 | ms/batch 41.80 | loss  6.52 | ppl   681.20
| epoch  10 |  2000/ 3263 batches | lr 0.00 | ms/batch 41.60 | loss  6.52 | ppl   678.24
| epoch  10 |  2200/ 3263 batches | lr 0.00 | ms/batch 41.60 | loss  6.52 | ppl   676.98
| epoch  10 |  2400/ 3263 batches | lr 0.00 | ms/batch 41.69 | loss  6.39 | ppl   597.91
| epoch  10 |  2600/ 3263 batches | lr 0.00 | ms/batch 41.72 | loss  6.35 | ppl   572.63
| epoch  10 |  2800/ 3263 batches | lr 0.00 | ms/batch 41.68 | loss  6.40 | ppl   600.83
| epoch  10 |  3000/ 3263 batches | lr 0.00 | ms/batch 41.86 | loss  6.44 | ppl   624.58
| epoch  10 |  3200/ 3263 batches | lr 0.00 | ms/batch 41.87 | loss  6.45 | ppl   635.79
-----------------------------------------------------------------------------------------
| end of epoch  10 | time: 141.87s | valid loss  6.08 | valid ppl   437.97
-----------------------------------------------------------------------------------------
=========================================================================================
| End of training | test loss  5.44 | test ppl   231.37
=========================================================================================
