python /home/drr342/dl/assignments/hw3/examples/word_language_model/main.py --data /home/drr342/dl/assignments/hw3/examples/word_language_model/data/wikitext-2 --save /home/drr342/dl/assignments/hw3/models/LSTM'_'200'_'1'_'16.pt --cuda --model LSTM --epochs 10 --emsize 200 --nlayers 1 --bptt 16

/home/drr342/pyenv/py3.6.3/lib/python3.6/site-packages/torch/nn/modules/rnn.py:46: UserWarning: dropout option adds dropout after all but last recurrent layer, so non-zero dropout expects num_layers greater than 1, but got dropout=0.2 and num_layers=1
  "num_layers={}".format(dropout, num_layers))
| epoch   1 |   200/ 6526 batches | lr 20.00 | ms/batch 22.19 | loss  7.55 | ppl  1907.89
| epoch   1 |   400/ 6526 batches | lr 20.00 | ms/batch 21.42 | loss  6.68 | ppl   795.04
| epoch   1 |   600/ 6526 batches | lr 20.00 | ms/batch 21.37 | loss  6.38 | ppl   592.13
| epoch   1 |   800/ 6526 batches | lr 20.00 | ms/batch 21.31 | loss  6.23 | ppl   508.08
| epoch   1 |  1000/ 6526 batches | lr 20.00 | ms/batch 21.49 | loss  6.09 | ppl   439.37
| epoch   1 |  1200/ 6526 batches | lr 20.00 | ms/batch 21.43 | loss  6.00 | ppl   402.32
| epoch   1 |  1400/ 6526 batches | lr 20.00 | ms/batch 21.49 | loss  5.85 | ppl   346.63
| epoch   1 |  1600/ 6526 batches | lr 20.00 | ms/batch 21.56 | loss  5.84 | ppl   342.99
| epoch   1 |  1800/ 6526 batches | lr 20.00 | ms/batch 21.55 | loss  5.83 | ppl   342.02
| epoch   1 |  2000/ 6526 batches | lr 20.00 | ms/batch 21.56 | loss  5.78 | ppl   322.34
| epoch   1 |  2200/ 6526 batches | lr 20.00 | ms/batch 21.63 | loss  5.76 | ppl   315.96
| epoch   1 |  2400/ 6526 batches | lr 20.00 | ms/batch 21.77 | loss  5.73 | ppl   308.22
| epoch   1 |  2600/ 6526 batches | lr 20.00 | ms/batch 21.68 | loss  5.72 | ppl   305.67
| epoch   1 |  2800/ 6526 batches | lr 20.00 | ms/batch 21.60 | loss  5.73 | ppl   306.55
| epoch   1 |  3000/ 6526 batches | lr 20.00 | ms/batch 21.76 | loss  5.67 | ppl   289.32
| epoch   1 |  3200/ 6526 batches | lr 20.00 | ms/batch 21.69 | loss  5.65 | ppl   284.23
| epoch   1 |  3400/ 6526 batches | lr 20.00 | ms/batch 21.64 | loss  5.74 | ppl   311.70
| epoch   1 |  3600/ 6526 batches | lr 20.00 | ms/batch 21.80 | loss  5.63 | ppl   278.25
| epoch   1 |  3800/ 6526 batches | lr 20.00 | ms/batch 21.83 | loss  5.55 | ppl   258.24
| epoch   1 |  4000/ 6526 batches | lr 20.00 | ms/batch 21.99 | loss  5.57 | ppl   263.49
| epoch   1 |  4200/ 6526 batches | lr 20.00 | ms/batch 21.80 | loss  5.55 | ppl   257.95
| epoch   1 |  4400/ 6526 batches | lr 20.00 | ms/batch 21.70 | loss  5.52 | ppl   248.89
| epoch   1 |  4600/ 6526 batches | lr 20.00 | ms/batch 21.80 | loss  5.51 | ppl   247.57
| epoch   1 |  4800/ 6526 batches | lr 20.00 | ms/batch 21.93 | loss  5.41 | ppl   224.73
| epoch   1 |  5000/ 6526 batches | lr 20.00 | ms/batch 21.96 | loss  5.42 | ppl   225.01
| epoch   1 |  5200/ 6526 batches | lr 20.00 | ms/batch 21.83 | loss  5.53 | ppl   252.48
| epoch   1 |  5400/ 6526 batches | lr 20.00 | ms/batch 21.96 | loss  5.45 | ppl   233.70
| epoch   1 |  5600/ 6526 batches | lr 20.00 | ms/batch 21.81 | loss  5.47 | ppl   237.36
| epoch   1 |  5800/ 6526 batches | lr 20.00 | ms/batch 21.92 | loss  5.51 | ppl   247.12
| epoch   1 |  6000/ 6526 batches | lr 20.00 | ms/batch 21.80 | loss  5.34 | ppl   209.00
| epoch   1 |  6200/ 6526 batches | lr 20.00 | ms/batch 21.81 | loss  5.38 | ppl   216.15
| epoch   1 |  6400/ 6526 batches | lr 20.00 | ms/batch 22.15 | loss  5.34 | ppl   207.97
-----------------------------------------------------------------------------------------
| end of epoch   1 | time: 147.74s | valid loss  5.39 | valid ppl   219.54
-----------------------------------------------------------------------------------------
| epoch   2 |   200/ 6526 batches | lr 20.00 | ms/batch 21.96 | loss  5.40 | ppl   220.44
| epoch   2 |   400/ 6526 batches | lr 20.00 | ms/batch 21.80 | loss  5.37 | ppl   214.95
| epoch   2 |   600/ 6526 batches | lr 20.00 | ms/batch 21.82 | loss  5.32 | ppl   204.35
| epoch   2 |   800/ 6526 batches | lr 20.00 | ms/batch 21.86 | loss  5.41 | ppl   223.35
| epoch   2 |  1000/ 6526 batches | lr 20.00 | ms/batch 21.86 | loss  5.26 | ppl   192.89
| epoch   2 |  1200/ 6526 batches | lr 20.00 | ms/batch 21.84 | loss  5.22 | ppl   185.77
| epoch   2 |  1400/ 6526 batches | lr 20.00 | ms/batch 21.86 | loss  5.10 | ppl   164.54
| epoch   2 |  1600/ 6526 batches | lr 20.00 | ms/batch 21.82 | loss  5.19 | ppl   180.26
| epoch   2 |  1800/ 6526 batches | lr 20.00 | ms/batch 21.85 | loss  5.23 | ppl   187.67
| epoch   2 |  2000/ 6526 batches | lr 20.00 | ms/batch 21.84 | loss  5.20 | ppl   180.56
| epoch   2 |  2200/ 6526 batches | lr 20.00 | ms/batch 21.84 | loss  5.18 | ppl   176.97
| epoch   2 |  2400/ 6526 batches | lr 20.00 | ms/batch 21.86 | loss  5.16 | ppl   174.08
| epoch   2 |  2600/ 6526 batches | lr 20.00 | ms/batch 21.83 | loss  5.18 | ppl   178.50
| epoch   2 |  2800/ 6526 batches | lr 20.00 | ms/batch 21.82 | loss  5.25 | ppl   189.99
| epoch   2 |  3000/ 6526 batches | lr 20.00 | ms/batch 21.86 | loss  5.19 | ppl   179.04
| epoch   2 |  3200/ 6526 batches | lr 20.00 | ms/batch 21.86 | loss  5.19 | ppl   179.29
| epoch   2 |  3400/ 6526 batches | lr 20.00 | ms/batch 21.86 | loss  5.30 | ppl   200.19
| epoch   2 |  3600/ 6526 batches | lr 20.00 | ms/batch 21.88 | loss  5.18 | ppl   177.58
| epoch   2 |  3800/ 6526 batches | lr 20.00 | ms/batch 21.92 | loss  5.12 | ppl   166.62
| epoch   2 |  4000/ 6526 batches | lr 20.00 | ms/batch 21.85 | loss  5.16 | ppl   174.43
| epoch   2 |  4200/ 6526 batches | lr 20.00 | ms/batch 21.88 | loss  5.15 | ppl   172.32
| epoch   2 |  4400/ 6526 batches | lr 20.00 | ms/batch 21.84 | loss  5.14 | ppl   170.27
| epoch   2 |  4600/ 6526 batches | lr 20.00 | ms/batch 21.83 | loss  5.11 | ppl   165.10
| epoch   2 |  4800/ 6526 batches | lr 20.00 | ms/batch 21.85 | loss  5.04 | ppl   153.83
| epoch   2 |  5000/ 6526 batches | lr 20.00 | ms/batch 21.85 | loss  5.04 | ppl   154.00
| epoch   2 |  5200/ 6526 batches | lr 20.00 | ms/batch 21.92 | loss  5.14 | ppl   170.70
| epoch   2 |  5400/ 6526 batches | lr 20.00 | ms/batch 21.86 | loss  5.08 | ppl   160.98
| epoch   2 |  5600/ 6526 batches | lr 20.00 | ms/batch 21.92 | loss  5.11 | ppl   165.67
| epoch   2 |  5800/ 6526 batches | lr 20.00 | ms/batch 21.88 | loss  5.17 | ppl   176.55
| epoch   2 |  6000/ 6526 batches | lr 20.00 | ms/batch 21.87 | loss  5.00 | ppl   147.96
| epoch   2 |  6200/ 6526 batches | lr 20.00 | ms/batch 21.85 | loss  5.03 | ppl   152.23
| epoch   2 |  6400/ 6526 batches | lr 20.00 | ms/batch 21.86 | loss  5.00 | ppl   147.78
-----------------------------------------------------------------------------------------
| end of epoch   2 | time: 148.52s | valid loss  5.25 | valid ppl   190.89
-----------------------------------------------------------------------------------------
| epoch   3 |   200/ 6526 batches | lr 20.00 | ms/batch 22.65 | loss  5.08 | ppl   160.40
| epoch   3 |   400/ 6526 batches | lr 20.00 | ms/batch 22.53 | loss  5.08 | ppl   160.71
| epoch   3 |   600/ 6526 batches | lr 20.00 | ms/batch 22.52 | loss  5.05 | ppl   156.12
| epoch   3 |   800/ 6526 batches | lr 20.00 | ms/batch 22.48 | loss  5.13 | ppl   169.86
| epoch   3 |  1000/ 6526 batches | lr 20.00 | ms/batch 22.52 | loss  5.00 | ppl   147.80
| epoch   3 |  1200/ 6526 batches | lr 20.00 | ms/batch 22.48 | loss  4.96 | ppl   142.66
| epoch   3 |  1400/ 6526 batches | lr 20.00 | ms/batch 22.58 | loss  4.86 | ppl   129.06
| epoch   3 |  1600/ 6526 batches | lr 20.00 | ms/batch 22.45 | loss  4.96 | ppl   142.16
| epoch   3 |  1800/ 6526 batches | lr 20.00 | ms/batch 22.52 | loss  5.02 | ppl   151.13
| epoch   3 |  2000/ 6526 batches | lr 20.00 | ms/batch 22.52 | loss  4.97 | ppl   143.59
| epoch   3 |  2200/ 6526 batches | lr 20.00 | ms/batch 22.50 | loss  4.95 | ppl   140.90
| epoch   3 |  2400/ 6526 batches | lr 20.00 | ms/batch 22.50 | loss  4.93 | ppl   138.45
| epoch   3 |  2600/ 6526 batches | lr 20.00 | ms/batch 22.50 | loss  4.97 | ppl   144.51
| epoch   3 |  2800/ 6526 batches | lr 20.00 | ms/batch 22.53 | loss  5.04 | ppl   155.22
| epoch   3 |  3000/ 6526 batches | lr 20.00 | ms/batch 22.54 | loss  4.98 | ppl   146.04
| epoch   3 |  3200/ 6526 batches | lr 20.00 | ms/batch 22.50 | loss  4.98 | ppl   145.06
| epoch   3 |  3400/ 6526 batches | lr 20.00 | ms/batch 22.49 | loss  5.10 | ppl   164.58
| epoch   3 |  3600/ 6526 batches | lr 20.00 | ms/batch 22.50 | loss  4.97 | ppl   144.54
| epoch   3 |  3800/ 6526 batches | lr 20.00 | ms/batch 22.51 | loss  4.93 | ppl   138.14
| epoch   3 |  4000/ 6526 batches | lr 20.00 | ms/batch 22.38 | loss  4.97 | ppl   144.59
| epoch   3 |  4200/ 6526 batches | lr 20.00 | ms/batch 22.48 | loss  4.98 | ppl   144.97
| epoch   3 |  4400/ 6526 batches | lr 20.00 | ms/batch 22.59 | loss  4.95 | ppl   141.28
| epoch   3 |  4600/ 6526 batches | lr 20.00 | ms/batch 22.50 | loss  4.91 | ppl   136.05
| epoch   3 |  4800/ 6526 batches | lr 20.00 | ms/batch 22.55 | loss  4.84 | ppl   126.69
| epoch   3 |  5000/ 6526 batches | lr 20.00 | ms/batch 22.52 | loss  4.84 | ppl   126.59
| epoch   3 |  5200/ 6526 batches | lr 20.00 | ms/batch 22.52 | loss  4.96 | ppl   142.02
| epoch   3 |  5400/ 6526 batches | lr 20.00 | ms/batch 22.55 | loss  4.90 | ppl   134.45
| epoch   3 |  5600/ 6526 batches | lr 20.00 | ms/batch 22.56 | loss  4.93 | ppl   138.82
| epoch   3 |  5800/ 6526 batches | lr 20.00 | ms/batch 22.52 | loss  5.00 | ppl   147.89
| epoch   3 |  6000/ 6526 batches | lr 20.00 | ms/batch 22.53 | loss  4.83 | ppl   124.78
| epoch   3 |  6200/ 6526 batches | lr 20.00 | ms/batch 22.50 | loss  4.84 | ppl   126.62
| epoch   3 |  6400/ 6526 batches | lr 20.00 | ms/batch 22.45 | loss  4.82 | ppl   123.77
-----------------------------------------------------------------------------------------
| end of epoch   3 | time: 152.78s | valid loss  5.17 | valid ppl   176.20
-----------------------------------------------------------------------------------------
| epoch   4 |   200/ 6526 batches | lr 20.00 | ms/batch 21.92 | loss  4.91 | ppl   135.03
| epoch   4 |   400/ 6526 batches | lr 20.00 | ms/batch 21.85 | loss  4.91 | ppl   135.96
| epoch   4 |   600/ 6526 batches | lr 20.00 | ms/batch 21.82 | loss  4.88 | ppl   132.21
| epoch   4 |   800/ 6526 batches | lr 20.00 | ms/batch 21.80 | loss  4.97 | ppl   144.09
| epoch   4 |  1000/ 6526 batches | lr 20.00 | ms/batch 21.79 | loss  4.84 | ppl   126.17
| epoch   4 |  1200/ 6526 batches | lr 20.00 | ms/batch 21.78 | loss  4.81 | ppl   122.44
| epoch   4 |  1400/ 6526 batches | lr 20.00 | ms/batch 21.87 | loss  4.71 | ppl   110.64
| epoch   4 |  1600/ 6526 batches | lr 20.00 | ms/batch 21.79 | loss  4.80 | ppl   121.50
| epoch   4 |  1800/ 6526 batches | lr 20.00 | ms/batch 21.81 | loss  4.88 | ppl   131.28
| epoch   4 |  2000/ 6526 batches | lr 20.00 | ms/batch 21.85 | loss  4.83 | ppl   125.59
| epoch   4 |  2200/ 6526 batches | lr 20.00 | ms/batch 21.84 | loss  4.80 | ppl   122.11
| epoch   4 |  2400/ 6526 batches | lr 20.00 | ms/batch 21.90 | loss  4.81 | ppl   122.22
| epoch   4 |  2600/ 6526 batches | lr 20.00 | ms/batch 21.79 | loss  4.85 | ppl   127.70
| epoch   4 |  2800/ 6526 batches | lr 20.00 | ms/batch 21.81 | loss  4.92 | ppl   137.15
| epoch   4 |  3000/ 6526 batches | lr 20.00 | ms/batch 21.86 | loss  4.86 | ppl   128.81
| epoch   4 |  3200/ 6526 batches | lr 20.00 | ms/batch 21.84 | loss  4.85 | ppl   127.69
| epoch   4 |  3400/ 6526 batches | lr 20.00 | ms/batch 21.82 | loss  4.97 | ppl   143.67
| epoch   4 |  3600/ 6526 batches | lr 20.00 | ms/batch 21.84 | loss  4.85 | ppl   127.34
| epoch   4 |  3800/ 6526 batches | lr 20.00 | ms/batch 21.79 | loss  4.81 | ppl   122.87
| epoch   4 |  4000/ 6526 batches | lr 20.00 | ms/batch 21.81 | loss  4.86 | ppl   128.53
| epoch   4 |  4200/ 6526 batches | lr 20.00 | ms/batch 21.82 | loss  4.85 | ppl   127.80
| epoch   4 |  4400/ 6526 batches | lr 20.00 | ms/batch 21.81 | loss  4.83 | ppl   125.44
| epoch   4 |  4600/ 6526 batches | lr 20.00 | ms/batch 21.81 | loss  4.78 | ppl   119.42
| epoch   4 |  4800/ 6526 batches | lr 20.00 | ms/batch 21.83 | loss  4.71 | ppl   111.56
| epoch   4 |  5000/ 6526 batches | lr 20.00 | ms/batch 21.80 | loss  4.71 | ppl   111.61
| epoch   4 |  5200/ 6526 batches | lr 20.00 | ms/batch 21.84 | loss  4.84 | ppl   126.54
| epoch   4 |  5400/ 6526 batches | lr 20.00 | ms/batch 21.81 | loss  4.77 | ppl   118.46
| epoch   4 |  5600/ 6526 batches | lr 20.00 | ms/batch 21.85 | loss  4.80 | ppl   121.73
| epoch   4 |  5800/ 6526 batches | lr 20.00 | ms/batch 21.83 | loss  4.87 | ppl   130.30
| epoch   4 |  6000/ 6526 batches | lr 20.00 | ms/batch 21.81 | loss  4.71 | ppl   110.98
| epoch   4 |  6200/ 6526 batches | lr 20.00 | ms/batch 21.81 | loss  4.73 | ppl   112.88
| epoch   4 |  6400/ 6526 batches | lr 20.00 | ms/batch 21.86 | loss  4.71 | ppl   110.73
-----------------------------------------------------------------------------------------
| end of epoch   4 | time: 148.30s | valid loss  5.15 | valid ppl   172.33
-----------------------------------------------------------------------------------------
| epoch   5 |   200/ 6526 batches | lr 20.00 | ms/batch 21.97 | loss  4.78 | ppl   119.28
| epoch   5 |   400/ 6526 batches | lr 20.00 | ms/batch 21.87 | loss  4.80 | ppl   121.31
| epoch   5 |   600/ 6526 batches | lr 20.00 | ms/batch 21.87 | loss  4.78 | ppl   118.64
| epoch   5 |   800/ 6526 batches | lr 20.00 | ms/batch 21.83 | loss  4.85 | ppl   127.82
| epoch   5 |  1000/ 6526 batches | lr 20.00 | ms/batch 21.84 | loss  4.73 | ppl   112.89
| epoch   5 |  1200/ 6526 batches | lr 20.00 | ms/batch 21.85 | loss  4.70 | ppl   110.35
| epoch   5 |  1400/ 6526 batches | lr 20.00 | ms/batch 21.83 | loss  4.61 | ppl    99.98
| epoch   5 |  1600/ 6526 batches | lr 20.00 | ms/batch 21.84 | loss  4.70 | ppl   109.52
| epoch   5 |  1800/ 6526 batches | lr 20.00 | ms/batch 21.86 | loss  4.77 | ppl   117.63
| epoch   5 |  2000/ 6526 batches | lr 20.00 | ms/batch 21.86 | loss  4.73 | ppl   113.50
| epoch   5 |  2200/ 6526 batches | lr 20.00 | ms/batch 21.86 | loss  4.71 | ppl   110.67
| epoch   5 |  2400/ 6526 batches | lr 20.00 | ms/batch 21.85 | loss  4.71 | ppl   110.71
| epoch   5 |  2600/ 6526 batches | lr 20.00 | ms/batch 21.85 | loss  4.75 | ppl   115.52
| epoch   5 |  2800/ 6526 batches | lr 20.00 | ms/batch 21.86 | loss  4.82 | ppl   124.36
| epoch   5 |  3000/ 6526 batches | lr 20.00 | ms/batch 21.87 | loss  4.75 | ppl   116.13
| epoch   5 |  3200/ 6526 batches | lr 20.00 | ms/batch 21.87 | loss  4.76 | ppl   116.39
| epoch   5 |  3400/ 6526 batches | lr 20.00 | ms/batch 21.86 | loss  4.88 | ppl   131.04
| epoch   5 |  3600/ 6526 batches | lr 20.00 | ms/batch 21.87 | loss  4.76 | ppl   117.16
| epoch   5 |  3800/ 6526 batches | lr 20.00 | ms/batch 21.86 | loss  4.72 | ppl   112.27
| epoch   5 |  4000/ 6526 batches | lr 20.00 | ms/batch 21.86 | loss  4.78 | ppl   119.34
| epoch   5 |  4200/ 6526 batches | lr 20.00 | ms/batch 21.86 | loss  4.76 | ppl   117.17
| epoch   5 |  4400/ 6526 batches | lr 20.00 | ms/batch 21.84 | loss  4.74 | ppl   114.56
| epoch   5 |  4600/ 6526 batches | lr 20.00 | ms/batch 21.87 | loss  4.69 | ppl   108.81
| epoch   5 |  4800/ 6526 batches | lr 20.00 | ms/batch 21.87 | loss  4.62 | ppl   101.62
| epoch   5 |  5000/ 6526 batches | lr 20.00 | ms/batch 21.84 | loss  4.62 | ppl   101.81
| epoch   5 |  5200/ 6526 batches | lr 20.00 | ms/batch 21.84 | loss  4.74 | ppl   114.77
| epoch   5 |  5400/ 6526 batches | lr 20.00 | ms/batch 21.84 | loss  4.69 | ppl   108.46
| epoch   5 |  5600/ 6526 batches | lr 20.00 | ms/batch 21.86 | loss  4.73 | ppl   112.93
| epoch   5 |  5800/ 6526 batches | lr 20.00 | ms/batch 21.83 | loss  4.78 | ppl   119.63
| epoch   5 |  6000/ 6526 batches | lr 20.00 | ms/batch 21.89 | loss  4.62 | ppl   101.71
| epoch   5 |  6200/ 6526 batches | lr 20.00 | ms/batch 21.84 | loss  4.64 | ppl   103.76
| epoch   5 |  6400/ 6526 batches | lr 20.00 | ms/batch 21.88 | loss  4.63 | ppl   102.48
-----------------------------------------------------------------------------------------
| end of epoch   5 | time: 148.52s | valid loss  5.14 | valid ppl   170.31
-----------------------------------------------------------------------------------------
| epoch   6 |   200/ 6526 batches | lr 20.00 | ms/batch 22.06 | loss  4.70 | ppl   109.54
| epoch   6 |   400/ 6526 batches | lr 20.00 | ms/batch 21.94 | loss  4.72 | ppl   111.99
| epoch   6 |   600/ 6526 batches | lr 20.00 | ms/batch 21.90 | loss  4.70 | ppl   109.64
| epoch   6 |   800/ 6526 batches | lr 20.00 | ms/batch 21.90 | loss  4.76 | ppl   117.19
| epoch   6 |  1000/ 6526 batches | lr 20.00 | ms/batch 21.91 | loss  4.64 | ppl   104.03
| epoch   6 |  1200/ 6526 batches | lr 20.00 | ms/batch 21.91 | loss  4.62 | ppl   101.38
| epoch   6 |  1400/ 6526 batches | lr 20.00 | ms/batch 21.89 | loss  4.53 | ppl    92.76
| epoch   6 |  1600/ 6526 batches | lr 20.00 | ms/batch 21.86 | loss  4.62 | ppl   101.55
| epoch   6 |  1800/ 6526 batches | lr 20.00 | ms/batch 21.87 | loss  4.70 | ppl   109.78
| epoch   6 |  2000/ 6526 batches | lr 20.00 | ms/batch 21.92 | loss  4.67 | ppl   106.18
| epoch   6 |  2200/ 6526 batches | lr 20.00 | ms/batch 21.91 | loss  4.64 | ppl   103.76
| epoch   6 |  2400/ 6526 batches | lr 20.00 | ms/batch 21.95 | loss  4.63 | ppl   102.53
| epoch   6 |  2600/ 6526 batches | lr 20.00 | ms/batch 21.95 | loss  4.68 | ppl   107.77
| epoch   6 |  2800/ 6526 batches | lr 20.00 | ms/batch 21.88 | loss  4.75 | ppl   115.84
| epoch   6 |  3000/ 6526 batches | lr 20.00 | ms/batch 21.93 | loss  4.68 | ppl   107.72
| epoch   6 |  3200/ 6526 batches | lr 20.00 | ms/batch 21.92 | loss  4.68 | ppl   108.12
| epoch   6 |  3400/ 6526 batches | lr 20.00 | ms/batch 21.90 | loss  4.80 | ppl   121.80
| epoch   6 |  3600/ 6526 batches | lr 20.00 | ms/batch 21.91 | loss  4.69 | ppl   109.28
| epoch   6 |  3800/ 6526 batches | lr 20.00 | ms/batch 21.92 | loss  4.64 | ppl   103.50
| epoch   6 |  4000/ 6526 batches | lr 20.00 | ms/batch 21.92 | loss  4.71 | ppl   110.62
| epoch   6 |  4200/ 6526 batches | lr 20.00 | ms/batch 21.94 | loss  4.68 | ppl   108.22
| epoch   6 |  4400/ 6526 batches | lr 20.00 | ms/batch 21.91 | loss  4.68 | ppl   107.92
| epoch   6 |  4600/ 6526 batches | lr 20.00 | ms/batch 21.93 | loss  4.62 | ppl   100.99
| epoch   6 |  4800/ 6526 batches | lr 20.00 | ms/batch 21.91 | loss  4.55 | ppl    94.25
| epoch   6 |  5000/ 6526 batches | lr 20.00 | ms/batch 21.88 | loss  4.56 | ppl    95.19
| epoch   6 |  5200/ 6526 batches | lr 20.00 | ms/batch 21.93 | loss  4.67 | ppl   106.29
| epoch   6 |  5400/ 6526 batches | lr 20.00 | ms/batch 21.89 | loss  4.62 | ppl   101.09
| epoch   6 |  5600/ 6526 batches | lr 20.00 | ms/batch 21.91 | loss  4.65 | ppl   105.07
| epoch   6 |  5800/ 6526 batches | lr 20.00 | ms/batch 21.89 | loss  4.72 | ppl   112.31
| epoch   6 |  6000/ 6526 batches | lr 20.00 | ms/batch 21.91 | loss  4.56 | ppl    95.11
| epoch   6 |  6200/ 6526 batches | lr 20.00 | ms/batch 21.90 | loss  4.58 | ppl    97.05
| epoch   6 |  6400/ 6526 batches | lr 20.00 | ms/batch 21.89 | loss  4.56 | ppl    95.93
-----------------------------------------------------------------------------------------
| end of epoch   6 | time: 148.86s | valid loss  5.13 | valid ppl   169.63
-----------------------------------------------------------------------------------------
| epoch   7 |   200/ 6526 batches | lr 20.00 | ms/batch 22.66 | loss  4.63 | ppl   102.09
| epoch   7 |   400/ 6526 batches | lr 20.00 | ms/batch 22.49 | loss  4.65 | ppl   104.52
| epoch   7 |   600/ 6526 batches | lr 20.00 | ms/batch 22.48 | loss  4.64 | ppl   103.12
| epoch   7 |   800/ 6526 batches | lr 20.00 | ms/batch 22.50 | loss  4.69 | ppl   109.12
| epoch   7 |  1000/ 6526 batches | lr 20.00 | ms/batch 22.47 | loss  4.58 | ppl    97.92
| epoch   7 |  1200/ 6526 batches | lr 20.00 | ms/batch 22.49 | loss  4.55 | ppl    94.86
| epoch   7 |  1400/ 6526 batches | lr 20.00 | ms/batch 22.49 | loss  4.46 | ppl    86.85
| epoch   7 |  1600/ 6526 batches | lr 20.00 | ms/batch 22.50 | loss  4.56 | ppl    95.29
| epoch   7 |  1800/ 6526 batches | lr 20.00 | ms/batch 22.49 | loss  4.63 | ppl   102.76
| epoch   7 |  2000/ 6526 batches | lr 20.00 | ms/batch 22.52 | loss  4.60 | ppl    99.77
| epoch   7 |  2200/ 6526 batches | lr 20.00 | ms/batch 22.56 | loss  4.57 | ppl    96.96
| epoch   7 |  2400/ 6526 batches | lr 20.00 | ms/batch 22.51 | loss  4.58 | ppl    97.45
| epoch   7 |  2600/ 6526 batches | lr 20.00 | ms/batch 22.53 | loss  4.63 | ppl   102.36
| epoch   7 |  2800/ 6526 batches | lr 20.00 | ms/batch 22.49 | loss  4.70 | ppl   110.27
| epoch   7 |  3000/ 6526 batches | lr 20.00 | ms/batch 22.46 | loss  4.61 | ppl   100.82
| epoch   7 |  3200/ 6526 batches | lr 20.00 | ms/batch 22.51 | loss  4.62 | ppl   101.98
| epoch   7 |  3400/ 6526 batches | lr 20.00 | ms/batch 22.54 | loss  4.73 | ppl   113.81
| epoch   7 |  3600/ 6526 batches | lr 20.00 | ms/batch 22.48 | loss  4.64 | ppl   103.34
| epoch   7 |  3800/ 6526 batches | lr 20.00 | ms/batch 22.33 | loss  4.59 | ppl    98.63
| epoch   7 |  4000/ 6526 batches | lr 20.00 | ms/batch 22.48 | loss  4.65 | ppl   104.70
| epoch   7 |  4200/ 6526 batches | lr 20.00 | ms/batch 22.45 | loss  4.63 | ppl   102.52
| epoch   7 |  4400/ 6526 batches | lr 20.00 | ms/batch 22.54 | loss  4.62 | ppl   101.24
| epoch   7 |  4600/ 6526 batches | lr 20.00 | ms/batch 22.47 | loss  4.56 | ppl    95.25
| epoch   7 |  4800/ 6526 batches | lr 20.00 | ms/batch 22.48 | loss  4.48 | ppl    88.63
| epoch   7 |  5000/ 6526 batches | lr 20.00 | ms/batch 22.51 | loss  4.50 | ppl    89.60
| epoch   7 |  5200/ 6526 batches | lr 20.00 | ms/batch 22.54 | loss  4.62 | ppl   101.36
| epoch   7 |  5400/ 6526 batches | lr 20.00 | ms/batch 22.44 | loss  4.55 | ppl    94.81
| epoch   7 |  5600/ 6526 batches | lr 20.00 | ms/batch 22.52 | loss  4.60 | ppl    99.14
| epoch   7 |  5800/ 6526 batches | lr 20.00 | ms/batch 22.47 | loss  4.67 | ppl   106.56
| epoch   7 |  6000/ 6526 batches | lr 20.00 | ms/batch 22.58 | loss  4.51 | ppl    91.15
| epoch   7 |  6200/ 6526 batches | lr 20.00 | ms/batch 22.43 | loss  4.53 | ppl    92.82
| epoch   7 |  6400/ 6526 batches | lr 20.00 | ms/batch 22.49 | loss  4.51 | ppl    90.95
-----------------------------------------------------------------------------------------
| end of epoch   7 | time: 152.67s | valid loss  5.15 | valid ppl   171.72
-----------------------------------------------------------------------------------------
| epoch   8 |   200/ 6526 batches | lr 5.00 | ms/batch 22.00 | loss  4.61 | ppl   100.51
| epoch   8 |   400/ 6526 batches | lr 5.00 | ms/batch 21.93 | loss  4.62 | ppl   101.79
| epoch   8 |   600/ 6526 batches | lr 5.00 | ms/batch 21.98 | loss  4.59 | ppl    98.83
| epoch   8 |   800/ 6526 batches | lr 5.00 | ms/batch 21.94 | loss  4.63 | ppl   102.02
| epoch   8 |  1000/ 6526 batches | lr 5.00 | ms/batch 21.95 | loss  4.51 | ppl    90.49
| epoch   8 |  1200/ 6526 batches | lr 5.00 | ms/batch 21.94 | loss  4.46 | ppl    86.82
| epoch   8 |  1400/ 6526 batches | lr 5.00 | ms/batch 21.88 | loss  4.39 | ppl    80.93
| epoch   8 |  1600/ 6526 batches | lr 5.00 | ms/batch 21.94 | loss  4.48 | ppl    88.23
| epoch   8 |  1800/ 6526 batches | lr 5.00 | ms/batch 21.97 | loss  4.53 | ppl    92.58
| epoch   8 |  2000/ 6526 batches | lr 5.00 | ms/batch 21.91 | loss  4.48 | ppl    88.09
| epoch   8 |  2200/ 6526 batches | lr 5.00 | ms/batch 21.85 | loss  4.43 | ppl    84.22
| epoch   8 |  2400/ 6526 batches | lr 5.00 | ms/batch 21.87 | loss  4.43 | ppl    83.85
| epoch   8 |  2600/ 6526 batches | lr 5.00 | ms/batch 21.89 | loss  4.47 | ppl    87.33
| epoch   8 |  2800/ 6526 batches | lr 5.00 | ms/batch 21.90 | loss  4.53 | ppl    92.84
| epoch   8 |  3000/ 6526 batches | lr 5.00 | ms/batch 21.89 | loss  4.43 | ppl    84.07
| epoch   8 |  3200/ 6526 batches | lr 5.00 | ms/batch 21.87 | loss  4.42 | ppl    83.17
| epoch   8 |  3400/ 6526 batches | lr 5.00 | ms/batch 21.89 | loss  4.53 | ppl    92.97
| epoch   8 |  3600/ 6526 batches | lr 5.00 | ms/batch 21.89 | loss  4.44 | ppl    84.99
| epoch   8 |  3800/ 6526 batches | lr 5.00 | ms/batch 21.93 | loss  4.37 | ppl    79.33
| epoch   8 |  4000/ 6526 batches | lr 5.00 | ms/batch 21.86 | loss  4.42 | ppl    82.92
| epoch   8 |  4200/ 6526 batches | lr 5.00 | ms/batch 21.87 | loss  4.40 | ppl    81.85
| epoch   8 |  4400/ 6526 batches | lr 5.00 | ms/batch 21.88 | loss  4.38 | ppl    79.64
| epoch   8 |  4600/ 6526 batches | lr 5.00 | ms/batch 21.87 | loss  4.29 | ppl    73.30
| epoch   8 |  4800/ 6526 batches | lr 5.00 | ms/batch 21.90 | loss  4.22 | ppl    67.73
| epoch   8 |  5000/ 6526 batches | lr 5.00 | ms/batch 21.88 | loss  4.21 | ppl    67.09
| epoch   8 |  5200/ 6526 batches | lr 5.00 | ms/batch 21.89 | loss  4.33 | ppl    75.73
| epoch   8 |  5400/ 6526 batches | lr 5.00 | ms/batch 21.89 | loss  4.27 | ppl    71.47
| epoch   8 |  5600/ 6526 batches | lr 5.00 | ms/batch 21.89 | loss  4.28 | ppl    72.45
| epoch   8 |  5800/ 6526 batches | lr 5.00 | ms/batch 21.87 | loss  4.35 | ppl    77.11
| epoch   8 |  6000/ 6526 batches | lr 5.00 | ms/batch 21.86 | loss  4.17 | ppl    64.88
| epoch   8 |  6200/ 6526 batches | lr 5.00 | ms/batch 21.87 | loss  4.19 | ppl    66.24
| epoch   8 |  6400/ 6526 batches | lr 5.00 | ms/batch 21.87 | loss  4.18 | ppl    65.19
-----------------------------------------------------------------------------------------
| end of epoch   8 | time: 148.79s | valid loss  4.97 | valid ppl   143.80
-----------------------------------------------------------------------------------------
| epoch   9 |   200/ 6526 batches | lr 5.00 | ms/batch 21.94 | loss  4.42 | ppl    83.29
| epoch   9 |   400/ 6526 batches | lr 5.00 | ms/batch 21.83 | loss  4.44 | ppl    84.90
| epoch   9 |   600/ 6526 batches | lr 5.00 | ms/batch 21.84 | loss  4.43 | ppl    83.51
| epoch   9 |   800/ 6526 batches | lr 5.00 | ms/batch 21.83 | loss  4.48 | ppl    87.93
| epoch   9 |  1000/ 6526 batches | lr 5.00 | ms/batch 21.83 | loss  4.36 | ppl    78.07
| epoch   9 |  1200/ 6526 batches | lr 5.00 | ms/batch 21.83 | loss  4.32 | ppl    75.00
| epoch   9 |  1400/ 6526 batches | lr 5.00 | ms/batch 21.84 | loss  4.25 | ppl    70.31
| epoch   9 |  1600/ 6526 batches | lr 5.00 | ms/batch 21.82 | loss  4.33 | ppl    76.07
| epoch   9 |  1800/ 6526 batches | lr 5.00 | ms/batch 21.84 | loss  4.40 | ppl    81.58
| epoch   9 |  2000/ 6526 batches | lr 5.00 | ms/batch 21.80 | loss  4.35 | ppl    77.70
| epoch   9 |  2200/ 6526 batches | lr 5.00 | ms/batch 21.82 | loss  4.32 | ppl    75.04
| epoch   9 |  2400/ 6526 batches | lr 5.00 | ms/batch 21.83 | loss  4.32 | ppl    75.05
| epoch   9 |  2600/ 6526 batches | lr 5.00 | ms/batch 21.83 | loss  4.36 | ppl    78.61
| epoch   9 |  2800/ 6526 batches | lr 5.00 | ms/batch 21.84 | loss  4.43 | ppl    84.26
| epoch   9 |  3000/ 6526 batches | lr 5.00 | ms/batch 21.82 | loss  4.34 | ppl    76.33
| epoch   9 |  3200/ 6526 batches | lr 5.00 | ms/batch 21.79 | loss  4.33 | ppl    76.03
| epoch   9 |  3400/ 6526 batches | lr 5.00 | ms/batch 21.82 | loss  4.45 | ppl    85.34
| epoch   9 |  3600/ 6526 batches | lr 5.00 | ms/batch 21.82 | loss  4.36 | ppl    78.08
| epoch   9 |  3800/ 6526 batches | lr 5.00 | ms/batch 21.82 | loss  4.29 | ppl    72.81
| epoch   9 |  4000/ 6526 batches | lr 5.00 | ms/batch 21.84 | loss  4.35 | ppl    77.23
| epoch   9 |  4200/ 6526 batches | lr 5.00 | ms/batch 21.82 | loss  4.34 | ppl    76.74
| epoch   9 |  4400/ 6526 batches | lr 5.00 | ms/batch 21.80 | loss  4.31 | ppl    74.31
| epoch   9 |  4600/ 6526 batches | lr 5.00 | ms/batch 21.83 | loss  4.23 | ppl    68.74
| epoch   9 |  4800/ 6526 batches | lr 5.00 | ms/batch 21.83 | loss  4.16 | ppl    64.35
| epoch   9 |  5000/ 6526 batches | lr 5.00 | ms/batch 21.83 | loss  4.15 | ppl    63.60
| epoch   9 |  5200/ 6526 batches | lr 5.00 | ms/batch 21.83 | loss  4.29 | ppl    72.64
| epoch   9 |  5400/ 6526 batches | lr 5.00 | ms/batch 21.84 | loss  4.23 | ppl    68.97
| epoch   9 |  5600/ 6526 batches | lr 5.00 | ms/batch 21.80 | loss  4.24 | ppl    69.64
| epoch   9 |  5800/ 6526 batches | lr 5.00 | ms/batch 21.83 | loss  4.31 | ppl    74.74
| epoch   9 |  6000/ 6526 batches | lr 5.00 | ms/batch 21.83 | loss  4.15 | ppl    63.25
| epoch   9 |  6200/ 6526 batches | lr 5.00 | ms/batch 21.82 | loss  4.17 | ppl    64.97
| epoch   9 |  6400/ 6526 batches | lr 5.00 | ms/batch 21.80 | loss  4.15 | ppl    63.32
-----------------------------------------------------------------------------------------
| end of epoch   9 | time: 148.30s | valid loss  4.95 | valid ppl   141.64
-----------------------------------------------------------------------------------------
| epoch  10 |   200/ 6526 batches | lr 5.00 | ms/batch 22.04 | loss  4.35 | ppl    77.43
| epoch  10 |   400/ 6526 batches | lr 5.00 | ms/batch 21.91 | loss  4.36 | ppl    78.65
| epoch  10 |   600/ 6526 batches | lr 5.00 | ms/batch 21.91 | loss  4.36 | ppl    78.07
| epoch  10 |   800/ 6526 batches | lr 5.00 | ms/batch 21.85 | loss  4.40 | ppl    81.49
| epoch  10 |  1000/ 6526 batches | lr 5.00 | ms/batch 21.91 | loss  4.29 | ppl    73.05
| epoch  10 |  1200/ 6526 batches | lr 5.00 | ms/batch 21.90 | loss  4.25 | ppl    70.04
| epoch  10 |  1400/ 6526 batches | lr 5.00 | ms/batch 21.93 | loss  4.19 | ppl    66.17
| epoch  10 |  1600/ 6526 batches | lr 5.00 | ms/batch 21.85 | loss  4.27 | ppl    71.76
| epoch  10 |  1800/ 6526 batches | lr 5.00 | ms/batch 21.90 | loss  4.34 | ppl    76.53
| epoch  10 |  2000/ 6526 batches | lr 5.00 | ms/batch 21.87 | loss  4.29 | ppl    73.21
| epoch  10 |  2200/ 6526 batches | lr 5.00 | ms/batch 21.92 | loss  4.27 | ppl    71.68
| epoch  10 |  2400/ 6526 batches | lr 5.00 | ms/batch 21.88 | loss  4.27 | ppl    71.26
| epoch  10 |  2600/ 6526 batches | lr 5.00 | ms/batch 21.91 | loss  4.31 | ppl    74.19
| epoch  10 |  2800/ 6526 batches | lr 5.00 | ms/batch 21.91 | loss  4.38 | ppl    79.96
| epoch  10 |  3000/ 6526 batches | lr 5.00 | ms/batch 21.91 | loss  4.29 | ppl    73.05
| epoch  10 |  3200/ 6526 batches | lr 5.00 | ms/batch 21.92 | loss  4.29 | ppl    72.67
| epoch  10 |  3400/ 6526 batches | lr 5.00 | ms/batch 21.94 | loss  4.40 | ppl    81.49
| epoch  10 |  3600/ 6526 batches | lr 5.00 | ms/batch 21.86 | loss  4.31 | ppl    74.71
| epoch  10 |  3800/ 6526 batches | lr 5.00 | ms/batch 21.88 | loss  4.24 | ppl    69.74
| epoch  10 |  4000/ 6526 batches | lr 5.00 | ms/batch 21.87 | loss  4.30 | ppl    73.55
| epoch  10 |  4200/ 6526 batches | lr 5.00 | ms/batch 21.84 | loss  4.29 | ppl    72.97
| epoch  10 |  4400/ 6526 batches | lr 5.00 | ms/batch 21.89 | loss  4.27 | ppl    71.60
| epoch  10 |  4600/ 6526 batches | lr 5.00 | ms/batch 21.86 | loss  4.19 | ppl    66.13
| epoch  10 |  4800/ 6526 batches | lr 5.00 | ms/batch 21.83 | loss  4.13 | ppl    61.96
| epoch  10 |  5000/ 6526 batches | lr 5.00 | ms/batch 21.89 | loss  4.12 | ppl    61.54
| epoch  10 |  5200/ 6526 batches | lr 5.00 | ms/batch 21.90 | loss  4.25 | ppl    70.19
| epoch  10 |  5400/ 6526 batches | lr 5.00 | ms/batch 21.86 | loss  4.20 | ppl    66.44
| epoch  10 |  5600/ 6526 batches | lr 5.00 | ms/batch 21.85 | loss  4.22 | ppl    68.08
| epoch  10 |  5800/ 6526 batches | lr 5.00 | ms/batch 21.91 | loss  4.28 | ppl    72.30
| epoch  10 |  6000/ 6526 batches | lr 5.00 | ms/batch 21.87 | loss  4.11 | ppl    61.13
| epoch  10 |  6200/ 6526 batches | lr 5.00 | ms/batch 21.86 | loss  4.15 | ppl    63.55
| epoch  10 |  6400/ 6526 batches | lr 5.00 | ms/batch 21.85 | loss  4.13 | ppl    62.11
-----------------------------------------------------------------------------------------
| end of epoch  10 | time: 148.72s | valid loss  4.95 | valid ppl   140.48
-----------------------------------------------------------------------------------------
=========================================================================================
| End of training | test loss  4.87 | test ppl   130.89
=========================================================================================
