python /home/drr342/dl/assignments/hw3/examples/word_language_model/main.py --data /home/drr342/dl/assignments/hw3/examples/word_language_model/data/wikitext-2 --save /home/drr342/dl/assignments/hw3/models/LSTM'_'400'_'4'_'32.pt --cuda --model LSTM --epochs 10 --emsize 400 --nlayers 4 --bptt 32

| epoch   1 |   200/ 3263 batches | lr 20.00 | ms/batch 67.57 | loss  7.72 | ppl  2243.06
| epoch   1 |   400/ 3263 batches | lr 20.00 | ms/batch 66.63 | loss  7.31 | ppl  1489.38
| epoch   1 |   600/ 3263 batches | lr 20.00 | ms/batch 66.42 | loss  7.21 | ppl  1358.66
| epoch   1 |   800/ 3263 batches | lr 20.00 | ms/batch 66.54 | loss  7.18 | ppl  1306.38
| epoch   1 |  1000/ 3263 batches | lr 20.00 | ms/batch 66.16 | loss  7.04 | ppl  1144.13
| epoch   1 |  1200/ 3263 batches | lr 20.00 | ms/batch 66.60 | loss  6.79 | ppl   884.81
| epoch   1 |  1400/ 3263 batches | lr 20.00 | ms/batch 66.44 | loss  6.62 | ppl   752.71
| epoch   1 |  1600/ 3263 batches | lr 20.00 | ms/batch 66.62 | loss  6.48 | ppl   652.46
| epoch   1 |  1800/ 3263 batches | lr 20.00 | ms/batch 66.51 | loss  6.43 | ppl   618.71
| epoch   1 |  2000/ 3263 batches | lr 20.00 | ms/batch 66.54 | loss  6.31 | ppl   552.75
| epoch   1 |  2200/ 3263 batches | lr 20.00 | ms/batch 66.04 | loss  6.25 | ppl   517.10
| epoch   1 |  2400/ 3263 batches | lr 20.00 | ms/batch 66.79 | loss  6.11 | ppl   452.06
| epoch   1 |  2600/ 3263 batches | lr 20.00 | ms/batch 66.74 | loss  6.07 | ppl   432.57
| epoch   1 |  2800/ 3263 batches | lr 20.00 | ms/batch 65.87 | loss  6.03 | ppl   416.33
| epoch   1 |  3000/ 3263 batches | lr 20.00 | ms/batch 66.46 | loss  5.94 | ppl   381.36
| epoch   1 |  3200/ 3263 batches | lr 20.00 | ms/batch 66.37 | loss  5.87 | ppl   355.80
-----------------------------------------------------------------------------------------
| end of epoch   1 | time: 223.82s | valid loss  5.85 | valid ppl   348.30
-----------------------------------------------------------------------------------------
| epoch   2 |   200/ 3263 batches | lr 20.00 | ms/batch 66.78 | loss  5.86 | ppl   351.33
| epoch   2 |   400/ 3263 batches | lr 20.00 | ms/batch 67.24 | loss  5.85 | ppl   347.86
| epoch   2 |   600/ 3263 batches | lr 20.00 | ms/batch 66.00 | loss  5.77 | ppl   319.27
| epoch   2 |   800/ 3263 batches | lr 20.00 | ms/batch 67.11 | loss  5.68 | ppl   292.93
| epoch   2 |  1000/ 3263 batches | lr 20.00 | ms/batch 66.40 | loss  5.71 | ppl   302.14
| epoch   2 |  1200/ 3263 batches | lr 20.00 | ms/batch 66.79 | loss  5.65 | ppl   283.72
| epoch   2 |  1400/ 3263 batches | lr 20.00 | ms/batch 67.22 | loss  5.66 | ppl   287.00
| epoch   2 |  1600/ 3263 batches | lr 20.00 | ms/batch 66.31 | loss  5.62 | ppl   275.08
| epoch   2 |  1800/ 3263 batches | lr 20.00 | ms/batch 66.76 | loss  5.65 | ppl   283.71
| epoch   2 |  2000/ 3263 batches | lr 20.00 | ms/batch 66.36 | loss  5.56 | ppl   259.22
| epoch   2 |  2200/ 3263 batches | lr 20.00 | ms/batch 66.32 | loss  5.53 | ppl   253.22
| epoch   2 |  2400/ 3263 batches | lr 20.00 | ms/batch 66.22 | loss  5.45 | ppl   233.40
| epoch   2 |  2600/ 3263 batches | lr 20.00 | ms/batch 66.21 | loss  5.47 | ppl   236.81
| epoch   2 |  2800/ 3263 batches | lr 20.00 | ms/batch 66.24 | loss  5.46 | ppl   236.06
| epoch   2 |  3000/ 3263 batches | lr 20.00 | ms/batch 67.41 | loss  5.42 | ppl   225.54
| epoch   2 |  3200/ 3263 batches | lr 20.00 | ms/batch 65.87 | loss  5.34 | ppl   207.76
-----------------------------------------------------------------------------------------
| end of epoch   2 | time: 224.02s | valid loss  5.46 | valid ppl   235.48
-----------------------------------------------------------------------------------------
| epoch   3 |   200/ 3263 batches | lr 20.00 | ms/batch 66.87 | loss  5.41 | ppl   224.42
| epoch   3 |   400/ 3263 batches | lr 20.00 | ms/batch 65.90 | loss  5.44 | ppl   230.01
| epoch   3 |   600/ 3263 batches | lr 20.00 | ms/batch 66.12 | loss  5.33 | ppl   205.63
| epoch   3 |   800/ 3263 batches | lr 20.00 | ms/batch 66.01 | loss  5.25 | ppl   190.55
| epoch   3 |  1000/ 3263 batches | lr 20.00 | ms/batch 66.89 | loss  5.32 | ppl   204.99
| epoch   3 |  1200/ 3263 batches | lr 20.00 | ms/batch 66.82 | loss  5.26 | ppl   193.37
| epoch   3 |  1400/ 3263 batches | lr 20.00 | ms/batch 66.53 | loss  5.32 | ppl   204.05
| epoch   3 |  1600/ 3263 batches | lr 20.00 | ms/batch 66.93 | loss  5.29 | ppl   197.66
| epoch   3 |  1800/ 3263 batches | lr 20.00 | ms/batch 66.91 | loss  5.33 | ppl   206.78
| epoch   3 |  2000/ 3263 batches | lr 20.00 | ms/batch 66.46 | loss  5.25 | ppl   190.95
| epoch   3 |  2200/ 3263 batches | lr 20.00 | ms/batch 66.54 | loss  5.24 | ppl   189.03
| epoch   3 |  2400/ 3263 batches | lr 20.00 | ms/batch 66.20 | loss  5.16 | ppl   173.92
| epoch   3 |  2600/ 3263 batches | lr 20.00 | ms/batch 66.38 | loss  5.19 | ppl   178.65
| epoch   3 |  2800/ 3263 batches | lr 20.00 | ms/batch 66.90 | loss  5.19 | ppl   179.20
| epoch   3 |  3000/ 3263 batches | lr 20.00 | ms/batch 66.88 | loss  5.17 | ppl   176.78
| epoch   3 |  3200/ 3263 batches | lr 20.00 | ms/batch 66.95 | loss  5.08 | ppl   160.42
-----------------------------------------------------------------------------------------
| end of epoch   3 | time: 224.19s | valid loss  5.31 | valid ppl   202.79
-----------------------------------------------------------------------------------------
| epoch   4 |   200/ 3263 batches | lr 20.00 | ms/batch 67.51 | loss  5.19 | ppl   179.65
| epoch   4 |   400/ 3263 batches | lr 20.00 | ms/batch 66.42 | loss  5.21 | ppl   182.83
| epoch   4 |   600/ 3263 batches | lr 20.00 | ms/batch 66.29 | loss  5.10 | ppl   164.00
| epoch   4 |   800/ 3263 batches | lr 20.00 | ms/batch 66.77 | loss  5.03 | ppl   152.27
| epoch   4 |  1000/ 3263 batches | lr 20.00 | ms/batch 66.76 | loss  5.11 | ppl   166.07
| epoch   4 |  1200/ 3263 batches | lr 20.00 | ms/batch 66.41 | loss  5.07 | ppl   158.48
| epoch   4 |  1400/ 3263 batches | lr 20.00 | ms/batch 65.85 | loss  5.13 | ppl   169.26
| epoch   4 |  1600/ 3263 batches | lr 20.00 | ms/batch 66.51 | loss  5.09 | ppl   162.93
| epoch   4 |  1800/ 3263 batches | lr 20.00 | ms/batch 66.42 | loss  5.15 | ppl   173.29
| epoch   4 |  2000/ 3263 batches | lr 20.00 | ms/batch 66.87 | loss  5.08 | ppl   160.04
| epoch   4 |  2200/ 3263 batches | lr 20.00 | ms/batch 66.51 | loss  5.07 | ppl   158.91
| epoch   4 |  2400/ 3263 batches | lr 20.00 | ms/batch 66.14 | loss  4.99 | ppl   146.55
| epoch   4 |  2600/ 3263 batches | lr 20.00 | ms/batch 66.42 | loss  5.03 | ppl   152.21
| epoch   4 |  2800/ 3263 batches | lr 20.00 | ms/batch 66.12 | loss  5.03 | ppl   152.26
| epoch   4 |  3000/ 3263 batches | lr 20.00 | ms/batch 66.43 | loss  5.02 | ppl   151.87
| epoch   4 |  3200/ 3263 batches | lr 20.00 | ms/batch 66.35 | loss  4.93 | ppl   138.23
-----------------------------------------------------------------------------------------
| end of epoch   4 | time: 223.71s | valid loss  5.26 | valid ppl   191.78
-----------------------------------------------------------------------------------------
| epoch   5 |   200/ 3263 batches | lr 20.00 | ms/batch 67.69 | loss  5.05 | ppl   155.84
| epoch   5 |   400/ 3263 batches | lr 20.00 | ms/batch 67.06 | loss  5.07 | ppl   159.72
| epoch   5 |   600/ 3263 batches | lr 20.00 | ms/batch 66.69 | loss  4.96 | ppl   142.25
| epoch   5 |   800/ 3263 batches | lr 20.00 | ms/batch 67.19 | loss  4.87 | ppl   130.97
| epoch   5 |  1000/ 3263 batches | lr 20.00 | ms/batch 66.64 | loss  4.98 | ppl   145.38
| epoch   5 |  1200/ 3263 batches | lr 20.00 | ms/batch 67.48 | loss  4.93 | ppl   138.80
| epoch   5 |  1400/ 3263 batches | lr 20.00 | ms/batch 66.92 | loss  5.00 | ppl   148.75
| epoch   5 |  1600/ 3263 batches | lr 20.00 | ms/batch 66.58 | loss  4.97 | ppl   143.40
| epoch   5 |  1800/ 3263 batches | lr 20.00 | ms/batch 68.22 | loss  5.03 | ppl   153.04
| epoch   5 |  2000/ 3263 batches | lr 20.00 | ms/batch 67.79 | loss  4.96 | ppl   142.04
| epoch   5 |  2200/ 3263 batches | lr 20.00 | ms/batch 66.18 | loss  4.95 | ppl   140.85
| epoch   5 |  2400/ 3263 batches | lr 20.00 | ms/batch 65.91 | loss  4.86 | ppl   129.49
| epoch   5 |  2600/ 3263 batches | lr 20.00 | ms/batch 66.48 | loss  4.91 | ppl   135.04
| epoch   5 |  2800/ 3263 batches | lr 20.00 | ms/batch 66.80 | loss  4.91 | ppl   135.04
| epoch   5 |  3000/ 3263 batches | lr 20.00 | ms/batch 66.91 | loss  4.91 | ppl   135.72
| epoch   5 |  3200/ 3263 batches | lr 20.00 | ms/batch 66.53 | loss  4.82 | ppl   123.96
-----------------------------------------------------------------------------------------
| end of epoch   5 | time: 225.28s | valid loss  5.18 | valid ppl   178.25
-----------------------------------------------------------------------------------------
| epoch   6 |   200/ 3263 batches | lr 20.00 | ms/batch 67.18 | loss  4.94 | ppl   139.81
| epoch   6 |   400/ 3263 batches | lr 20.00 | ms/batch 66.10 | loss  4.96 | ppl   143.15
| epoch   6 |   600/ 3263 batches | lr 20.00 | ms/batch 65.95 | loss  4.85 | ppl   127.86
| epoch   6 |   800/ 3263 batches | lr 20.00 | ms/batch 66.09 | loss  4.77 | ppl   118.01
| epoch   6 |  1000/ 3263 batches | lr 20.00 | ms/batch 66.99 | loss  4.87 | ppl   130.71
| epoch   6 |  1200/ 3263 batches | lr 20.00 | ms/batch 66.49 | loss  4.83 | ppl   124.71
| epoch   6 |  1400/ 3263 batches | lr 20.00 | ms/batch 66.49 | loss  4.91 | ppl   135.60
| epoch   6 |  1600/ 3263 batches | lr 20.00 | ms/batch 66.49 | loss  4.87 | ppl   130.54
| epoch   6 |  1800/ 3263 batches | lr 20.00 | ms/batch 66.39 | loss  4.93 | ppl   138.96
| epoch   6 |  2000/ 3263 batches | lr 20.00 | ms/batch 66.26 | loss  4.86 | ppl   129.37
| epoch   6 |  2200/ 3263 batches | lr 20.00 | ms/batch 66.39 | loss  4.86 | ppl   128.84
| epoch   6 |  2400/ 3263 batches | lr 20.00 | ms/batch 65.99 | loss  4.77 | ppl   118.00
| epoch   6 |  2600/ 3263 batches | lr 20.00 | ms/batch 66.52 | loss  4.81 | ppl   123.31
| epoch   6 |  2800/ 3263 batches | lr 20.00 | ms/batch 66.00 | loss  4.81 | ppl   123.03
| epoch   6 |  3000/ 3263 batches | lr 20.00 | ms/batch 66.69 | loss  4.82 | ppl   124.20
| epoch   6 |  3200/ 3263 batches | lr 20.00 | ms/batch 66.48 | loss  4.74 | ppl   114.52
-----------------------------------------------------------------------------------------
| end of epoch   6 | time: 223.25s | valid loss  5.18 | valid ppl   177.61
-----------------------------------------------------------------------------------------
| epoch   7 |   200/ 3263 batches | lr 20.00 | ms/batch 67.18 | loss  4.85 | ppl   127.52
| epoch   7 |   400/ 3263 batches | lr 20.00 | ms/batch 66.66 | loss  4.88 | ppl   132.20
| epoch   7 |   600/ 3263 batches | lr 20.00 | ms/batch 66.62 | loss  4.77 | ppl   117.94
| epoch   7 |   800/ 3263 batches | lr 20.00 | ms/batch 66.24 | loss  4.68 | ppl   108.09
| epoch   7 |  1000/ 3263 batches | lr 20.00 | ms/batch 67.36 | loss  4.80 | ppl   121.49
| epoch   7 |  1200/ 3263 batches | lr 20.00 | ms/batch 66.79 | loss  4.75 | ppl   115.98
| epoch   7 |  1400/ 3263 batches | lr 20.00 | ms/batch 66.81 | loss  4.83 | ppl   125.07
| epoch   7 |  1600/ 3263 batches | lr 20.00 | ms/batch 66.69 | loss  4.79 | ppl   120.19
| epoch   7 |  1800/ 3263 batches | lr 20.00 | ms/batch 66.52 | loss  4.86 | ppl   129.23
| epoch   7 |  2000/ 3263 batches | lr 20.00 | ms/batch 65.99 | loss  4.79 | ppl   120.39
| epoch   7 |  2200/ 3263 batches | lr 20.00 | ms/batch 67.58 | loss  4.79 | ppl   120.75
| epoch   7 |  2400/ 3263 batches | lr 20.00 | ms/batch 66.23 | loss  4.70 | ppl   110.39
| epoch   7 |  2600/ 3263 batches | lr 20.00 | ms/batch 67.34 | loss  4.74 | ppl   114.43
| epoch   7 |  2800/ 3263 batches | lr 20.00 | ms/batch 66.53 | loss  4.75 | ppl   115.06
| epoch   7 |  3000/ 3263 batches | lr 20.00 | ms/batch 67.54 | loss  4.75 | ppl   116.16
| epoch   7 |  3200/ 3263 batches | lr 20.00 | ms/batch 66.67 | loss  4.68 | ppl   107.90
-----------------------------------------------------------------------------------------
| end of epoch   7 | time: 224.75s | valid loss  5.13 | valid ppl   168.90
-----------------------------------------------------------------------------------------
| epoch   8 |   200/ 3263 batches | lr 20.00 | ms/batch 66.44 | loss  4.78 | ppl   119.31
| epoch   8 |   400/ 3263 batches | lr 20.00 | ms/batch 66.84 | loss  4.81 | ppl   123.14
| epoch   8 |   600/ 3263 batches | lr 20.00 | ms/batch 68.10 | loss  4.70 | ppl   109.55
| epoch   8 |   800/ 3263 batches | lr 20.00 | ms/batch 66.79 | loss  4.62 | ppl   101.13
| epoch   8 |  1000/ 3263 batches | lr 20.00 | ms/batch 66.11 | loss  4.73 | ppl   112.93
| epoch   8 |  1200/ 3263 batches | lr 20.00 | ms/batch 66.91 | loss  4.68 | ppl   108.15
| epoch   8 |  1400/ 3263 batches | lr 20.00 | ms/batch 66.92 | loss  4.77 | ppl   117.68
| epoch   8 |  1600/ 3263 batches | lr 20.00 | ms/batch 67.66 | loss  4.73 | ppl   113.36
| epoch   8 |  1800/ 3263 batches | lr 20.00 | ms/batch 66.55 | loss  4.80 | ppl   121.58
| epoch   8 |  2000/ 3263 batches | lr 20.00 | ms/batch 66.92 | loss  4.73 | ppl   113.50
| epoch   8 |  2200/ 3263 batches | lr 20.00 | ms/batch 67.01 | loss  4.74 | ppl   114.16
| epoch   8 |  2400/ 3263 batches | lr 20.00 | ms/batch 67.55 | loss  4.65 | ppl   104.43
| epoch   8 |  2600/ 3263 batches | lr 20.00 | ms/batch 67.52 | loss  4.68 | ppl   107.99
| epoch   8 |  2800/ 3263 batches | lr 20.00 | ms/batch 67.43 | loss  4.69 | ppl   108.52
| epoch   8 |  3000/ 3263 batches | lr 20.00 | ms/batch 67.09 | loss  4.70 | ppl   109.68
| epoch   8 |  3200/ 3263 batches | lr 20.00 | ms/batch 66.37 | loss  4.62 | ppl   101.34
-----------------------------------------------------------------------------------------
| end of epoch   8 | time: 225.47s | valid loss  5.13 | valid ppl   168.99
-----------------------------------------------------------------------------------------
| epoch   9 |   200/ 3263 batches | lr 5.00 | ms/batch 67.95 | loss  4.77 | ppl   118.00
| epoch   9 |   400/ 3263 batches | lr 5.00 | ms/batch 66.39 | loss  4.76 | ppl   117.00
| epoch   9 |   600/ 3263 batches | lr 5.00 | ms/batch 66.75 | loss  4.64 | ppl   103.89
| epoch   9 |   800/ 3263 batches | lr 5.00 | ms/batch 67.01 | loss  4.57 | ppl    96.42
| epoch   9 |  1000/ 3263 batches | lr 5.00 | ms/batch 67.22 | loss  4.64 | ppl   103.68
| epoch   9 |  1200/ 3263 batches | lr 5.00 | ms/batch 67.22 | loss  4.58 | ppl    97.28
| epoch   9 |  1400/ 3263 batches | lr 5.00 | ms/batch 66.39 | loss  4.64 | ppl   103.91
| epoch   9 |  1600/ 3263 batches | lr 5.00 | ms/batch 66.75 | loss  4.59 | ppl    98.63
| epoch   9 |  1800/ 3263 batches | lr 5.00 | ms/batch 66.88 | loss  4.66 | ppl   105.76
| epoch   9 |  2000/ 3263 batches | lr 5.00 | ms/batch 66.21 | loss  4.58 | ppl    97.65
| epoch   9 |  2200/ 3263 batches | lr 5.00 | ms/batch 66.87 | loss  4.57 | ppl    96.84
| epoch   9 |  2400/ 3263 batches | lr 5.00 | ms/batch 67.39 | loss  4.46 | ppl    86.71
| epoch   9 |  2600/ 3263 batches | lr 5.00 | ms/batch 67.81 | loss  4.48 | ppl    87.81
| epoch   9 |  2800/ 3263 batches | lr 5.00 | ms/batch 66.89 | loss  4.48 | ppl    88.46
| epoch   9 |  3000/ 3263 batches | lr 5.00 | ms/batch 66.92 | loss  4.48 | ppl    87.89
| epoch   9 |  3200/ 3263 batches | lr 5.00 | ms/batch 67.09 | loss  4.39 | ppl    80.40
-----------------------------------------------------------------------------------------
| end of epoch   9 | time: 225.31s | valid loss  4.94 | valid ppl   139.69
-----------------------------------------------------------------------------------------
| epoch  10 |   200/ 3263 batches | lr 5.00 | ms/batch 67.90 | loss  4.63 | ppl   102.55
| epoch  10 |   400/ 3263 batches | lr 5.00 | ms/batch 66.95 | loss  4.65 | ppl   104.17
| epoch  10 |   600/ 3263 batches | lr 5.00 | ms/batch 67.16 | loss  4.53 | ppl    92.99
| epoch  10 |   800/ 3263 batches | lr 5.00 | ms/batch 67.24 | loss  4.46 | ppl    86.35
| epoch  10 |  1000/ 3263 batches | lr 5.00 | ms/batch 66.51 | loss  4.54 | ppl    94.00
| epoch  10 |  1200/ 3263 batches | lr 5.00 | ms/batch 67.21 | loss  4.49 | ppl    89.42
| epoch  10 |  1400/ 3263 batches | lr 5.00 | ms/batch 67.44 | loss  4.58 | ppl    97.35
| epoch  10 |  1600/ 3263 batches | lr 5.00 | ms/batch 66.92 | loss  4.53 | ppl    92.57
| epoch  10 |  1800/ 3263 batches | lr 5.00 | ms/batch 66.97 | loss  4.60 | ppl    99.45
| epoch  10 |  2000/ 3263 batches | lr 5.00 | ms/batch 67.38 | loss  4.52 | ppl    91.93
| epoch  10 |  2200/ 3263 batches | lr 5.00 | ms/batch 67.11 | loss  4.53 | ppl    92.65
| epoch  10 |  2400/ 3263 batches | lr 5.00 | ms/batch 67.19 | loss  4.42 | ppl    82.85
| epoch  10 |  2600/ 3263 batches | lr 5.00 | ms/batch 68.06 | loss  4.44 | ppl    85.00
| epoch  10 |  2800/ 3263 batches | lr 5.00 | ms/batch 66.97 | loss  4.45 | ppl    85.59
| epoch  10 |  3000/ 3263 batches | lr 5.00 | ms/batch 66.18 | loss  4.45 | ppl    85.39
| epoch  10 |  3200/ 3263 batches | lr 5.00 | ms/batch 66.93 | loss  4.37 | ppl    78.78
-----------------------------------------------------------------------------------------
| end of epoch  10 | time: 225.88s | valid loss  4.93 | valid ppl   138.40
-----------------------------------------------------------------------------------------
=========================================================================================
| End of training | test loss  4.88 | test ppl   132.24
=========================================================================================
