python /home/drr342/dl/assignments/hw3/examples/word_language_model/main.py --data /home/drr342/dl/assignments/hw3/examples/word_language_model/data/wikitext-2 --save /home/drr342/dl/assignments/hw3/models/GRU'_'200'_'2'_'32.pt --cuda --model GRU --epochs 10 --emsize 200 --nlayers 2 --bptt 32

| epoch   1 |   200/ 3263 batches | lr 20.00 | ms/batch 43.76 | loss  9.13 | ppl  9246.55
| epoch   1 |   400/ 3263 batches | lr 20.00 | ms/batch 43.47 | loss  7.42 | ppl  1661.20
| epoch   1 |   600/ 3263 batches | lr 20.00 | ms/batch 43.54 | loss  6.74 | ppl   846.19
| epoch   1 |   800/ 3263 batches | lr 20.00 | ms/batch 43.47 | loss  6.37 | ppl   581.92
| epoch   1 |  1000/ 3263 batches | lr 20.00 | ms/batch 42.65 | loss  6.24 | ppl   512.61
| epoch   1 |  1200/ 3263 batches | lr 20.00 | ms/batch 43.08 | loss  6.12 | ppl   454.11
| epoch   1 |  1400/ 3263 batches | lr 20.00 | ms/batch 42.85 | loss  6.06 | ppl   426.31
| epoch   1 |  1600/ 3263 batches | lr 20.00 | ms/batch 43.22 | loss  5.96 | ppl   389.32
| epoch   1 |  1800/ 3263 batches | lr 20.00 | ms/batch 43.70 | loss  5.97 | ppl   392.83
| epoch   1 |  2000/ 3263 batches | lr 20.00 | ms/batch 42.90 | loss  5.86 | ppl   349.03
| epoch   1 |  2200/ 3263 batches | lr 20.00 | ms/batch 42.94 | loss  5.82 | ppl   337.43
| epoch   1 |  2400/ 3263 batches | lr 20.00 | ms/batch 42.56 | loss  5.72 | ppl   306.20
| epoch   1 |  2600/ 3263 batches | lr 20.00 | ms/batch 42.89 | loss  5.74 | ppl   310.04
| epoch   1 |  2800/ 3263 batches | lr 20.00 | ms/batch 43.05 | loss  5.72 | ppl   305.16
| epoch   1 |  3000/ 3263 batches | lr 20.00 | ms/batch 43.17 | loss  5.67 | ppl   290.21
| epoch   1 |  3200/ 3263 batches | lr 20.00 | ms/batch 43.77 | loss  5.60 | ppl   269.08
-----------------------------------------------------------------------------------------
| end of epoch   1 | time: 146.24s | valid loss  5.64 | valid ppl   280.54
-----------------------------------------------------------------------------------------
| epoch   2 |   200/ 3263 batches | lr 20.00 | ms/batch 44.84 | loss  5.66 | ppl   287.85
| epoch   2 |   400/ 3263 batches | lr 20.00 | ms/batch 45.51 | loss  5.65 | ppl   284.08
| epoch   2 |   600/ 3263 batches | lr 20.00 | ms/batch 45.44 | loss  5.53 | ppl   252.80
| epoch   2 |   800/ 3263 batches | lr 20.00 | ms/batch 44.80 | loss  5.41 | ppl   223.62
| epoch   2 |  1000/ 3263 batches | lr 20.00 | ms/batch 44.85 | loss  5.48 | ppl   238.99
| epoch   2 |  1200/ 3263 batches | lr 20.00 | ms/batch 44.13 | loss  5.41 | ppl   224.68
| epoch   2 |  1400/ 3263 batches | lr 20.00 | ms/batch 44.69 | loss  5.47 | ppl   238.37
| epoch   2 |  1600/ 3263 batches | lr 20.00 | ms/batch 44.29 | loss  5.43 | ppl   228.69
| epoch   2 |  1800/ 3263 batches | lr 20.00 | ms/batch 44.28 | loss  5.48 | ppl   239.42
| epoch   2 |  2000/ 3263 batches | lr 20.00 | ms/batch 45.08 | loss  5.39 | ppl   218.19
| epoch   2 |  2200/ 3263 batches | lr 20.00 | ms/batch 43.85 | loss  5.38 | ppl   217.02
| epoch   2 |  2400/ 3263 batches | lr 20.00 | ms/batch 45.18 | loss  5.30 | ppl   200.68
| epoch   2 |  2600/ 3263 batches | lr 20.00 | ms/batch 44.24 | loss  5.34 | ppl   207.98
| epoch   2 |  2800/ 3263 batches | lr 20.00 | ms/batch 43.81 | loss  5.33 | ppl   206.37
| epoch   2 |  3000/ 3263 batches | lr 20.00 | ms/batch 43.23 | loss  5.33 | ppl   205.64
| epoch   2 |  3200/ 3263 batches | lr 20.00 | ms/batch 43.81 | loss  5.25 | ppl   191.26
-----------------------------------------------------------------------------------------
| end of epoch   2 | time: 150.56s | valid loss  5.44 | valid ppl   230.26
-----------------------------------------------------------------------------------------
| epoch   3 |   200/ 3263 batches | lr 20.00 | ms/batch 44.43 | loss  5.36 | ppl   212.92
| epoch   3 |   400/ 3263 batches | lr 20.00 | ms/batch 43.97 | loss  5.38 | ppl   217.76
| epoch   3 |   600/ 3263 batches | lr 20.00 | ms/batch 43.78 | loss  5.31 | ppl   201.96
| epoch   3 |   800/ 3263 batches | lr 20.00 | ms/batch 43.82 | loss  5.21 | ppl   183.95
| epoch   3 |  1000/ 3263 batches | lr 20.00 | ms/batch 43.54 | loss  5.31 | ppl   203.21
| epoch   3 |  1200/ 3263 batches | lr 20.00 | ms/batch 43.77 | loss  5.27 | ppl   194.30
| epoch   3 |  1400/ 3263 batches | lr 20.00 | ms/batch 43.34 | loss  5.35 | ppl   209.73
| epoch   3 |  1600/ 3263 batches | lr 20.00 | ms/batch 43.39 | loss  5.33 | ppl   207.22
| epoch   3 |  1800/ 3263 batches | lr 20.00 | ms/batch 44.20 | loss  5.39 | ppl   220.23
| epoch   3 |  2000/ 3263 batches | lr 20.00 | ms/batch 43.44 | loss  5.32 | ppl   204.49
| epoch   3 |  2200/ 3263 batches | lr 20.00 | ms/batch 44.22 | loss  5.36 | ppl   212.02
| epoch   3 |  2400/ 3263 batches | lr 20.00 | ms/batch 43.85 | loss  5.34 | ppl   207.80
| epoch   3 |  2600/ 3263 batches | lr 20.00 | ms/batch 44.27 | loss  5.65 | ppl   284.60
| epoch   3 |  2800/ 3263 batches | lr 20.00 | ms/batch 43.77 | loss  6.34 | ppl   569.49
| epoch   3 |  3000/ 3263 batches | lr 20.00 | ms/batch 43.38 | loss  6.73 | ppl   841.01
| epoch   3 |  3200/ 3263 batches | lr 20.00 | ms/batch 43.84 | loss  6.83 | ppl   924.21
-----------------------------------------------------------------------------------------
| end of epoch   3 | time: 148.26s | valid loss  6.45 | valid ppl   633.94
-----------------------------------------------------------------------------------------
| epoch   4 |   200/ 3263 batches | lr 5.00 | ms/batch 44.18 | loss  6.60 | ppl   733.93
| epoch   4 |   400/ 3263 batches | lr 5.00 | ms/batch 43.54 | loss  6.35 | ppl   572.21
| epoch   4 |   600/ 3263 batches | lr 5.00 | ms/batch 43.99 | loss  6.13 | ppl   458.32
| epoch   4 |   800/ 3263 batches | lr 5.00 | ms/batch 44.29 | loss  6.04 | ppl   421.85
| epoch   4 |  1000/ 3263 batches | lr 5.00 | ms/batch 43.58 | loss  6.03 | ppl   414.57
| epoch   4 |  1200/ 3263 batches | lr 5.00 | ms/batch 43.92 | loss  6.00 | ppl   401.77
| epoch   4 |  1400/ 3263 batches | lr 5.00 | ms/batch 43.52 | loss  6.04 | ppl   418.13
| epoch   4 |  1600/ 3263 batches | lr 5.00 | ms/batch 44.36 | loss  5.94 | ppl   381.73
| epoch   4 |  1800/ 3263 batches | lr 5.00 | ms/batch 43.19 | loss  5.99 | ppl   401.07
| epoch   4 |  2000/ 3263 batches | lr 5.00 | ms/batch 43.84 | loss  5.94 | ppl   378.81
| epoch   4 |  2200/ 3263 batches | lr 5.00 | ms/batch 44.65 | loss  5.94 | ppl   379.67
| epoch   4 |  2400/ 3263 batches | lr 5.00 | ms/batch 43.47 | loss  5.84 | ppl   345.14
| epoch   4 |  2600/ 3263 batches | lr 5.00 | ms/batch 43.64 | loss  5.93 | ppl   378.03
| epoch   4 |  2800/ 3263 batches | lr 5.00 | ms/batch 43.35 | loss  6.03 | ppl   416.42
| epoch   4 |  3000/ 3263 batches | lr 5.00 | ms/batch 43.10 | loss  6.00 | ppl   402.86
| epoch   4 |  3200/ 3263 batches | lr 5.00 | ms/batch 43.89 | loss  5.94 | ppl   381.09
-----------------------------------------------------------------------------------------
| end of epoch   4 | time: 148.09s | valid loss  5.71 | valid ppl   301.58
-----------------------------------------------------------------------------------------
| epoch   5 |   200/ 3263 batches | lr 1.25 | ms/batch 42.16 | loss  6.04 | ppl   419.85
| epoch   5 |   400/ 3263 batches | lr 1.25 | ms/batch 44.14 | loss  6.01 | ppl   407.35
| epoch   5 |   600/ 3263 batches | lr 1.25 | ms/batch 41.96 | loss  5.88 | ppl   357.46
| epoch   5 |   800/ 3263 batches | lr 1.25 | ms/batch 42.42 | loss  5.86 | ppl   349.50
| epoch   5 |  1000/ 3263 batches | lr 1.25 | ms/batch 42.45 | loss  5.90 | ppl   365.63
| epoch   5 |  1200/ 3263 batches | lr 1.25 | ms/batch 42.44 | loss  5.83 | ppl   341.40
| epoch   5 |  1400/ 3263 batches | lr 1.25 | ms/batch 43.74 | loss  5.89 | ppl   361.52
| epoch   5 |  1600/ 3263 batches | lr 1.25 | ms/batch 42.39 | loss  5.81 | ppl   333.97
| epoch   5 |  1800/ 3263 batches | lr 1.25 | ms/batch 42.80 | loss  5.86 | ppl   352.32
| epoch   5 |  2000/ 3263 batches | lr 1.25 | ms/batch 42.57 | loss  5.79 | ppl   326.28
| epoch   5 |  2200/ 3263 batches | lr 1.25 | ms/batch 43.10 | loss  5.79 | ppl   326.41
| epoch   5 |  2400/ 3263 batches | lr 1.25 | ms/batch 43.71 | loss  5.69 | ppl   295.04
| epoch   5 |  2600/ 3263 batches | lr 1.25 | ms/batch 42.46 | loss  5.78 | ppl   324.54
| epoch   5 |  2800/ 3263 batches | lr 1.25 | ms/batch 42.51 | loss  5.87 | ppl   354.03
| epoch   5 |  3000/ 3263 batches | lr 1.25 | ms/batch 42.09 | loss  5.83 | ppl   341.21
| epoch   5 |  3200/ 3263 batches | lr 1.25 | ms/batch 42.02 | loss  5.78 | ppl   322.88
-----------------------------------------------------------------------------------------
| end of epoch   5 | time: 144.56s | valid loss  5.58 | valid ppl   264.82
-----------------------------------------------------------------------------------------
| epoch   6 |   200/ 3263 batches | lr 0.31 | ms/batch 45.33 | loss  5.89 | ppl   360.91
| epoch   6 |   400/ 3263 batches | lr 0.31 | ms/batch 44.24 | loss  5.87 | ppl   354.01
| epoch   6 |   600/ 3263 batches | lr 0.31 | ms/batch 44.40 | loss  5.75 | ppl   313.02
| epoch   6 |   800/ 3263 batches | lr 0.31 | ms/batch 45.10 | loss  5.72 | ppl   304.31
| epoch   6 |  1000/ 3263 batches | lr 0.31 | ms/batch 45.21 | loss  5.77 | ppl   321.10
| epoch   6 |  1200/ 3263 batches | lr 0.31 | ms/batch 45.00 | loss  5.71 | ppl   301.50
| epoch   6 |  1400/ 3263 batches | lr 0.31 | ms/batch 44.34 | loss  5.77 | ppl   319.77
| epoch   6 |  1600/ 3263 batches | lr 0.31 | ms/batch 44.95 | loss  5.70 | ppl   299.68
| epoch   6 |  1800/ 3263 batches | lr 0.31 | ms/batch 44.68 | loss  5.76 | ppl   317.23
| epoch   6 |  2000/ 3263 batches | lr 0.31 | ms/batch 44.69 | loss  5.69 | ppl   294.62
| epoch   6 |  2200/ 3263 batches | lr 0.31 | ms/batch 44.62 | loss  5.70 | ppl   299.69
| epoch   6 |  2400/ 3263 batches | lr 0.31 | ms/batch 45.14 | loss  5.60 | ppl   269.98
| epoch   6 |  2600/ 3263 batches | lr 0.31 | ms/batch 45.10 | loss  5.70 | ppl   300.31
| epoch   6 |  2800/ 3263 batches | lr 0.31 | ms/batch 44.28 | loss  5.80 | ppl   330.59
| epoch   6 |  3000/ 3263 batches | lr 0.31 | ms/batch 45.11 | loss  5.77 | ppl   320.27
| epoch   6 |  3200/ 3263 batches | lr 0.31 | ms/batch 44.72 | loss  5.72 | ppl   303.50
-----------------------------------------------------------------------------------------
| end of epoch   6 | time: 151.70s | valid loss  5.55 | valid ppl   256.19
-----------------------------------------------------------------------------------------
| epoch   7 |   200/ 3263 batches | lr 0.08 | ms/batch 44.92 | loss  5.83 | ppl   341.41
| epoch   7 |   400/ 3263 batches | lr 0.08 | ms/batch 44.67 | loss  5.82 | ppl   338.24
| epoch   7 |   600/ 3263 batches | lr 0.08 | ms/batch 45.19 | loss  5.72 | ppl   304.37
| epoch   7 |   800/ 3263 batches | lr 0.08 | ms/batch 44.93 | loss  5.68 | ppl   293.33
| epoch   7 |  1000/ 3263 batches | lr 0.08 | ms/batch 45.00 | loss  5.74 | ppl   311.33
| epoch   7 |  1200/ 3263 batches | lr 0.08 | ms/batch 43.42 | loss  5.68 | ppl   292.73
| epoch   7 |  1400/ 3263 batches | lr 0.08 | ms/batch 44.21 | loss  5.74 | ppl   311.62
| epoch   7 |  1600/ 3263 batches | lr 0.08 | ms/batch 43.50 | loss  5.68 | ppl   291.69
| epoch   7 |  1800/ 3263 batches | lr 0.08 | ms/batch 44.22 | loss  5.73 | ppl   308.19
| epoch   7 |  2000/ 3263 batches | lr 0.08 | ms/batch 43.92 | loss  5.66 | ppl   286.57
| epoch   7 |  2200/ 3263 batches | lr 0.08 | ms/batch 43.48 | loss  5.67 | ppl   289.61
| epoch   7 |  2400/ 3263 batches | lr 0.08 | ms/batch 44.23 | loss  5.57 | ppl   262.46
| epoch   7 |  2600/ 3263 batches | lr 0.08 | ms/batch 44.60 | loss  5.68 | ppl   291.99
| epoch   7 |  2800/ 3263 batches | lr 0.08 | ms/batch 44.30 | loss  5.79 | ppl   326.38
| epoch   7 |  3000/ 3263 batches | lr 0.08 | ms/batch 44.35 | loss  5.75 | ppl   313.55
| epoch   7 |  3200/ 3263 batches | lr 0.08 | ms/batch 43.99 | loss  5.70 | ppl   297.44
-----------------------------------------------------------------------------------------
| end of epoch   7 | time: 149.96s | valid loss  5.54 | valid ppl   254.04
-----------------------------------------------------------------------------------------
| epoch   8 |   200/ 3263 batches | lr 0.02 | ms/batch 43.58 | loss  5.82 | ppl   338.47
| epoch   8 |   400/ 3263 batches | lr 0.02 | ms/batch 43.57 | loss  5.81 | ppl   334.14
| epoch   8 |   600/ 3263 batches | lr 0.02 | ms/batch 43.90 | loss  5.70 | ppl   299.08
| epoch   8 |   800/ 3263 batches | lr 0.02 | ms/batch 44.27 | loss  5.67 | ppl   290.80
| epoch   8 |  1000/ 3263 batches | lr 0.02 | ms/batch 43.50 | loss  5.73 | ppl   308.84
| epoch   8 |  1200/ 3263 batches | lr 0.02 | ms/batch 43.83 | loss  5.66 | ppl   287.83
| epoch   8 |  1400/ 3263 batches | lr 0.02 | ms/batch 43.72 | loss  5.73 | ppl   308.26
| epoch   8 |  1600/ 3263 batches | lr 0.02 | ms/batch 43.90 | loss  5.66 | ppl   287.29
| epoch   8 |  1800/ 3263 batches | lr 0.02 | ms/batch 43.62 | loss  5.72 | ppl   305.25
| epoch   8 |  2000/ 3263 batches | lr 0.02 | ms/batch 43.72 | loss  5.65 | ppl   283.01
| epoch   8 |  2200/ 3263 batches | lr 0.02 | ms/batch 44.15 | loss  5.66 | ppl   287.91
| epoch   8 |  2400/ 3263 batches | lr 0.02 | ms/batch 44.03 | loss  5.57 | ppl   261.92
| epoch   8 |  2600/ 3263 batches | lr 0.02 | ms/batch 43.22 | loss  5.67 | ppl   291.08
| epoch   8 |  2800/ 3263 batches | lr 0.02 | ms/batch 44.47 | loss  5.77 | ppl   321.91
| epoch   8 |  3000/ 3263 batches | lr 0.02 | ms/batch 43.63 | loss  5.74 | ppl   311.07
| epoch   8 |  3200/ 3263 batches | lr 0.02 | ms/batch 44.84 | loss  5.69 | ppl   295.01
-----------------------------------------------------------------------------------------
| end of epoch   8 | time: 148.49s | valid loss  5.54 | valid ppl   253.82
-----------------------------------------------------------------------------------------
| epoch   9 |   200/ 3263 batches | lr 0.00 | ms/batch 44.52 | loss  5.82 | ppl   336.05
| epoch   9 |   400/ 3263 batches | lr 0.00 | ms/batch 42.98 | loss  5.81 | ppl   332.72
| epoch   9 |   600/ 3263 batches | lr 0.00 | ms/batch 43.07 | loss  5.69 | ppl   296.14
| epoch   9 |   800/ 3263 batches | lr 0.00 | ms/batch 42.15 | loss  5.67 | ppl   289.54
| epoch   9 |  1000/ 3263 batches | lr 0.00 | ms/batch 43.80 | loss  5.73 | ppl   308.12
| epoch   9 |  1200/ 3263 batches | lr 0.00 | ms/batch 42.57 | loss  5.66 | ppl   286.65
| epoch   9 |  1400/ 3263 batches | lr 0.00 | ms/batch 43.85 | loss  5.73 | ppl   307.23
| epoch   9 |  1600/ 3263 batches | lr 0.00 | ms/batch 42.53 | loss  5.66 | ppl   287.27
| epoch   9 |  1800/ 3263 batches | lr 0.00 | ms/batch 43.16 | loss  5.72 | ppl   305.71
| epoch   9 |  2000/ 3263 batches | lr 0.00 | ms/batch 43.21 | loss  5.64 | ppl   282.74
| epoch   9 |  2200/ 3263 batches | lr 0.00 | ms/batch 43.40 | loss  5.66 | ppl   286.52
| epoch   9 |  2400/ 3263 batches | lr 0.00 | ms/batch 42.42 | loss  5.56 | ppl   261.11
| epoch   9 |  2600/ 3263 batches | lr 0.00 | ms/batch 42.86 | loss  5.68 | ppl   291.60
| epoch   9 |  2800/ 3263 batches | lr 0.00 | ms/batch 43.31 | loss  5.77 | ppl   320.86
| epoch   9 |  3000/ 3263 batches | lr 0.00 | ms/batch 43.07 | loss  5.74 | ppl   312.32
| epoch   9 |  3200/ 3263 batches | lr 0.00 | ms/batch 42.67 | loss  5.69 | ppl   295.59
-----------------------------------------------------------------------------------------
| end of epoch   9 | time: 145.99s | valid loss  5.54 | valid ppl   253.76
-----------------------------------------------------------------------------------------
| epoch  10 |   200/ 3263 batches | lr 0.00 | ms/batch 45.36 | loss  5.81 | ppl   334.81
| epoch  10 |   400/ 3263 batches | lr 0.00 | ms/batch 45.51 | loss  5.81 | ppl   332.10
| epoch  10 |   600/ 3263 batches | lr 0.00 | ms/batch 44.74 | loss  5.69 | ppl   297.14
| epoch  10 |   800/ 3263 batches | lr 0.00 | ms/batch 44.79 | loss  5.67 | ppl   289.63
| epoch  10 |  1000/ 3263 batches | lr 0.00 | ms/batch 45.59 | loss  5.72 | ppl   305.25
| epoch  10 |  1200/ 3263 batches | lr 0.00 | ms/batch 44.74 | loss  5.66 | ppl   288.25
| epoch  10 |  1400/ 3263 batches | lr 0.00 | ms/batch 45.16 | loss  5.72 | ppl   305.29
| epoch  10 |  1600/ 3263 batches | lr 0.00 | ms/batch 44.36 | loss  5.66 | ppl   286.16
| epoch  10 |  1800/ 3263 batches | lr 0.00 | ms/batch 45.47 | loss  5.72 | ppl   304.36
| epoch  10 |  2000/ 3263 batches | lr 0.00 | ms/batch 45.20 | loss  5.65 | ppl   283.36
| epoch  10 |  2200/ 3263 batches | lr 0.00 | ms/batch 44.27 | loss  5.67 | ppl   288.65
| epoch  10 |  2400/ 3263 batches | lr 0.00 | ms/batch 44.60 | loss  5.57 | ppl   261.49
| epoch  10 |  2600/ 3263 batches | lr 0.00 | ms/batch 45.62 | loss  5.67 | ppl   288.62
| epoch  10 |  2800/ 3263 batches | lr 0.00 | ms/batch 44.88 | loss  5.76 | ppl   318.78
| epoch  10 |  3000/ 3263 batches | lr 0.00 | ms/batch 45.48 | loss  5.75 | ppl   313.36
| epoch  10 |  3200/ 3263 batches | lr 0.00 | ms/batch 43.82 | loss  5.69 | ppl   295.39
-----------------------------------------------------------------------------------------
| end of epoch  10 | time: 152.20s | valid loss  5.54 | valid ppl   253.57
-----------------------------------------------------------------------------------------
=========================================================================================
| End of training | test loss  5.36 | test ppl   212.47
=========================================================================================
