python /home/drr342/dl/assignments/hw3/examples/word_language_model/main.py --data /home/drr342/dl/assignments/hw3/examples/word_language_model/data/wikitext-2 --save /home/drr342/dl/assignments/hw3/models/LSTM'_'100'_'4'_'64.pt --cuda --model LSTM --epochs 10 --emsize 100 --nlayers 4 --bptt 64

| epoch   1 |   200/ 1631 batches | lr 20.00 | ms/batch 114.72 | loss  7.80 | ppl  2447.83
| epoch   1 |   400/ 1631 batches | lr 20.00 | ms/batch 114.12 | loss  7.32 | ppl  1509.27
| epoch   1 |   600/ 1631 batches | lr 20.00 | ms/batch 113.82 | loss  7.26 | ppl  1423.45
| epoch   1 |   800/ 1631 batches | lr 20.00 | ms/batch 114.69 | loss  7.20 | ppl  1338.81
| epoch   1 |  1000/ 1631 batches | lr 20.00 | ms/batch 114.03 | loss  7.18 | ppl  1310.75
| epoch   1 |  1200/ 1631 batches | lr 20.00 | ms/batch 113.69 | loss  7.17 | ppl  1304.28
| epoch   1 |  1400/ 1631 batches | lr 20.00 | ms/batch 115.27 | loss  7.11 | ppl  1223.85
| epoch   1 |  1600/ 1631 batches | lr 20.00 | ms/batch 113.80 | loss  6.83 | ppl   925.05
-----------------------------------------------------------------------------------------
| end of epoch   1 | time: 192.66s | valid loss  6.55 | valid ppl   699.02
-----------------------------------------------------------------------------------------
| epoch   2 |   200/ 1631 batches | lr 20.00 | ms/batch 117.00 | loss  6.64 | ppl   763.39
| epoch   2 |   400/ 1631 batches | lr 20.00 | ms/batch 115.24 | loss  6.45 | ppl   635.03
| epoch   2 |   600/ 1631 batches | lr 20.00 | ms/batch 114.39 | loss  6.39 | ppl   594.31
| epoch   2 |   800/ 1631 batches | lr 20.00 | ms/batch 116.69 | loss  6.30 | ppl   542.57
| epoch   2 |  1000/ 1631 batches | lr 20.00 | ms/batch 118.81 | loss  6.23 | ppl   505.38
| epoch   2 |  1200/ 1631 batches | lr 20.00 | ms/batch 116.18 | loss  6.11 | ppl   452.29
| epoch   2 |  1400/ 1631 batches | lr 20.00 | ms/batch 115.69 | loss  6.06 | ppl   428.36
| epoch   2 |  1600/ 1631 batches | lr 20.00 | ms/batch 116.49 | loss  5.94 | ppl   379.53
-----------------------------------------------------------------------------------------
| end of epoch   2 | time: 195.91s | valid loss  5.86 | valid ppl   349.82
-----------------------------------------------------------------------------------------
| epoch   3 |   200/ 1631 batches | lr 20.00 | ms/batch 118.06 | loss  5.93 | ppl   377.60
| epoch   3 |   400/ 1631 batches | lr 20.00 | ms/batch 115.00 | loss  5.81 | ppl   332.25
| epoch   3 |   600/ 1631 batches | lr 20.00 | ms/batch 114.15 | loss  5.79 | ppl   328.01
| epoch   3 |   800/ 1631 batches | lr 20.00 | ms/batch 113.70 | loss  5.76 | ppl   317.45
| epoch   3 |  1000/ 1631 batches | lr 20.00 | ms/batch 115.93 | loss  5.73 | ppl   309.16
| epoch   3 |  1200/ 1631 batches | lr 20.00 | ms/batch 117.01 | loss  5.65 | ppl   285.32
| epoch   3 |  1400/ 1631 batches | lr 20.00 | ms/batch 116.56 | loss  5.64 | ppl   280.18
| epoch   3 |  1600/ 1631 batches | lr 20.00 | ms/batch 115.83 | loss  5.54 | ppl   253.51
-----------------------------------------------------------------------------------------
| end of epoch   3 | time: 195.01s | valid loss  5.55 | valid ppl   256.00
-----------------------------------------------------------------------------------------
| epoch   4 |   200/ 1631 batches | lr 20.00 | ms/batch 117.46 | loss  5.60 | ppl   269.14
| epoch   4 |   400/ 1631 batches | lr 20.00 | ms/batch 117.96 | loss  5.45 | ppl   232.74
| epoch   4 |   600/ 1631 batches | lr 20.00 | ms/batch 117.58 | loss  5.47 | ppl   236.84
| epoch   4 |   800/ 1631 batches | lr 20.00 | ms/batch 118.32 | loss  5.46 | ppl   235.99
| epoch   4 |  1000/ 1631 batches | lr 20.00 | ms/batch 117.56 | loss  5.46 | ppl   235.51
| epoch   4 |  1200/ 1631 batches | lr 20.00 | ms/batch 116.76 | loss  5.38 | ppl   216.61
| epoch   4 |  1400/ 1631 batches | lr 20.00 | ms/batch 119.62 | loss  5.38 | ppl   216.92
| epoch   4 |  1600/ 1631 batches | lr 20.00 | ms/batch 116.94 | loss  5.30 | ppl   200.01
-----------------------------------------------------------------------------------------
| end of epoch   4 | time: 198.10s | valid loss  5.38 | valid ppl   217.25
-----------------------------------------------------------------------------------------
| epoch   5 |   200/ 1631 batches | lr 20.00 | ms/batch 119.19 | loss  5.38 | ppl   217.96
| epoch   5 |   400/ 1631 batches | lr 20.00 | ms/batch 117.44 | loss  5.24 | ppl   188.15
| epoch   5 |   600/ 1631 batches | lr 20.00 | ms/batch 116.23 | loss  5.27 | ppl   193.81
| epoch   5 |   800/ 1631 batches | lr 20.00 | ms/batch 118.95 | loss  5.28 | ppl   196.15
| epoch   5 |  1000/ 1631 batches | lr 20.00 | ms/batch 119.14 | loss  5.28 | ppl   196.60
| epoch   5 |  1200/ 1631 batches | lr 20.00 | ms/batch 116.65 | loss  5.20 | ppl   181.22
| epoch   5 |  1400/ 1631 batches | lr 20.00 | ms/batch 119.45 | loss  5.20 | ppl   181.92
| epoch   5 |  1600/ 1631 batches | lr 20.00 | ms/batch 119.64 | loss  5.14 | ppl   170.34
-----------------------------------------------------------------------------------------
| end of epoch   5 | time: 199.16s | valid loss  5.33 | valid ppl   205.59
-----------------------------------------------------------------------------------------
| epoch   6 |   200/ 1631 batches | lr 20.00 | ms/batch 121.16 | loss  5.23 | ppl   186.87
| epoch   6 |   400/ 1631 batches | lr 20.00 | ms/batch 117.37 | loss  5.08 | ppl   161.39
| epoch   6 |   600/ 1631 batches | lr 20.00 | ms/batch 119.43 | loss  5.12 | ppl   167.29
| epoch   6 |   800/ 1631 batches | lr 20.00 | ms/batch 118.68 | loss  5.14 | ppl   170.85
| epoch   6 |  1000/ 1631 batches | lr 20.00 | ms/batch 115.81 | loss  5.15 | ppl   172.80
| epoch   6 |  1200/ 1631 batches | lr 20.00 | ms/batch 118.87 | loss  5.07 | ppl   159.22
| epoch   6 |  1400/ 1631 batches | lr 20.00 | ms/batch 117.25 | loss  5.07 | ppl   159.51
| epoch   6 |  1600/ 1631 batches | lr 20.00 | ms/batch 116.75 | loss  5.02 | ppl   151.12
-----------------------------------------------------------------------------------------
| end of epoch   6 | time: 198.80s | valid loss  5.22 | valid ppl   184.77
-----------------------------------------------------------------------------------------
| epoch   7 |   200/ 1631 batches | lr 20.00 | ms/batch 120.68 | loss  5.12 | ppl   166.61
| epoch   7 |   400/ 1631 batches | lr 20.00 | ms/batch 117.30 | loss  4.97 | ppl   143.45
| epoch   7 |   600/ 1631 batches | lr 20.00 | ms/batch 118.96 | loss  5.01 | ppl   149.72
| epoch   7 |   800/ 1631 batches | lr 20.00 | ms/batch 116.30 | loss  5.04 | ppl   154.11
| epoch   7 |  1000/ 1631 batches | lr 20.00 | ms/batch 115.73 | loss  5.05 | ppl   156.03
| epoch   7 |  1200/ 1631 batches | lr 20.00 | ms/batch 115.28 | loss  4.97 | ppl   144.04
| epoch   7 |  1400/ 1631 batches | lr 20.00 | ms/batch 116.62 | loss  4.97 | ppl   144.20
| epoch   7 |  1600/ 1631 batches | lr 20.00 | ms/batch 117.67 | loss  4.92 | ppl   137.54
-----------------------------------------------------------------------------------------
| end of epoch   7 | time: 197.71s | valid loss  5.19 | valid ppl   178.83
-----------------------------------------------------------------------------------------
| epoch   8 |   200/ 1631 batches | lr 20.00 | ms/batch 117.01 | loss  5.02 | ppl   151.27
| epoch   8 |   400/ 1631 batches | lr 20.00 | ms/batch 117.94 | loss  4.88 | ppl   131.33
| epoch   8 |   600/ 1631 batches | lr 20.00 | ms/batch 117.58 | loss  4.92 | ppl   136.93
| epoch   8 |   800/ 1631 batches | lr 20.00 | ms/batch 118.78 | loss  4.96 | ppl   141.93
| epoch   8 |  1000/ 1631 batches | lr 20.00 | ms/batch 117.96 | loss  4.97 | ppl   143.78
| epoch   8 |  1200/ 1631 batches | lr 20.00 | ms/batch 115.57 | loss  4.89 | ppl   132.84
| epoch   8 |  1400/ 1631 batches | lr 20.00 | ms/batch 117.01 | loss  4.89 | ppl   132.48
| epoch   8 |  1600/ 1631 batches | lr 20.00 | ms/batch 119.69 | loss  4.84 | ppl   126.97
-----------------------------------------------------------------------------------------
| end of epoch   8 | time: 197.98s | valid loss  5.15 | valid ppl   172.36
-----------------------------------------------------------------------------------------
| epoch   9 |   200/ 1631 batches | lr 20.00 | ms/batch 117.70 | loss  4.94 | ppl   139.73
| epoch   9 |   400/ 1631 batches | lr 20.00 | ms/batch 118.41 | loss  4.80 | ppl   121.14
| epoch   9 |   600/ 1631 batches | lr 20.00 | ms/batch 116.87 | loss  4.84 | ppl   126.50
| epoch   9 |   800/ 1631 batches | lr 20.00 | ms/batch 116.09 | loss  4.88 | ppl   131.55
| epoch   9 |  1000/ 1631 batches | lr 20.00 | ms/batch 118.41 | loss  4.90 | ppl   134.57
| epoch   9 |  1200/ 1631 batches | lr 20.00 | ms/batch 118.01 | loss  4.82 | ppl   123.37
| epoch   9 |  1400/ 1631 batches | lr 20.00 | ms/batch 117.25 | loss  4.82 | ppl   123.69
| epoch   9 |  1600/ 1631 batches | lr 20.00 | ms/batch 118.09 | loss  4.78 | ppl   119.33
-----------------------------------------------------------------------------------------
| end of epoch   9 | time: 197.99s | valid loss  5.12 | valid ppl   168.10
-----------------------------------------------------------------------------------------
| epoch  10 |   200/ 1631 batches | lr 20.00 | ms/batch 117.65 | loss  4.88 | ppl   131.33
| epoch  10 |   400/ 1631 batches | lr 20.00 | ms/batch 117.67 | loss  4.73 | ppl   113.13
| epoch  10 |   600/ 1631 batches | lr 20.00 | ms/batch 121.34 | loss  4.78 | ppl   119.31
| epoch  10 |   800/ 1631 batches | lr 20.00 | ms/batch 120.01 | loss  4.82 | ppl   124.29
| epoch  10 |  1000/ 1631 batches | lr 20.00 | ms/batch 120.82 | loss  4.85 | ppl   127.45
| epoch  10 |  1200/ 1631 batches | lr 20.00 | ms/batch 117.99 | loss  4.76 | ppl   116.92
| epoch  10 |  1400/ 1631 batches | lr 20.00 | ms/batch 116.52 | loss  4.76 | ppl   116.80
| epoch  10 |  1600/ 1631 batches | lr 20.00 | ms/batch 119.81 | loss  4.73 | ppl   113.30
-----------------------------------------------------------------------------------------
| end of epoch  10 | time: 200.46s | valid loss  5.11 | valid ppl   166.24
-----------------------------------------------------------------------------------------
=========================================================================================
| End of training | test loss  5.04 | test ppl   154.49
=========================================================================================
