python /home/drr342/dl/assignments/hw3/examples/word_language_model/main.py --data /home/drr342/dl/assignments/hw3/examples/word_language_model/data/wikitext-2 --save /home/drr342/dl/assignments/hw3/models/LSTM'_'400'_'4'_'16.pt --cuda --model LSTM --epochs 10 --emsize 400 --nlayers 4 --bptt 16

| epoch   1 |   200/ 6526 batches | lr 20.00 | ms/batch 40.50 | loss  7.70 | ppl  2207.94
| epoch   1 |   400/ 6526 batches | lr 20.00 | ms/batch 39.28 | loss  7.27 | ppl  1441.26
| epoch   1 |   600/ 6526 batches | lr 20.00 | ms/batch 39.28 | loss  7.22 | ppl  1362.22
| epoch   1 |   800/ 6526 batches | lr 20.00 | ms/batch 39.25 | loss  7.15 | ppl  1278.78
| epoch   1 |  1000/ 6526 batches | lr 20.00 | ms/batch 39.32 | loss  7.06 | ppl  1166.31
| epoch   1 |  1200/ 6526 batches | lr 20.00 | ms/batch 39.35 | loss  6.79 | ppl   891.55
| epoch   1 |  1400/ 6526 batches | lr 20.00 | ms/batch 39.27 | loss  6.58 | ppl   718.53
| epoch   1 |  1600/ 6526 batches | lr 20.00 | ms/batch 39.33 | loss  6.51 | ppl   669.20
| epoch   1 |  1800/ 6526 batches | lr 20.00 | ms/batch 39.36 | loss  6.46 | ppl   640.95
| epoch   1 |  2000/ 6526 batches | lr 20.00 | ms/batch 39.34 | loss  6.36 | ppl   576.81
| epoch   1 |  2200/ 6526 batches | lr 20.00 | ms/batch 39.20 | loss  6.31 | ppl   549.39
| epoch   1 |  2400/ 6526 batches | lr 20.00 | ms/batch 39.30 | loss  6.23 | ppl   509.69
| epoch   1 |  2600/ 6526 batches | lr 20.00 | ms/batch 39.36 | loss  6.19 | ppl   486.50
| epoch   1 |  2800/ 6526 batches | lr 20.00 | ms/batch 39.35 | loss  6.14 | ppl   464.67
| epoch   1 |  3000/ 6526 batches | lr 20.00 | ms/batch 39.43 | loss  6.06 | ppl   428.21
| epoch   1 |  3200/ 6526 batches | lr 20.00 | ms/batch 39.40 | loss  6.03 | ppl   415.78
| epoch   1 |  3400/ 6526 batches | lr 20.00 | ms/batch 39.35 | loss  6.09 | ppl   440.60
| epoch   1 |  3600/ 6526 batches | lr 20.00 | ms/batch 39.36 | loss  6.00 | ppl   404.98
| epoch   1 |  3800/ 6526 batches | lr 20.00 | ms/batch 39.42 | loss  5.93 | ppl   376.98
| epoch   1 |  4000/ 6526 batches | lr 20.00 | ms/batch 39.36 | loss  5.94 | ppl   379.48
| epoch   1 |  4200/ 6526 batches | lr 20.00 | ms/batch 39.43 | loss  5.93 | ppl   375.18
| epoch   1 |  4400/ 6526 batches | lr 20.00 | ms/batch 39.39 | loss  5.87 | ppl   354.18
| epoch   1 |  4600/ 6526 batches | lr 20.00 | ms/batch 39.34 | loss  5.86 | ppl   349.64
| epoch   1 |  4800/ 6526 batches | lr 20.00 | ms/batch 39.42 | loss  5.75 | ppl   313.33
| epoch   1 |  5000/ 6526 batches | lr 20.00 | ms/batch 39.37 | loss  5.75 | ppl   313.23
| epoch   1 |  5200/ 6526 batches | lr 20.00 | ms/batch 39.34 | loss  5.82 | ppl   336.69
| epoch   1 |  5400/ 6526 batches | lr 20.00 | ms/batch 39.48 | loss  5.76 | ppl   318.56
| epoch   1 |  5600/ 6526 batches | lr 20.00 | ms/batch 39.39 | loss  5.77 | ppl   319.46
| epoch   1 |  5800/ 6526 batches | lr 20.00 | ms/batch 39.35 | loss  5.77 | ppl   319.71
| epoch   1 |  6000/ 6526 batches | lr 20.00 | ms/batch 39.52 | loss  5.61 | ppl   274.18
| epoch   1 |  6200/ 6526 batches | lr 20.00 | ms/batch 39.47 | loss  5.64 | ppl   281.47
| epoch   1 |  6400/ 6526 batches | lr 20.00 | ms/batch 39.32 | loss  5.59 | ppl   267.74
-----------------------------------------------------------------------------------------
| end of epoch   1 | time: 265.67s | valid loss  5.65 | valid ppl   285.05
-----------------------------------------------------------------------------------------
| epoch   2 |   200/ 6526 batches | lr 20.00 | ms/batch 39.57 | loss  5.64 | ppl   280.91
| epoch   2 |   400/ 6526 batches | lr 20.00 | ms/batch 39.31 | loss  5.64 | ppl   281.67
| epoch   2 |   600/ 6526 batches | lr 20.00 | ms/batch 39.23 | loss  5.62 | ppl   276.69
| epoch   2 |   800/ 6526 batches | lr 20.00 | ms/batch 39.29 | loss  5.68 | ppl   293.37
| epoch   2 |  1000/ 6526 batches | lr 20.00 | ms/batch 39.32 | loss  5.57 | ppl   262.17
| epoch   2 |  1200/ 6526 batches | lr 20.00 | ms/batch 39.40 | loss  5.52 | ppl   250.36
| epoch   2 |  1400/ 6526 batches | lr 20.00 | ms/batch 39.44 | loss  5.40 | ppl   220.92
| epoch   2 |  1600/ 6526 batches | lr 20.00 | ms/batch 39.36 | loss  5.48 | ppl   240.47
| epoch   2 |  1800/ 6526 batches | lr 20.00 | ms/batch 39.43 | loss  5.52 | ppl   250.84
| epoch   2 |  2000/ 6526 batches | lr 20.00 | ms/batch 39.40 | loss  5.49 | ppl   241.15
| epoch   2 |  2200/ 6526 batches | lr 20.00 | ms/batch 39.47 | loss  5.46 | ppl   234.06
| epoch   2 |  2400/ 6526 batches | lr 20.00 | ms/batch 39.43 | loss  5.44 | ppl   230.81
| epoch   2 |  2600/ 6526 batches | lr 20.00 | ms/batch 39.43 | loss  5.45 | ppl   233.73
| epoch   2 |  2800/ 6526 batches | lr 20.00 | ms/batch 39.41 | loss  5.49 | ppl   243.28
| epoch   2 |  3000/ 6526 batches | lr 20.00 | ms/batch 39.35 | loss  5.43 | ppl   227.46
| epoch   2 |  3200/ 6526 batches | lr 20.00 | ms/batch 39.44 | loss  5.45 | ppl   232.21
| epoch   2 |  3400/ 6526 batches | lr 20.00 | ms/batch 39.34 | loss  5.54 | ppl   253.52
| epoch   2 |  3600/ 6526 batches | lr 20.00 | ms/batch 39.37 | loss  5.42 | ppl   226.57
| epoch   2 |  3800/ 6526 batches | lr 20.00 | ms/batch 39.51 | loss  5.39 | ppl   218.14
| epoch   2 |  4000/ 6526 batches | lr 20.00 | ms/batch 39.41 | loss  5.42 | ppl   224.76
| epoch   2 |  4200/ 6526 batches | lr 20.00 | ms/batch 39.45 | loss  5.40 | ppl   220.83
| epoch   2 |  4400/ 6526 batches | lr 20.00 | ms/batch 39.53 | loss  5.37 | ppl   214.37
| epoch   2 |  4600/ 6526 batches | lr 20.00 | ms/batch 39.71 | loss  5.33 | ppl   206.31
| epoch   2 |  4800/ 6526 batches | lr 20.00 | ms/batch 39.54 | loss  5.27 | ppl   193.72
| epoch   2 |  5000/ 6526 batches | lr 20.00 | ms/batch 39.75 | loss  5.26 | ppl   192.97
| epoch   2 |  5200/ 6526 batches | lr 20.00 | ms/batch 39.48 | loss  5.36 | ppl   213.58
| epoch   2 |  5400/ 6526 batches | lr 20.00 | ms/batch 39.50 | loss  5.30 | ppl   200.78
| epoch   2 |  5600/ 6526 batches | lr 20.00 | ms/batch 39.58 | loss  5.34 | ppl   208.51
| epoch   2 |  5800/ 6526 batches | lr 20.00 | ms/batch 39.43 | loss  5.37 | ppl   214.34
| epoch   2 |  6000/ 6526 batches | lr 20.00 | ms/batch 39.75 | loss  5.21 | ppl   182.42
| epoch   2 |  6200/ 6526 batches | lr 20.00 | ms/batch 39.69 | loss  5.23 | ppl   186.71
| epoch   2 |  6400/ 6526 batches | lr 20.00 | ms/batch 39.77 | loss  5.18 | ppl   177.47
-----------------------------------------------------------------------------------------
| end of epoch   2 | time: 266.09s | valid loss  5.39 | valid ppl   218.45
-----------------------------------------------------------------------------------------
| epoch   3 |   200/ 6526 batches | lr 20.00 | ms/batch 39.80 | loss  5.28 | ppl   195.43
| epoch   3 |   400/ 6526 batches | lr 20.00 | ms/batch 39.60 | loss  5.29 | ppl   198.61
| epoch   3 |   600/ 6526 batches | lr 20.00 | ms/batch 39.57 | loss  5.27 | ppl   194.78
| epoch   3 |   800/ 6526 batches | lr 20.00 | ms/batch 39.47 | loss  5.36 | ppl   211.76
| epoch   3 |  1000/ 6526 batches | lr 20.00 | ms/batch 39.55 | loss  5.24 | ppl   187.78
| epoch   3 |  1200/ 6526 batches | lr 20.00 | ms/batch 39.69 | loss  5.18 | ppl   178.41
| epoch   3 |  1400/ 6526 batches | lr 20.00 | ms/batch 39.91 | loss  5.07 | ppl   159.70
| epoch   3 |  1600/ 6526 batches | lr 20.00 | ms/batch 39.90 | loss  5.16 | ppl   174.92
| epoch   3 |  1800/ 6526 batches | lr 20.00 | ms/batch 39.89 | loss  5.23 | ppl   186.55
| epoch   3 |  2000/ 6526 batches | lr 20.00 | ms/batch 39.72 | loss  5.20 | ppl   181.71
| epoch   3 |  2200/ 6526 batches | lr 20.00 | ms/batch 39.79 | loss  5.17 | ppl   175.35
| epoch   3 |  2400/ 6526 batches | lr 20.00 | ms/batch 39.79 | loss  5.15 | ppl   172.93
| epoch   3 |  2600/ 6526 batches | lr 20.00 | ms/batch 39.81 | loss  5.19 | ppl   178.59
| epoch   3 |  2800/ 6526 batches | lr 20.00 | ms/batch 39.71 | loss  5.25 | ppl   190.24
| epoch   3 |  3000/ 6526 batches | lr 20.00 | ms/batch 39.88 | loss  5.19 | ppl   179.28
| epoch   3 |  3200/ 6526 batches | lr 20.00 | ms/batch 39.80 | loss  5.19 | ppl   180.07
| epoch   3 |  3400/ 6526 batches | lr 20.00 | ms/batch 39.68 | loss  5.30 | ppl   200.26
| epoch   3 |  3600/ 6526 batches | lr 20.00 | ms/batch 40.04 | loss  5.18 | ppl   177.77
| epoch   3 |  3800/ 6526 batches | lr 20.00 | ms/batch 39.97 | loss  5.13 | ppl   169.17
| epoch   3 |  4000/ 6526 batches | lr 20.00 | ms/batch 39.89 | loss  5.18 | ppl   178.33
| epoch   3 |  4200/ 6526 batches | lr 20.00 | ms/batch 39.76 | loss  5.17 | ppl   176.59
| epoch   3 |  4400/ 6526 batches | lr 20.00 | ms/batch 39.87 | loss  5.15 | ppl   171.70
| epoch   3 |  4600/ 6526 batches | lr 20.00 | ms/batch 40.07 | loss  5.11 | ppl   166.16
| epoch   3 |  4800/ 6526 batches | lr 20.00 | ms/batch 39.98 | loss  5.04 | ppl   153.79
| epoch   3 |  5000/ 6526 batches | lr 20.00 | ms/batch 39.92 | loss  5.05 | ppl   155.68
| epoch   3 |  5200/ 6526 batches | lr 20.00 | ms/batch 39.97 | loss  5.15 | ppl   172.13
| epoch   3 |  5400/ 6526 batches | lr 20.00 | ms/batch 39.84 | loss  5.09 | ppl   162.68
| epoch   3 |  5600/ 6526 batches | lr 20.00 | ms/batch 40.02 | loss  5.11 | ppl   166.23
| epoch   3 |  5800/ 6526 batches | lr 20.00 | ms/batch 39.92 | loss  5.17 | ppl   175.64
| epoch   3 |  6000/ 6526 batches | lr 20.00 | ms/batch 40.21 | loss  5.00 | ppl   148.23
| epoch   3 |  6200/ 6526 batches | lr 20.00 | ms/batch 40.28 | loss  5.02 | ppl   150.66
| epoch   3 |  6400/ 6526 batches | lr 20.00 | ms/batch 40.19 | loss  5.00 | ppl   148.23
-----------------------------------------------------------------------------------------
| end of epoch   3 | time: 268.67s | valid loss  5.31 | valid ppl   202.61
-----------------------------------------------------------------------------------------
| epoch   4 |   200/ 6526 batches | lr 20.00 | ms/batch 40.15 | loss  5.09 | ppl   161.72
| epoch   4 |   400/ 6526 batches | lr 20.00 | ms/batch 39.91 | loss  5.10 | ppl   164.25
| epoch   4 |   600/ 6526 batches | lr 20.00 | ms/batch 39.93 | loss  5.07 | ppl   159.84
| epoch   4 |   800/ 6526 batches | lr 20.00 | ms/batch 39.85 | loss  5.18 | ppl   176.87
| epoch   4 |  1000/ 6526 batches | lr 20.00 | ms/batch 40.02 | loss  5.05 | ppl   155.50
| epoch   4 |  1200/ 6526 batches | lr 20.00 | ms/batch 40.10 | loss  5.01 | ppl   150.15
| epoch   4 |  1400/ 6526 batches | lr 20.00 | ms/batch 40.30 | loss  4.90 | ppl   133.80
| epoch   4 |  1600/ 6526 batches | lr 20.00 | ms/batch 40.14 | loss  5.00 | ppl   147.76
| epoch   4 |  1800/ 6526 batches | lr 20.00 | ms/batch 40.04 | loss  5.08 | ppl   160.13
| epoch   4 |  2000/ 6526 batches | lr 20.00 | ms/batch 40.02 | loss  5.04 | ppl   154.08
| epoch   4 |  2200/ 6526 batches | lr 20.00 | ms/batch 39.98 | loss  4.99 | ppl   146.78
| epoch   4 |  2400/ 6526 batches | lr 20.00 | ms/batch 40.21 | loss  5.00 | ppl   147.91
| epoch   4 |  2600/ 6526 batches | lr 20.00 | ms/batch 40.13 | loss  5.01 | ppl   150.31
| epoch   4 |  2800/ 6526 batches | lr 20.00 | ms/batch 39.96 | loss  5.09 | ppl   163.10
| epoch   4 |  3000/ 6526 batches | lr 20.00 | ms/batch 40.10 | loss  5.03 | ppl   152.83
| epoch   4 |  3200/ 6526 batches | lr 20.00 | ms/batch 40.04 | loss  5.04 | ppl   154.95
| epoch   4 |  3400/ 6526 batches | lr 20.00 | ms/batch 40.02 | loss  5.16 | ppl   173.69
| epoch   4 |  3600/ 6526 batches | lr 20.00 | ms/batch 40.02 | loss  5.04 | ppl   154.02
| epoch   4 |  3800/ 6526 batches | lr 20.00 | ms/batch 40.18 | loss  4.98 | ppl   145.95
| epoch   4 |  4000/ 6526 batches | lr 20.00 | ms/batch 40.11 | loss  5.04 | ppl   154.59
| epoch   4 |  4200/ 6526 batches | lr 20.00 | ms/batch 40.18 | loss  5.03 | ppl   153.13
| epoch   4 |  4400/ 6526 batches | lr 20.00 | ms/batch 40.27 | loss  5.02 | ppl   151.13
| epoch   4 |  4600/ 6526 batches | lr 20.00 | ms/batch 40.25 | loss  4.97 | ppl   143.35
| epoch   4 |  4800/ 6526 batches | lr 20.00 | ms/batch 40.28 | loss  4.90 | ppl   134.53
| epoch   4 |  5000/ 6526 batches | lr 20.00 | ms/batch 40.26 | loss  4.92 | ppl   136.68
| epoch   4 |  5200/ 6526 batches | lr 20.00 | ms/batch 40.27 | loss  5.02 | ppl   152.05
| epoch   4 |  5400/ 6526 batches | lr 20.00 | ms/batch 40.26 | loss  4.97 | ppl   143.68
| epoch   4 |  5600/ 6526 batches | lr 20.00 | ms/batch 40.26 | loss  4.98 | ppl   145.35
| epoch   4 |  5800/ 6526 batches | lr 20.00 | ms/batch 40.16 | loss  5.04 | ppl   155.02
| epoch   4 |  6000/ 6526 batches | lr 20.00 | ms/batch 40.13 | loss  4.89 | ppl   132.81
| epoch   4 |  6200/ 6526 batches | lr 20.00 | ms/batch 40.14 | loss  4.91 | ppl   135.65
| epoch   4 |  6400/ 6526 batches | lr 20.00 | ms/batch 40.41 | loss  4.88 | ppl   132.09
-----------------------------------------------------------------------------------------
| end of epoch   4 | time: 270.38s | valid loss  5.29 | valid ppl   197.36
-----------------------------------------------------------------------------------------
| epoch   5 |   200/ 6526 batches | lr 20.00 | ms/batch 40.38 | loss  4.97 | ppl   143.76
| epoch   5 |   400/ 6526 batches | lr 20.00 | ms/batch 40.32 | loss  4.98 | ppl   145.36
| epoch   5 |   600/ 6526 batches | lr 20.00 | ms/batch 40.23 | loss  4.96 | ppl   142.07
| epoch   5 |   800/ 6526 batches | lr 20.00 | ms/batch 40.16 | loss  5.06 | ppl   156.81
| epoch   5 |  1000/ 6526 batches | lr 20.00 | ms/batch 40.32 | loss  4.93 | ppl   138.56
| epoch   5 |  1200/ 6526 batches | lr 20.00 | ms/batch 40.20 | loss  4.89 | ppl   132.74
| epoch   5 |  1400/ 6526 batches | lr 20.00 | ms/batch 40.48 | loss  4.78 | ppl   118.60
| epoch   5 |  1600/ 6526 batches | lr 20.00 | ms/batch 40.39 | loss  4.88 | ppl   131.07
| epoch   5 |  1800/ 6526 batches | lr 20.00 | ms/batch 40.30 | loss  4.96 | ppl   142.04
| epoch   5 |  2000/ 6526 batches | lr 20.00 | ms/batch 40.20 | loss  4.93 | ppl   138.75
| epoch   5 |  2200/ 6526 batches | lr 20.00 | ms/batch 40.44 | loss  4.89 | ppl   133.19
| epoch   5 |  2400/ 6526 batches | lr 20.00 | ms/batch 40.45 | loss  4.90 | ppl   134.38
| epoch   5 |  2600/ 6526 batches | lr 20.00 | ms/batch 40.33 | loss  4.93 | ppl   137.86
| epoch   5 |  2800/ 6526 batches | lr 20.00 | ms/batch 40.50 | loss  5.01 | ppl   149.22
| epoch   5 |  3000/ 6526 batches | lr 20.00 | ms/batch 40.15 | loss  4.94 | ppl   139.22
| epoch   5 |  3200/ 6526 batches | lr 20.00 | ms/batch 40.22 | loss  4.94 | ppl   140.34
| epoch   5 |  3400/ 6526 batches | lr 20.00 | ms/batch 40.03 | loss  5.06 | ppl   157.64
| epoch   5 |  3600/ 6526 batches | lr 20.00 | ms/batch 40.22 | loss  4.94 | ppl   139.23
| epoch   5 |  3800/ 6526 batches | lr 20.00 | ms/batch 40.15 | loss  4.89 | ppl   132.79
| epoch   5 |  4000/ 6526 batches | lr 20.00 | ms/batch 40.06 | loss  4.95 | ppl   141.29
| epoch   5 |  4200/ 6526 batches | lr 20.00 | ms/batch 40.42 | loss  4.92 | ppl   137.21
| epoch   5 |  4400/ 6526 batches | lr 20.00 | ms/batch 40.07 | loss  4.92 | ppl   136.81
| epoch   5 |  4600/ 6526 batches | lr 20.00 | ms/batch 39.52 | loss  4.87 | ppl   130.41
| epoch   5 |  4800/ 6526 batches | lr 20.00 | ms/batch 40.31 | loss  4.81 | ppl   122.25
| epoch   5 |  5000/ 6526 batches | lr 20.00 | ms/batch 40.34 | loss  4.82 | ppl   124.20
| epoch   5 |  5200/ 6526 batches | lr 20.00 | ms/batch 40.05 | loss  4.92 | ppl   137.46
| epoch   5 |  5400/ 6526 batches | lr 20.00 | ms/batch 40.40 | loss  4.85 | ppl   127.95
| epoch   5 |  5600/ 6526 batches | lr 20.00 | ms/batch 40.31 | loss  4.89 | ppl   132.46
| epoch   5 |  5800/ 6526 batches | lr 20.00 | ms/batch 40.20 | loss  4.96 | ppl   142.50
| epoch   5 |  6000/ 6526 batches | lr 20.00 | ms/batch 39.99 | loss  4.80 | ppl   121.14
| epoch   5 |  6200/ 6526 batches | lr 20.00 | ms/batch 40.46 | loss  4.81 | ppl   122.77
| epoch   5 |  6400/ 6526 batches | lr 20.00 | ms/batch 39.48 | loss  4.80 | ppl   120.94
-----------------------------------------------------------------------------------------
| end of epoch   5 | time: 270.93s | valid loss  5.20 | valid ppl   180.94
-----------------------------------------------------------------------------------------
| epoch   6 |   200/ 6526 batches | lr 20.00 | ms/batch 40.28 | loss  4.89 | ppl   132.58
| epoch   6 |   400/ 6526 batches | lr 20.00 | ms/batch 40.25 | loss  4.90 | ppl   134.07
| epoch   6 |   600/ 6526 batches | lr 20.00 | ms/batch 40.15 | loss  4.88 | ppl   131.97
| epoch   6 |   800/ 6526 batches | lr 20.00 | ms/batch 40.43 | loss  4.96 | ppl   143.11
| epoch   6 |  1000/ 6526 batches | lr 20.00 | ms/batch 39.81 | loss  4.84 | ppl   126.58
| epoch   6 |  1200/ 6526 batches | lr 20.00 | ms/batch 40.05 | loss  4.80 | ppl   121.31
| epoch   6 |  1400/ 6526 batches | lr 20.00 | ms/batch 39.85 | loss  4.69 | ppl   108.64
| epoch   6 |  1600/ 6526 batches | lr 20.00 | ms/batch 40.91 | loss  4.78 | ppl   119.51
| epoch   6 |  1800/ 6526 batches | lr 20.00 | ms/batch 40.80 | loss  4.87 | ppl   130.07
| epoch   6 |  2000/ 6526 batches | lr 20.00 | ms/batch 40.21 | loss  4.85 | ppl   127.26
| epoch   6 |  2200/ 6526 batches | lr 20.00 | ms/batch 40.48 | loss  4.81 | ppl   123.34
| epoch   6 |  2400/ 6526 batches | lr 20.00 | ms/batch 40.33 | loss  4.82 | ppl   123.73
| epoch   6 |  2600/ 6526 batches | lr 20.00 | ms/batch 40.32 | loss  4.84 | ppl   126.41
| epoch   6 |  2800/ 6526 batches | lr 20.00 | ms/batch 40.53 | loss  4.92 | ppl   136.38
| epoch   6 |  3000/ 6526 batches | lr 20.00 | ms/batch 40.38 | loss  4.85 | ppl   127.98
| epoch   6 |  3200/ 6526 batches | lr 20.00 | ms/batch 40.33 | loss  4.86 | ppl   128.75
| epoch   6 |  3400/ 6526 batches | lr 20.00 | ms/batch 40.74 | loss  4.98 | ppl   145.58
| epoch   6 |  3600/ 6526 batches | lr 20.00 | ms/batch 40.98 | loss  4.86 | ppl   129.12
| epoch   6 |  3800/ 6526 batches | lr 20.00 | ms/batch 40.75 | loss  4.82 | ppl   123.59
| epoch   6 |  4000/ 6526 batches | lr 20.00 | ms/batch 40.47 | loss  4.87 | ppl   129.82
| epoch   6 |  4200/ 6526 batches | lr 20.00 | ms/batch 40.55 | loss  4.85 | ppl   128.12
| epoch   6 |  4400/ 6526 batches | lr 20.00 | ms/batch 39.87 | loss  4.84 | ppl   126.44
| epoch   6 |  4600/ 6526 batches | lr 20.00 | ms/batch 40.61 | loss  4.80 | ppl   121.04
| epoch   6 |  4800/ 6526 batches | lr 20.00 | ms/batch 40.34 | loss  4.73 | ppl   113.21
| epoch   6 |  5000/ 6526 batches | lr 20.00 | ms/batch 39.70 | loss  4.75 | ppl   115.35
| epoch   6 |  5200/ 6526 batches | lr 20.00 | ms/batch 40.66 | loss  4.85 | ppl   127.70
| epoch   6 |  5400/ 6526 batches | lr 20.00 | ms/batch 41.11 | loss  4.78 | ppl   118.73
| epoch   6 |  5600/ 6526 batches | lr 20.00 | ms/batch 40.85 | loss  4.83 | ppl   124.72
| epoch   6 |  5800/ 6526 batches | lr 20.00 | ms/batch 40.71 | loss  4.88 | ppl   131.85
| epoch   6 |  6000/ 6526 batches | lr 20.00 | ms/batch 40.96 | loss  4.73 | ppl   112.99
| epoch   6 |  6200/ 6526 batches | lr 20.00 | ms/batch 39.78 | loss  4.74 | ppl   114.60
| epoch   6 |  6400/ 6526 batches | lr 20.00 | ms/batch 39.58 | loss  4.72 | ppl   112.23
-----------------------------------------------------------------------------------------
| end of epoch   6 | time: 271.99s | valid loss  5.19 | valid ppl   179.95
-----------------------------------------------------------------------------------------
| epoch   7 |   200/ 6526 batches | lr 20.00 | ms/batch 40.67 | loss  4.80 | ppl   121.93
| epoch   7 |   400/ 6526 batches | lr 20.00 | ms/batch 40.80 | loss  4.83 | ppl   125.52
| epoch   7 |   600/ 6526 batches | lr 20.00 | ms/batch 40.81 | loss  4.81 | ppl   122.51
| epoch   7 |   800/ 6526 batches | lr 20.00 | ms/batch 40.94 | loss  4.89 | ppl   132.97
| epoch   7 |  1000/ 6526 batches | lr 20.00 | ms/batch 40.93 | loss  4.77 | ppl   118.25
| epoch   7 |  1200/ 6526 batches | lr 20.00 | ms/batch 39.96 | loss  4.72 | ppl   112.17
| epoch   7 |  1400/ 6526 batches | lr 20.00 | ms/batch 39.58 | loss  4.62 | ppl   101.49
| epoch   7 |  1600/ 6526 batches | lr 20.00 | ms/batch 39.62 | loss  4.72 | ppl   112.63
| epoch   7 |  1800/ 6526 batches | lr 20.00 | ms/batch 40.86 | loss  4.80 | ppl   121.68
| epoch   7 |  2000/ 6526 batches | lr 20.00 | ms/batch 40.75 | loss  4.79 | ppl   119.99
| epoch   7 |  2200/ 6526 batches | lr 20.00 | ms/batch 40.92 | loss  4.74 | ppl   114.51
| epoch   7 |  2400/ 6526 batches | lr 20.00 | ms/batch 40.77 | loss  4.74 | ppl   114.88
| epoch   7 |  2600/ 6526 batches | lr 20.00 | ms/batch 40.72 | loss  4.78 | ppl   118.92
| epoch   7 |  2800/ 6526 batches | lr 20.00 | ms/batch 40.82 | loss  4.86 | ppl   129.27
| epoch   7 |  3000/ 6526 batches | lr 20.00 | ms/batch 41.07 | loss  4.80 | ppl   120.93
| epoch   7 |  3200/ 6526 batches | lr 20.00 | ms/batch 41.07 | loss  4.81 | ppl   122.75
| epoch   7 |  3400/ 6526 batches | lr 20.00 | ms/batch 40.95 | loss  4.93 | ppl   137.74
| epoch   7 |  3600/ 6526 batches | lr 20.00 | ms/batch 39.96 | loss  4.81 | ppl   122.37
| epoch   7 |  3800/ 6526 batches | lr 20.00 | ms/batch 41.05 | loss  4.75 | ppl   115.95
| epoch   7 |  4000/ 6526 batches | lr 20.00 | ms/batch 41.00 | loss  4.80 | ppl   121.62
| epoch   7 |  4200/ 6526 batches | lr 20.00 | ms/batch 41.11 | loss  4.78 | ppl   119.67
| epoch   7 |  4400/ 6526 batches | lr 20.00 | ms/batch 41.27 | loss  4.77 | ppl   118.29
| epoch   7 |  4600/ 6526 batches | lr 20.00 | ms/batch 39.69 | loss  4.74 | ppl   113.96
| epoch   7 |  4800/ 6526 batches | lr 20.00 | ms/batch 39.71 | loss  4.66 | ppl   105.38
| epoch   7 |  5000/ 6526 batches | lr 20.00 | ms/batch 39.71 | loss  4.69 | ppl   108.67
| epoch   7 |  5200/ 6526 batches | lr 20.00 | ms/batch 39.73 | loss  4.80 | ppl   120.98
| epoch   7 |  5400/ 6526 batches | lr 20.00 | ms/batch 41.26 | loss  4.72 | ppl   112.58
| epoch   7 |  5600/ 6526 batches | lr 20.00 | ms/batch 41.33 | loss  4.76 | ppl   116.79
| epoch   7 |  5800/ 6526 batches | lr 20.00 | ms/batch 41.32 | loss  4.84 | ppl   125.91
| epoch   7 |  6000/ 6526 batches | lr 20.00 | ms/batch 41.33 | loss  4.67 | ppl   106.95
| epoch   7 |  6200/ 6526 batches | lr 20.00 | ms/batch 41.34 | loss  4.68 | ppl   108.28
| epoch   7 |  6400/ 6526 batches | lr 20.00 | ms/batch 41.37 | loss  4.67 | ppl   107.08
-----------------------------------------------------------------------------------------
| end of epoch   7 | time: 274.22s | valid loss  5.17 | valid ppl   175.31
-----------------------------------------------------------------------------------------
| epoch   8 |   200/ 6526 batches | lr 20.00 | ms/batch 41.53 | loss  4.76 | ppl   116.67
| epoch   8 |   400/ 6526 batches | lr 20.00 | ms/batch 41.25 | loss  4.77 | ppl   118.01
| epoch   8 |   600/ 6526 batches | lr 20.00 | ms/batch 41.29 | loss  4.75 | ppl   115.55
| epoch   8 |   800/ 6526 batches | lr 20.00 | ms/batch 41.17 | loss  4.83 | ppl   125.56
| epoch   8 |  1000/ 6526 batches | lr 20.00 | ms/batch 40.02 | loss  4.71 | ppl   110.88
| epoch   8 |  1200/ 6526 batches | lr 20.00 | ms/batch 39.71 | loss  4.67 | ppl   106.95
| epoch   8 |  1400/ 6526 batches | lr 20.00 | ms/batch 39.72 | loss  4.56 | ppl    95.93
| epoch   8 |  1600/ 6526 batches | lr 20.00 | ms/batch 39.70 | loss  4.67 | ppl   106.79
| epoch   8 |  1800/ 6526 batches | lr 20.00 | ms/batch 40.48 | loss  4.76 | ppl   116.27
| epoch   8 |  2000/ 6526 batches | lr 20.00 | ms/batch 41.31 | loss  4.73 | ppl   113.66
| epoch   8 |  2200/ 6526 batches | lr 20.00 | ms/batch 41.34 | loss  4.69 | ppl   109.21
| epoch   8 |  2400/ 6526 batches | lr 20.00 | ms/batch 41.04 | loss  4.70 | ppl   110.21
| epoch   8 |  2600/ 6526 batches | lr 20.00 | ms/batch 41.06 | loss  4.72 | ppl   112.68
| epoch   8 |  2800/ 6526 batches | lr 20.00 | ms/batch 40.41 | loss  4.81 | ppl   122.27
| epoch   8 |  3000/ 6526 batches | lr 20.00 | ms/batch 41.34 | loss  4.74 | ppl   114.33
| epoch   8 |  3200/ 6526 batches | lr 20.00 | ms/batch 41.29 | loss  4.76 | ppl   117.02
| epoch   8 |  3400/ 6526 batches | lr 20.00 | ms/batch 41.21 | loss  4.87 | ppl   129.75
| epoch   8 |  3600/ 6526 batches | lr 20.00 | ms/batch 41.10 | loss  4.75 | ppl   115.73
| epoch   8 |  3800/ 6526 batches | lr 20.00 | ms/batch 40.39 | loss  4.71 | ppl   110.87
| epoch   8 |  4000/ 6526 batches | lr 20.00 | ms/batch 41.31 | loss  4.76 | ppl   116.50
| epoch   8 |  4200/ 6526 batches | lr 20.00 | ms/batch 41.28 | loss  4.74 | ppl   114.79
| epoch   8 |  4400/ 6526 batches | lr 20.00 | ms/batch 41.28 | loss  4.73 | ppl   112.94
| epoch   8 |  4600/ 6526 batches | lr 20.00 | ms/batch 41.29 | loss  4.68 | ppl   107.57
| epoch   8 |  4800/ 6526 batches | lr 20.00 | ms/batch 41.33 | loss  4.62 | ppl   101.00
| epoch   8 |  5000/ 6526 batches | lr 20.00 | ms/batch 41.28 | loss  4.65 | ppl   104.50
| epoch   8 |  5200/ 6526 batches | lr 20.00 | ms/batch 41.29 | loss  4.75 | ppl   115.82
| epoch   8 |  5400/ 6526 batches | lr 20.00 | ms/batch 41.28 | loss  4.68 | ppl   107.56
| epoch   8 |  5600/ 6526 batches | lr 20.00 | ms/batch 41.30 | loss  4.72 | ppl   111.99
| epoch   8 |  5800/ 6526 batches | lr 20.00 | ms/batch 41.22 | loss  4.79 | ppl   120.08
| epoch   8 |  6000/ 6526 batches | lr 20.00 | ms/batch 41.19 | loss  4.63 | ppl   102.25
| epoch   8 |  6200/ 6526 batches | lr 20.00 | ms/batch 41.16 | loss  4.66 | ppl   105.34
| epoch   8 |  6400/ 6526 batches | lr 20.00 | ms/batch 41.19 | loss  4.63 | ppl   102.23
-----------------------------------------------------------------------------------------
| end of epoch   8 | time: 276.08s | valid loss  5.14 | valid ppl   169.89
-----------------------------------------------------------------------------------------
| epoch   9 |   200/ 6526 batches | lr 20.00 | ms/batch 41.37 | loss  4.70 | ppl   110.40
| epoch   9 |   400/ 6526 batches | lr 20.00 | ms/batch 41.22 | loss  4.72 | ppl   112.39
| epoch   9 |   600/ 6526 batches | lr 20.00 | ms/batch 41.17 | loss  4.71 | ppl   111.21
| epoch   9 |   800/ 6526 batches | lr 20.00 | ms/batch 41.15 | loss  4.79 | ppl   120.63
| epoch   9 |  1000/ 6526 batches | lr 20.00 | ms/batch 40.99 | loss  4.68 | ppl   107.80
| epoch   9 |  1200/ 6526 batches | lr 20.00 | ms/batch 41.21 | loss  4.63 | ppl   102.78
| epoch   9 |  1400/ 6526 batches | lr 20.00 | ms/batch 41.18 | loss  4.52 | ppl    91.78
| epoch   9 |  1600/ 6526 batches | lr 20.00 | ms/batch 41.16 | loss  4.62 | ppl   101.91
| epoch   9 |  1800/ 6526 batches | lr 20.00 | ms/batch 40.46 | loss  4.72 | ppl   111.61
| epoch   9 |  2000/ 6526 batches | lr 20.00 | ms/batch 39.72 | loss  4.69 | ppl   109.16
| epoch   9 |  2200/ 6526 batches | lr 20.00 | ms/batch 39.73 | loss  4.65 | ppl   104.96
| epoch   9 |  2400/ 6526 batches | lr 20.00 | ms/batch 39.73 | loss  4.66 | ppl   106.14
| epoch   9 |  2600/ 6526 batches | lr 20.00 | ms/batch 39.75 | loss  4.68 | ppl   107.47
| epoch   9 |  2800/ 6526 batches | lr 20.00 | ms/batch 39.74 | loss  4.76 | ppl   116.83
| epoch   9 |  3000/ 6526 batches | lr 20.00 | ms/batch 39.70 | loss  4.70 | ppl   109.51
| epoch   9 |  3200/ 6526 batches | lr 20.00 | ms/batch 39.74 | loss  4.71 | ppl   111.02
| epoch   9 |  3400/ 6526 batches | lr 20.00 | ms/batch 40.95 | loss  4.82 | ppl   123.75
| epoch   9 |  3600/ 6526 batches | lr 20.00 | ms/batch 41.34 | loss  4.71 | ppl   111.34
| epoch   9 |  3800/ 6526 batches | lr 20.00 | ms/batch 41.30 | loss  4.66 | ppl   105.87
| epoch   9 |  4000/ 6526 batches | lr 20.00 | ms/batch 41.19 | loss  4.72 | ppl   112.03
| epoch   9 |  4200/ 6526 batches | lr 20.00 | ms/batch 39.93 | loss  4.70 | ppl   110.22
| epoch   9 |  4400/ 6526 batches | lr 20.00 | ms/batch 39.73 | loss  4.70 | ppl   110.08
| epoch   9 |  4600/ 6526 batches | lr 20.00 | ms/batch 39.67 | loss  4.64 | ppl   104.05
| epoch   9 |  4800/ 6526 batches | lr 20.00 | ms/batch 39.68 | loss  4.57 | ppl    96.15
| epoch   9 |  5000/ 6526 batches | lr 20.00 | ms/batch 39.74 | loss  4.60 | ppl    99.55
| epoch   9 |  5200/ 6526 batches | lr 20.00 | ms/batch 39.73 | loss  4.70 | ppl   110.05
| epoch   9 |  5400/ 6526 batches | lr 20.00 | ms/batch 39.72 | loss  4.63 | ppl   102.68
| epoch   9 |  5600/ 6526 batches | lr 20.00 | ms/batch 41.06 | loss  4.67 | ppl   107.20
| epoch   9 |  5800/ 6526 batches | lr 20.00 | ms/batch 41.30 | loss  4.75 | ppl   115.70
| epoch   9 |  6000/ 6526 batches | lr 20.00 | ms/batch 41.13 | loss  4.59 | ppl    98.32
| epoch   9 |  6200/ 6526 batches | lr 20.00 | ms/batch 41.27 | loss  4.60 | ppl    99.45
| epoch   9 |  6400/ 6526 batches | lr 20.00 | ms/batch 41.34 | loss  4.60 | ppl    99.14
-----------------------------------------------------------------------------------------
| end of epoch   9 | time: 273.19s | valid loss  5.15 | valid ppl   173.18
-----------------------------------------------------------------------------------------
| epoch  10 |   200/ 6526 batches | lr 5.00 | ms/batch 39.93 | loss  4.73 | ppl   112.76
| epoch  10 |   400/ 6526 batches | lr 5.00 | ms/batch 41.03 | loss  4.73 | ppl   113.23
| epoch  10 |   600/ 6526 batches | lr 5.00 | ms/batch 41.32 | loss  4.71 | ppl   111.40
| epoch  10 |   800/ 6526 batches | lr 5.00 | ms/batch 41.20 | loss  4.76 | ppl   117.32
| epoch  10 |  1000/ 6526 batches | lr 5.00 | ms/batch 41.19 | loss  4.65 | ppl   104.83
| epoch  10 |  1200/ 6526 batches | lr 5.00 | ms/batch 41.18 | loss  4.59 | ppl    98.64
| epoch  10 |  1400/ 6526 batches | lr 5.00 | ms/batch 41.14 | loss  4.49 | ppl    88.69
| epoch  10 |  1600/ 6526 batches | lr 5.00 | ms/batch 41.18 | loss  4.59 | ppl    98.28
| epoch  10 |  1800/ 6526 batches | lr 5.00 | ms/batch 41.20 | loss  4.65 | ppl   105.07
| epoch  10 |  2000/ 6526 batches | lr 5.00 | ms/batch 41.17 | loss  4.62 | ppl   101.21
| epoch  10 |  2200/ 6526 batches | lr 5.00 | ms/batch 41.18 | loss  4.58 | ppl    97.34
| epoch  10 |  2400/ 6526 batches | lr 5.00 | ms/batch 40.53 | loss  4.56 | ppl    95.40
| epoch  10 |  2600/ 6526 batches | lr 5.00 | ms/batch 39.65 | loss  4.59 | ppl    98.55
| epoch  10 |  2800/ 6526 batches | lr 5.00 | ms/batch 39.71 | loss  4.66 | ppl   106.12
| epoch  10 |  3000/ 6526 batches | lr 5.00 | ms/batch 39.72 | loss  4.57 | ppl    96.16
| epoch  10 |  3200/ 6526 batches | lr 5.00 | ms/batch 39.73 | loss  4.59 | ppl    98.19
| epoch  10 |  3400/ 6526 batches | lr 5.00 | ms/batch 39.83 | loss  4.69 | ppl   108.52
| epoch  10 |  3600/ 6526 batches | lr 5.00 | ms/batch 41.33 | loss  4.57 | ppl    96.87
| epoch  10 |  3800/ 6526 batches | lr 5.00 | ms/batch 41.33 | loss  4.52 | ppl    91.83
| epoch  10 |  4000/ 6526 batches | lr 5.00 | ms/batch 41.32 | loss  4.57 | ppl    97.00
| epoch  10 |  4200/ 6526 batches | lr 5.00 | ms/batch 41.33 | loss  4.56 | ppl    95.36
| epoch  10 |  4400/ 6526 batches | lr 5.00 | ms/batch 41.11 | loss  4.53 | ppl    92.78
| epoch  10 |  4600/ 6526 batches | lr 5.00 | ms/batch 41.33 | loss  4.46 | ppl    86.49
| epoch  10 |  4800/ 6526 batches | lr 5.00 | ms/batch 41.33 | loss  4.38 | ppl    79.53
| epoch  10 |  5000/ 6526 batches | lr 5.00 | ms/batch 41.31 | loss  4.43 | ppl    83.62
| epoch  10 |  5200/ 6526 batches | lr 5.00 | ms/batch 41.28 | loss  4.51 | ppl    91.16
| epoch  10 |  5400/ 6526 batches | lr 5.00 | ms/batch 41.29 | loss  4.43 | ppl    83.72
| epoch  10 |  5600/ 6526 batches | lr 5.00 | ms/batch 41.24 | loss  4.46 | ppl    86.58
| epoch  10 |  5800/ 6526 batches | lr 5.00 | ms/batch 41.28 | loss  4.54 | ppl    93.42
| epoch  10 |  6000/ 6526 batches | lr 5.00 | ms/batch 41.31 | loss  4.37 | ppl    78.95
| epoch  10 |  6200/ 6526 batches | lr 5.00 | ms/batch 41.29 | loss  4.36 | ppl    78.53
| epoch  10 |  6400/ 6526 batches | lr 5.00 | ms/batch 41.28 | loss  4.34 | ppl    76.64
-----------------------------------------------------------------------------------------
| end of epoch  10 | time: 275.79s | valid loss  5.02 | valid ppl   150.73
-----------------------------------------------------------------------------------------
=========================================================================================
| End of training | test loss  4.95 | test ppl   140.97
=========================================================================================
